<?xml version="1.0" encoding="UTF-8"?>
<coverage generated="1527325041944" clover="3.2.0">
  <project timestamp="1527325041944" name="All files">
    <metrics statements="356" coveredstatements="0" conditionals="1343" coveredconditionals="0" methods="191" coveredmethods="0" elements="1890" coveredelements="0" complexity="0" loc="356" ncloc="356" packages="3" files="4" classes="4">
      <package name="src">
        <metrics statements="49" coveredstatements="0" conditionals="12" coveredconditionals="0" methods="12" coveredmethods="0"/>
        <file name="App.vue" path="/Users/parys/Sites/vue2/vue2-forms/src/App.vue">
          <metrics statements="48" coveredstatements="0" conditionals="12" coveredconditionals="0" methods="12" coveredmethods="0"/>
          <line num="28" count="0" type="stmt"/>
          <line num="29" count="0" type="stmt"/>
          <line num="30" count="0" type="stmt"/>
          <line num="35" count="0" type="stmt"/>
          <line num="36" count="0" type="stmt"/>
          <line num="40" count="0" type="stmt"/>
          <line num="41" count="0" type="stmt"/>
          <line num="44" count="0" type="stmt"/>
          <line num="45" count="0" type="stmt"/>
          <line num="48" count="0" type="stmt"/>
          <line num="50" count="0" type="stmt"/>
          <line num="51" count="0" type="stmt"/>
          <line num="52" count="0" type="stmt"/>
          <line num="54" count="0" type="stmt"/>
          <line num="56" count="0" type="stmt"/>
          <line num="58" count="0" type="stmt"/>
          <line num="59" count="0" type="stmt"/>
          <line num="62" count="0" type="stmt"/>
          <line num="63" count="0" type="stmt"/>
          <line num="66" count="0" type="stmt"/>
          <line num="67" count="0" type="stmt"/>
          <line num="68" count="0" type="cond" truecount="0" falsecount="2"/>
          <line num="69" count="0" type="stmt"/>
          <line num="70" count="0" type="cond" truecount="0" falsecount="2"/>
          <line num="71" count="0" type="cond" truecount="0" falsecount="2"/>
          <line num="72" count="0" type="stmt"/>
          <line num="73" count="0" type="stmt"/>
          <line num="75" count="0" type="stmt"/>
          <line num="76" count="0" type="stmt"/>
          <line num="77" count="0" type="stmt"/>
          <line num="80" count="0" type="stmt"/>
          <line num="85" count="0" type="stmt"/>
          <line num="87" count="0" type="cond" truecount="0" falsecount="2"/>
          <line num="88" count="0" type="stmt"/>
          <line num="89" count="0" type="stmt"/>
          <line num="92" count="0" type="stmt"/>
          <line num="105" count="0" type="cond" truecount="0" falsecount="2"/>
          <line num="106" count="0" type="stmt"/>
          <line num="107" count="0" type="stmt"/>
          <line num="109" count="0" type="stmt"/>
          <line num="110" count="0" type="stmt"/>
          <line num="113" count="0" type="stmt"/>
          <line num="115" count="0" type="stmt"/>
          <line num="116" count="0" type="stmt"/>
          <line num="118" count="0" type="stmt"/>
          <line num="119" count="0" type="stmt"/>
          <line num="122" count="0" type="stmt"/>
          <line num="123" count="0" type="stmt"/>
        </file>
        <file name="data.js" path="/Users/parys/Sites/vue2/vue2-forms/src/data.js">
          <metrics statements="1" coveredstatements="0" conditionals="0" coveredconditionals="0" methods="0" coveredmethods="0"/>
          <line num="1" count="0" type="stmt"/>
        </file>
      </package>
      <package name="src.components">
        <metrics statements="8" coveredstatements="0" conditionals="2" coveredconditionals="0" methods="5" coveredmethods="0"/>
        <file name="FormsSlide.vue" path="/Users/parys/Sites/vue2/vue2-forms/src/components/FormsSlide.vue">
          <metrics statements="8" coveredstatements="0" conditionals="2" coveredconditionals="0" methods="5" coveredmethods="0"/>
          <line num="86" count="0" type="stmt"/>
          <line num="127" count="0" type="stmt"/>
          <line num="128" count="0" type="cond" truecount="0" falsecount="2"/>
          <line num="129" count="0" type="stmt"/>
          <line num="131" count="0" type="stmt"/>
          <line num="132" count="0" type="stmt"/>
          <line num="137" count="0" type="stmt"/>
          <line num="140" count="0" type="stmt"/>
        </file>
      </package>
      <package name="src.vendor.CustomScrollbar.js">
        <metrics statements="299" coveredstatements="0" conditionals="1329" coveredconditionals="0" methods="174" coveredmethods="0"/>
        <file name="mCustomScrollbar.js" path="/Users/parys/Sites/vue2/vue2-forms/src/vendor/CustomScrollbar/js/mCustomScrollbar.js">
          <metrics statements="299" coveredstatements="0" conditionals="1329" coveredconditionals="0" methods="174" coveredmethods="0"/>
          <line num="2" count="0" type="stmt"/>
          <line num="3" count="0" type="cond" truecount="0" falsecount="8"/>
          <line num="6" count="0" type="cond" truecount="0" falsecount="25"/>
          <line num="7" count="0" type="cond" truecount="0" falsecount="2"/>
          <line num="8" count="0" type="stmt"/>
          <line num="9" count="0" type="cond" truecount="0" falsecount="2"/>
          <line num="10" count="0" type="stmt"/>
          <line num="11" count="0" type="cond" truecount="0" falsecount="17"/>
          <line num="12" count="0" type="stmt"/>
          <line num="13" count="0" type="cond" truecount="0" falsecount="4"/>
          <line num="16" count="0" type="stmt"/>
          <line num="18" count="0" type="cond" truecount="0" falsecount="3"/>
          <line num="19" count="0" type="cond" truecount="0" falsecount="6"/>
          <line num="20" count="0" type="cond" truecount="0" falsecount="2"/>
          <line num="22" count="0" type="cond" truecount="0" falsecount="2"/>
          <line num="24" count="0" type="cond" truecount="0" falsecount="7"/>
          <line num="26" count="0" type="stmt"/>
          <line num="27" count="0" type="stmt"/>
          <line num="28" count="0" type="cond" truecount="0" falsecount="2"/>
          <line num="30" count="0" type="stmt"/>
          <line num="32" count="0" type="stmt"/>
          <line num="33" count="0" type="cond" truecount="0" falsecount="8"/>
          <line num="36" count="0" type="cond" truecount="0" falsecount="25"/>
          <line num="37" count="0" type="cond" truecount="0" falsecount="2"/>
          <line num="38" count="0" type="stmt"/>
          <line num="39" count="0" type="cond" truecount="0" falsecount="2"/>
          <line num="40" count="0" type="stmt"/>
          <line num="41" count="0" type="cond" truecount="0" falsecount="17"/>
          <line num="42" count="0" type="stmt"/>
          <line num="43" count="0" type="cond" truecount="0" falsecount="4"/>
          <line num="46" count="0" type="stmt"/>
          <line num="48" count="0" type="cond" truecount="0" falsecount="3"/>
          <line num="49" count="0" type="cond" truecount="0" falsecount="6"/>
          <line num="50" count="0" type="cond" truecount="0" falsecount="2"/>
          <line num="52" count="0" type="cond" truecount="0" falsecount="2"/>
          <line num="54" count="0" type="cond" truecount="0" falsecount="7"/>
          <line num="56" count="0" type="stmt"/>
          <line num="57" count="0" type="stmt"/>
          <line num="58" count="0" type="cond" truecount="0" falsecount="2"/>
          <line num="60" count="0" type="stmt"/>
          <line num="64" count="0" type="stmt"/>
          <line num="65" count="0" type="cond" truecount="0" falsecount="8"/>
          <line num="67" count="0" type="stmt"/>
          <line num="68" count="0" type="cond" truecount="0" falsecount="12"/>
          <line num="70" count="0" type="cond" truecount="0" falsecount="4"/>
          <line num="71" count="0" type="cond" truecount="0" falsecount="2"/>
          <line num="72" count="0" type="cond" truecount="0" falsecount="5"/>
          <line num="73" count="0" type="cond" truecount="0" falsecount="3"/>
          <line num="75" count="0" type="cond" truecount="0" falsecount="17"/>
          <line num="76" count="0" type="cond" truecount="0" falsecount="2"/>
          <line num="77" count="0" type="cond" truecount="0" falsecount="10"/>
          <line num="81" count="0" type="cond" truecount="0" falsecount="2"/>
          <line num="82" count="0" type="cond" truecount="0" falsecount="2"/>
          <line num="83" count="0" type="cond" truecount="0" falsecount="58"/>
          <line num="87" count="0" type="cond" truecount="0" falsecount="4"/>
          <line num="88" count="0" type="stmt"/>
          <line num="89" count="0" type="cond" truecount="0" falsecount="2"/>
          <line num="90" count="0" type="cond" truecount="0" falsecount="8"/>
          <line num="91" count="0" type="cond" truecount="0" falsecount="10"/>
          <line num="97" count="0" type="stmt"/>
          <line num="98" count="0" type="cond" truecount="0" falsecount="2"/>
          <line num="101" count="0" type="stmt"/>
          <line num="102" count="0" type="cond" truecount="0" falsecount="2"/>
          <line num="103" count="0" type="cond" truecount="0" falsecount="2"/>
          <line num="107" count="0" type="stmt"/>
          <line num="108" count="0" type="cond" truecount="0" falsecount="2"/>
          <line num="109" count="0" type="cond" truecount="0" falsecount="4"/>
          <line num="112" count="0" type="stmt"/>
          <line num="113" count="0" type="cond" truecount="0" falsecount="4"/>
          <line num="114" count="0" type="stmt"/>
          <line num="115" count="0" type="cond" truecount="0" falsecount="10"/>
          <line num="116" count="0" type="stmt"/>
          <line num="117" count="0" type="cond" truecount="0" falsecount="2"/>
          <line num="118" count="0" type="stmt"/>
          <line num="119" count="0" type="cond" truecount="0" falsecount="9"/>
          <line num="120" count="0" type="stmt"/>
          <line num="121" count="0" type="cond" truecount="0" falsecount="6"/>
          <line num="122" count="0" type="stmt"/>
          <line num="123" count="0" type="cond" truecount="0" falsecount="33"/>
          <line num="124" count="0" type="stmt"/>
          <line num="125" count="0" type="stmt"/>
          <line num="126" count="0" type="stmt"/>
          <line num="127" count="0" type="cond" truecount="0" falsecount="4"/>
          <line num="128" count="0" type="stmt"/>
          <line num="129" count="0" type="cond" truecount="0" falsecount="4"/>
          <line num="130" count="0" type="cond" truecount="0" falsecount="5"/>
          <line num="132" count="0" type="stmt"/>
          <line num="133" count="0" type="cond" truecount="0" falsecount="8"/>
          <line num="134" count="0" type="stmt"/>
          <line num="135" count="0" type="cond" truecount="0" falsecount="8"/>
          <line num="136" count="0" type="stmt"/>
          <line num="137" count="0" type="stmt"/>
          <line num="138" count="0" type="stmt"/>
          <line num="139" count="0" type="cond" truecount="0" falsecount="10"/>
          <line num="140" count="0" type="stmt"/>
          <line num="141" count="0" type="cond" truecount="0" falsecount="8"/>
          <line num="142" count="0" type="stmt"/>
          <line num="143" count="0" type="cond" truecount="0" falsecount="11"/>
          <line num="144" count="0" type="cond" truecount="0" falsecount="2"/>
          <line num="146" count="0" type="stmt"/>
          <line num="148" count="0" type="stmt"/>
          <line num="149" count="0" type="cond" truecount="0" falsecount="2"/>
          <line num="151" count="0" type="cond" truecount="0" falsecount="2"/>
          <line num="152" count="0" type="cond" truecount="0" falsecount="4"/>
          <line num="153" count="0" type="stmt"/>
          <line num="154" count="0" type="cond" truecount="0" falsecount="6"/>
          <line num="156" count="0" type="stmt"/>
          <line num="157" count="0" type="cond" truecount="0" falsecount="8"/>
          <line num="158" count="0" type="stmt"/>
          <line num="160" count="0" type="stmt"/>
          <line num="161" count="0" type="cond" truecount="0" falsecount="26"/>
          <line num="162" count="0" type="stmt"/>
          <line num="163" count="0" type="cond" truecount="0" falsecount="9"/>
          <line num="164" count="0" type="cond" truecount="0" falsecount="20"/>
          <line num="166" count="0" type="stmt"/>
          <line num="168" count="0" type="cond" truecount="0" falsecount="4"/>
          <line num="169" count="0" type="cond" truecount="0" falsecount="8"/>
          <line num="170" count="0" type="stmt"/>
          <line num="172" count="0" type="cond" truecount="0" falsecount="2"/>
          <line num="173" count="0" type="cond" truecount="0" falsecount="2"/>
          <line num="174" count="0" type="stmt"/>
          <line num="175" count="0" type="cond" truecount="0" falsecount="5"/>
          <line num="178" count="0" type="stmt"/>
          <line num="180" count="0" type="cond" truecount="0" falsecount="2"/>
          <line num="181" count="0" type="cond" truecount="0" falsecount="4"/>
          <line num="184" count="0" type="cond" truecount="0" falsecount="4"/>
          <line num="186" count="0" type="stmt"/>
          <line num="188" count="0" type="cond" truecount="0" falsecount="5"/>
          <line num="190" count="0" type="cond" truecount="0" falsecount="11"/>
          <line num="191" count="0" type="cond" truecount="0" falsecount="28"/>
          <line num="194" count="0" type="cond" truecount="0" falsecount="5"/>
          <line num="196" count="0" type="cond" truecount="0" falsecount="5"/>
          <line num="197" count="0" type="cond" truecount="0" falsecount="2"/>
          <line num="198" count="0" type="cond" truecount="0" falsecount="20"/>
          <line num="202" count="0" type="cond" truecount="0" falsecount="18"/>
          <line num="204" count="0" type="cond" truecount="0" falsecount="2"/>
          <line num="205" count="0" type="cond" truecount="0" falsecount="4"/>
          <line num="206" count="0" type="stmt"/>
          <line num="208" count="0" type="stmt"/>
          <line num="210" count="0" type="stmt"/>
          <line num="212" count="0" type="stmt"/>
          <line num="214" count="0" type="stmt"/>
          <line num="215" count="0" type="cond" truecount="0" falsecount="4"/>
          <line num="216" count="0" type="stmt"/>
          <line num="218" count="0" type="stmt"/>
          <line num="220" count="0" type="stmt"/>
          <line num="224" count="0" type="stmt"/>
          <line num="226" count="0" type="cond" truecount="0" falsecount="6"/>
          <line num="228" count="0" type="cond" truecount="0" falsecount="6"/>
          <line num="229" count="0" type="stmt"/>
          <line num="230" count="0" type="cond" truecount="0" falsecount="3"/>
          <line num="232" count="0" type="cond" truecount="0" falsecount="5"/>
          <line num="233" count="0" type="cond" truecount="0" falsecount="22"/>
          <line num="236" count="0" type="cond" truecount="0" falsecount="4"/>
          <line num="238" count="0" type="stmt"/>
          <line num="240" count="0" type="cond" truecount="0" falsecount="2"/>
          <line num="241" count="0" type="cond" truecount="0" falsecount="47"/>
          <line num="243" count="0" type="cond" truecount="0" falsecount="2"/>
          <line num="244" count="0" type="cond" truecount="0" falsecount="2"/>
          <line num="245" count="0" type="stmt"/>
          <line num="246" count="0" type="cond" truecount="0" falsecount="4"/>
          <line num="247" count="0" type="stmt"/>
          <line num="251" count="0" type="stmt"/>
          <line num="254" count="0" type="stmt"/>
          <line num="255" count="0" type="cond" truecount="0" falsecount="10"/>
          <line num="256" count="0" type="stmt"/>
          <line num="257" count="0" type="cond" truecount="0" falsecount="2"/>
          <line num="258" count="0" type="stmt"/>
          <line num="260" count="0" type="stmt"/>
          <line num="261" count="0" type="stmt"/>
          <line num="262" count="0" type="stmt"/>
          <line num="263" count="0" type="cond" truecount="0" falsecount="2"/>
          <line num="264" count="0" type="stmt"/>
          <line num="265" count="0" type="cond" truecount="0" falsecount="2"/>
          <line num="266" count="0" type="cond" truecount="0" falsecount="2"/>
          <line num="268" count="0" type="stmt"/>
          <line num="269" count="0" type="cond" truecount="0" falsecount="4"/>
          <line num="270" count="0" type="stmt"/>
          <line num="271" count="0" type="stmt"/>
          <line num="272" count="0" type="cond" truecount="0" falsecount="2"/>
          <line num="274" count="0" type="stmt"/>
          <line num="276" count="0" type="cond" truecount="0" falsecount="6"/>
          <line num="277" count="0" type="cond" truecount="0" falsecount="2"/>
          <line num="278" count="0" type="cond" truecount="0" falsecount="4"/>
          <line num="280" count="0" type="cond" truecount="0" falsecount="4"/>
          <line num="281" count="0" type="stmt"/>
          <line num="284" count="0" type="stmt"/>
          <line num="285" count="0" type="stmt"/>
          <line num="286" count="0" type="cond" truecount="0" falsecount="4"/>
          <line num="287" count="0" type="cond" truecount="0" falsecount="15"/>
          <line num="290" count="0" type="stmt"/>
          <line num="291" count="0" type="stmt"/>
          <line num="292" count="0" type="cond" truecount="0" falsecount="3"/>
          <line num="294" count="0" type="stmt"/>
          <line num="295" count="0" type="stmt"/>
          <line num="296" count="0" type="stmt"/>
          <line num="299" count="0" type="stmt"/>
          <line num="300" count="0" type="cond" truecount="0" falsecount="2"/>
          <line num="301" count="0" type="stmt"/>
          <line num="302" count="0" type="cond" truecount="0" falsecount="22"/>
          <line num="306" count="0" type="stmt"/>
          <line num="309" count="0" type="cond" truecount="0" falsecount="3"/>
          <line num="310" count="0" type="stmt"/>
          <line num="311" count="0" type="cond" truecount="0" falsecount="16"/>
          <line num="312" count="0" type="cond" truecount="0" falsecount="12"/>
          <line num="313" count="0" type="cond" truecount="0" falsecount="4"/>
          <line num="314" count="0" type="cond" truecount="0" falsecount="5"/>
          <line num="315" count="0" type="cond" truecount="0" falsecount="8"/>
          <line num="317" count="0" type="cond" truecount="0" falsecount="9"/>
          <line num="318" count="0" type="cond" truecount="0" falsecount="10"/>
          <line num="321" count="0" type="cond" truecount="0" falsecount="2"/>
          <line num="322" count="0" type="stmt"/>
          <line num="323" count="0" type="cond" truecount="0" falsecount="4"/>
          <line num="324" count="0" type="stmt"/>
          <line num="328" count="0" type="stmt"/>
          <line num="330" count="0" type="stmt"/>
          <line num="332" count="0" type="cond" truecount="0" falsecount="39"/>
          <line num="333" count="0" type="stmt"/>
          <line num="336" count="0" type="stmt"/>
          <line num="337" count="0" type="cond" truecount="0" falsecount="4"/>
          <line num="338" count="0" type="cond" truecount="0" falsecount="22"/>
          <line num="340" count="0" type="stmt"/>
          <line num="341" count="0" type="cond" truecount="0" falsecount="24"/>
          <line num="342" count="0" type="stmt"/>
          <line num="343" count="0" type="cond" truecount="0" falsecount="4"/>
          <line num="344" count="0" type="cond" truecount="0" falsecount="12"/>
          <line num="345" count="0" type="cond" truecount="0" falsecount="18"/>
          <line num="346" count="0" type="cond" truecount="0" falsecount="2"/>
          <line num="347" count="0" type="cond" truecount="0" falsecount="16"/>
          <line num="348" count="0" type="cond" truecount="0" falsecount="2"/>
          <line num="349" count="0" type="cond" truecount="0" falsecount="4"/>
          <line num="352" count="0" type="stmt"/>
          <line num="354" count="0" type="cond" truecount="0" falsecount="2"/>
          <line num="355" count="0" type="cond" truecount="0" falsecount="18"/>
          <line num="356" count="0" type="stmt"/>
          <line num="361" count="0" type="stmt"/>
          <line num="362" count="0" type="stmt"/>
          <line num="365" count="0" type="stmt"/>
          <line num="366" count="0" type="cond" truecount="0" falsecount="2"/>
          <line num="368" count="0" type="cond" truecount="0" falsecount="5"/>
          <line num="369" count="0" type="stmt"/>
          <line num="372" count="0" type="stmt"/>
          <line num="373" count="0" type="cond" truecount="0" falsecount="2"/>
          <line num="374" count="0" type="stmt"/>
          <line num="375" count="0" type="stmt"/>
          <line num="376" count="0" type="stmt"/>
          <line num="377" count="0" type="stmt"/>
          <line num="378" count="0" type="stmt"/>
          <line num="380" count="0" type="stmt"/>
          <line num="382" count="0" type="cond" truecount="0" falsecount="3"/>
          <line num="384" count="0" type="cond" truecount="0" falsecount="4"/>
          <line num="386" count="0" type="stmt"/>
          <line num="387" count="0" type="cond" truecount="0" falsecount="23"/>
          <line num="388" count="0" type="cond" truecount="0" falsecount="14"/>
          <line num="389" count="0" type="cond" truecount="0" falsecount="4"/>
          <line num="390" count="0" type="stmt"/>
          <line num="391" count="0" type="cond" truecount="0" falsecount="14"/>
          <line num="392" count="0" type="cond" truecount="0" falsecount="17"/>
          <line num="393" count="0" type="cond" truecount="0" falsecount="6"/>
          <line num="395" count="0" type="cond" truecount="0" falsecount="4"/>
          <line num="397" count="0" type="cond" truecount="0" falsecount="4"/>
          <line num="398" count="0" type="cond" truecount="0" falsecount="4"/>
          <line num="399" count="0" type="cond" truecount="0" falsecount="10"/>
          <line num="404" count="0" type="stmt"/>
          <line num="406" count="0" type="cond" truecount="0" falsecount="12"/>
          <line num="408" count="0" type="cond" truecount="0" falsecount="2"/>
          <line num="410" count="0" type="cond" truecount="0" falsecount="2"/>
          <line num="411" count="0" type="stmt"/>
          <line num="414" count="0" type="cond" truecount="0" falsecount="4"/>
          <line num="416" count="0" type="stmt"/>
          <line num="417" count="0" type="cond" truecount="0" falsecount="18"/>
          <line num="419" count="0" type="cond" truecount="0" falsecount="14"/>
          <line num="420" count="0" type="stmt"/>
          <line num="421" count="0" type="cond" truecount="0" falsecount="10"/>
          <line num="422" count="0" type="stmt"/>
          <line num="423" count="0" type="cond" truecount="0" falsecount="2"/>
          <line num="424" count="0" type="cond" truecount="0" falsecount="4"/>
          <line num="426" count="0" type="stmt"/>
          <line num="427" count="0" type="stmt"/>
          <line num="428" count="0" type="stmt"/>
          <line num="430" count="0" type="stmt"/>
          <line num="432" count="0" type="stmt"/>
          <line num="433" count="0" type="cond" truecount="0" falsecount="2"/>
          <line num="434" count="0" type="stmt"/>
          <line num="435" count="0" type="cond" truecount="0" falsecount="3"/>
          <line num="436" count="0" type="stmt"/>
          <line num="437" count="0" type="cond" truecount="0" falsecount="2"/>
          <line num="438" count="0" type="stmt"/>
          <line num="439" count="0" type="stmt"/>
          <line num="440" count="0" type="stmt"/>
          <line num="442" count="0" type="cond" truecount="0" falsecount="4"/>
          <line num="443" count="0" type="cond" truecount="0" falsecount="2"/>
          <line num="444" count="0" type="stmt"/>
          <line num="445" count="0" type="cond" truecount="0" falsecount="8"/>
          <line num="447" count="0" type="cond" truecount="0" falsecount="8"/>
          <line num="449" count="0" type="cond" truecount="0" falsecount="2"/>
          <line num="450" count="0" type="cond" truecount="0" falsecount="6"/>
          <line num="452" count="0" type="cond" truecount="0" falsecount="12"/>
          <line num="454" count="0" type="cond" truecount="0" falsecount="4"/>
        </file>
      </package>
    </metrics>
  </project>
</coverage>
