{"/Users/parys/Sites/vue2/vue2-forms/src/App.vue": {"path":"/Users/parys/Sites/vue2/vue2-forms/src/App.vue","statementMap":{"0":{"start":{"line":28,"column":0},"end":{"line":null,"column":-1}},"1":{"start":{"line":29,"column":0},"end":{"line":null,"column":-1}},"2":{"start":{"line":30,"column":0},"end":{"line":null,"column":-1}},"3":{"start":{"line":35,"column":0},"end":{"line":null,"column":-1}},"4":{"start":{"line":36,"column":0},"end":{"line":null,"column":-1}},"5":{"start":{"line":40,"column":0},"end":{"line":null,"column":-1}},"6":{"start":{"line":41,"column":0},"end":{"line":null,"column":-1}},"7":{"start":{"line":44,"column":0},"end":{"line":null,"column":-1}},"8":{"start":{"line":45,"column":0},"end":{"line":null,"column":-1}},"9":{"start":{"line":48,"column":0},"end":{"line":null,"column":-1}},"10":{"start":{"line":50,"column":0},"end":{"line":null,"column":-1}},"11":{"start":{"line":51,"column":0},"end":{"line":null,"column":-1}},"12":{"start":{"line":52,"column":0},"end":{"line":null,"column":-1}},"13":{"start":{"line":54,"column":0},"end":{"line":82,"column":0}},"14":{"start":{"line":56,"column":0},"end":{"line":null,"column":-1}},"15":{"start":{"line":58,"column":0},"end":{"line":null,"column":-1}},"16":{"start":{"line":59,"column":0},"end":{"line":null,"column":-1}},"17":{"start":{"line":62,"column":0},"end":{"line":null,"column":-1}},"18":{"start":{"line":63,"column":0},"end":{"line":null,"column":-1}},"19":{"start":{"line":66,"column":0},"end":{"line":null,"column":-1}},"20":{"start":{"line":67,"column":0},"end":{"line":null,"column":-1}},"21":{"start":{"line":68,"column":0},"end":{"line":81,"column":0}},"22":{"start":{"line":69,"column":0},"end":{"line":null,"column":-1}},"23":{"start":{"line":70,"column":0},"end":{"line":81,"column":0}},"24":{"start":{"line":71,"column":0},"end":{"line":78,"column":0}},"25":{"start":{"line":72,"column":0},"end":{"line":null,"column":-1}},"26":{"start":{"line":73,"column":0},"end":{"line":null,"column":-1}},"27":{"start":{"line":75,"column":0},"end":{"line":null,"column":-1}},"28":{"start":{"line":76,"column":0},"end":{"line":null,"column":-1}},"29":{"start":{"line":77,"column":0},"end":{"line":null,"column":-1}},"30":{"start":{"line":80,"column":0},"end":{"line":null,"column":-1}},"31":{"start":{"line":85,"column":0},"end":{"line":null,"column":-1}},"32":{"start":{"line":87,"column":0},"end":{"line":null,"column":-1}},"33":{"start":{"line":88,"column":0},"end":{"line":null,"column":-1}},"34":{"start":{"line":89,"column":0},"end":{"line":null,"column":-1}},"35":{"start":{"line":92,"column":0},"end":{"line":null,"column":-1}},"36":{"start":{"line":105,"column":0},"end":{"line":111,"column":0}},"37":{"start":{"line":106,"column":0},"end":{"line":null,"column":-1}},"38":{"start":{"line":107,"column":0},"end":{"line":null,"column":-1}},"39":{"start":{"line":109,"column":0},"end":{"line":null,"column":-1}},"40":{"start":{"line":110,"column":0},"end":{"line":null,"column":-1}},"41":{"start":{"line":113,"column":0},"end":{"line":null,"column":-1}},"42":{"start":{"line":115,"column":0},"end":{"line":null,"column":-1}},"43":{"start":{"line":116,"column":0},"end":{"line":null,"column":-1}},"44":{"start":{"line":118,"column":0},"end":{"line":null,"column":-1}},"45":{"start":{"line":119,"column":0},"end":{"line":null,"column":-1}},"46":{"start":{"line":122,"column":0},"end":{"line":124,"column":0}},"47":{"start":{"line":123,"column":0},"end":{"line":null,"column":-1}}},"fnMap":{"0":{"name":"data","decl":{"start":{"line":34,"column":0},"end":{"line":null,"column":-1}},"loc":{"start":{"line":34,"column":0},"end":{"line":37,"column":0}}},"1":{"name":"gotoPrevious","decl":{"start":{"line":39,"column":0},"end":{"line":null,"column":-1}},"loc":{"start":{"line":39,"column":0},"end":{"line":42,"column":0}}},"2":{"name":"gotoNext","decl":{"start":{"line":43,"column":0},"end":{"line":null,"column":-1}},"loc":{"start":{"line":43,"column":0},"end":{"line":46,"column":0}}},"3":{"name":"hideButtons","decl":{"start":{"line":47,"column":0},"end":{"line":null,"column":-1}},"loc":{"start":{"line":47,"column":0},"end":{"line":49,"column":0}}},"4":{"name":"initSlideChange","decl":{"start":{"line":50,"column":0},"end":{"line":null,"column":-1}},"loc":{"start":{"line":50,"column":0},"end":{"line":83,"column":0}}},"5":{"name":"(anonymous_7)","decl":{"start":{"line":54,"column":0},"end":{"line":null,"column":-1}},"loc":{"start":{"line":54,"column":0},"end":{"line":82,"column":0}}},"6":{"name":"restart","decl":{"start":{"line":84,"column":0},"end":{"line":null,"column":-1}},"loc":{"start":{"line":84,"column":0},"end":{"line":86,"column":0}}},"7":{"name":"saveAnswer","decl":{"start":{"line":87,"column":0},"end":{"line":null,"column":-1}},"loc":{"start":{"line":87,"column":0},"end":{"line":90,"column":0}}},"8":{"name":"getDefaultData","decl":{"start":{"line":91,"column":0},"end":{"line":null,"column":-1}},"loc":{"start":{"line":91,"column":0},"end":{"line":103,"column":0}}},"9":{"name":"popup","decl":{"start":{"line":104,"column":0},"end":{"line":null,"column":-1}},"loc":{"start":{"line":104,"column":0},"end":{"line":114,"column":0}}},"10":{"name":"hidePopup","decl":{"start":{"line":115,"column":0},"end":{"line":null,"column":-1}},"loc":{"start":{"line":115,"column":0},"end":{"line":125,"column":0}}},"11":{"name":"(anonymous_13)","decl":{"start":{"line":122,"column":0},"end":{"line":null,"column":-1}},"loc":{"start":{"line":122,"column":0},"end":{"line":124,"column":0}}}},"branchMap":{"0":{"loc":{"start":{"line":57,"column":0},"end":{"line":60,"column":0}},"type":"switch","locations":[{"start":{"line":57,"column":0},"end":{"line":60,"column":0}},{"start":{"line":61,"column":0},"end":{"line":64,"column":0}}]},"1":{"loc":{"start":{"line":68,"column":0},"end":{"line":81,"column":0}},"type":"if","locations":[{"start":{"line":68,"column":0},"end":{"line":81,"column":0}},{"start":{"line":68,"column":0},"end":{"line":81,"column":0}}]},"2":{"loc":{"start":{"line":70,"column":0},"end":{"line":81,"column":0}},"type":"if","locations":[{"start":{"line":70,"column":0},"end":{"line":81,"column":0}},{"start":{"line":70,"column":0},"end":{"line":81,"column":0}}]},"3":{"loc":{"start":{"line":71,"column":0},"end":{"line":78,"column":0}},"type":"if","locations":[{"start":{"line":71,"column":0},"end":{"line":78,"column":0}},{"start":{"line":71,"column":0},"end":{"line":78,"column":0}}]},"4":{"loc":{"start":{"line":87,"column":0},"end":{"line":null,"column":-1}},"type":"cond-expr","locations":[{"start":{"line":87,"column":0},"end":{"line":null,"column":-1}},{"start":{"line":87,"column":0},"end":{"line":null,"column":-1}}]},"5":{"loc":{"start":{"line":105,"column":0},"end":{"line":111,"column":0}},"type":"if","locations":[{"start":{"line":105,"column":0},"end":{"line":111,"column":0}},{"start":{"line":105,"column":0},"end":{"line":111,"column":0}}]}},"s":{"0":0,"1":0,"2":0,"3":0,"4":0,"5":0,"6":0,"7":0,"8":0,"9":0,"10":0,"11":0,"12":0,"13":0,"14":0,"15":0,"16":0,"17":0,"18":0,"19":0,"20":0,"21":0,"22":0,"23":0,"24":0,"25":0,"26":0,"27":0,"28":0,"29":0,"30":0,"31":0,"32":0,"33":0,"34":0,"35":0,"36":0,"37":0,"38":0,"39":0,"40":0,"41":0,"42":0,"43":0,"44":0,"45":0,"46":0,"47":0},"f":{"0":0,"1":0,"2":0,"3":0,"4":0,"5":0,"6":0,"7":0,"8":0,"9":0,"10":0,"11":0},"b":{"0":[0,0],"1":[0,0],"2":[0,0],"3":[0,0],"4":[0,0],"5":[0,0]}}
,"/Users/parys/Sites/vue2/vue2-forms/src/data.js": {"path":"/Users/parys/Sites/vue2/vue2-forms/src/data.js","statementMap":{"0":{"start":{"line":1,"column":0},"end":{"line":null,"column":-1}}},"fnMap":{},"branchMap":{},"s":{"0":0},"f":{},"b":{}}
,"/Users/parys/Sites/vue2/vue2-forms/src/components/FormsSlide.vue": {"path":"/Users/parys/Sites/vue2/vue2-forms/src/components/FormsSlide.vue","statementMap":{"0":{"start":{"line":86,"column":0},"end":{"line":null,"column":-1}},"1":{"start":{"line":127,"column":0},"end":{"line":134,"column":0}},"2":{"start":{"line":128,"column":0},"end":{"line":133,"column":0}},"3":{"start":{"line":129,"column":0},"end":{"line":null,"column":-1}},"4":{"start":{"line":131,"column":0},"end":{"line":null,"column":-1}},"5":{"start":{"line":132,"column":0},"end":{"line":null,"column":-1}},"6":{"start":{"line":137,"column":0},"end":{"line":null,"column":-1}},"7":{"start":{"line":140,"column":0},"end":{"line":144,"column":0}}},"fnMap":{"0":{"name":"data","decl":{"start":{"line":85,"column":0},"end":{"line":null,"column":-1}},"loc":{"start":{"line":85,"column":0},"end":{"line":124,"column":0}}},"1":{"name":"submitForm","decl":{"start":{"line":126,"column":0},"end":{"line":null,"column":-1}},"loc":{"start":{"line":126,"column":0},"end":{"line":135,"column":0}}},"2":{"name":"(anonymous_3)","decl":{"start":{"line":127,"column":0},"end":{"line":null,"column":-1}},"loc":{"start":{"line":127,"column":0},"end":{"line":134,"column":0}}},"3":{"name":"resetForm","decl":{"start":{"line":136,"column":0},"end":{"line":null,"column":-1}},"loc":{"start":{"line":136,"column":0},"end":{"line":138,"column":0}}},"4":{"name":"readTerms","decl":{"start":{"line":139,"column":0},"end":{"line":null,"column":-1}},"loc":{"start":{"line":139,"column":0},"end":{"line":147,"column":0}}}},"branchMap":{"0":{"loc":{"start":{"line":128,"column":0},"end":{"line":133,"column":0}},"type":"if","locations":[{"start":{"line":128,"column":0},"end":{"line":133,"column":0}},{"start":{"line":128,"column":0},"end":{"line":133,"column":0}}]}},"s":{"0":0,"1":0,"2":0,"3":0,"4":0,"5":0,"6":0,"7":0},"f":{"0":0,"1":0,"2":0,"3":0,"4":0},"b":{"0":[0,0]}}
,"/Users/parys/Sites/vue2/vue2-forms/src/vendor/CustomScrollbar/js/mCustomScrollbar.js": {"path":"/Users/parys/Sites/vue2/vue2-forms/src/vendor/CustomScrollbar/js/mCustomScrollbar.js","statementMap":{"0":{"start":{"line":2,"column":0},"end":{"line":32,"column":4}},"1":{"start":{"line":3,"column":0},"end":{"line":null,"column":-1}},"2":{"start":{"line":6,"column":6},"end":{"line":6,"column":0}},"3":{"start":{"line":6,"column":25},"end":{"line":6,"column":0}},"4":{"start":{"line":6,"column":49},"end":{"line":6,"column":0}},"5":{"start":{"line":6,"column":54},"end":{"line":6,"column":0}},"6":{"start":{"line":6,"column":59},"end":{"line":6,"column":0}},"7":{"start":{"line":6,"column":64},"end":{"line":6,"column":0}},"8":{"start":{"line":6,"column":69},"end":{"line":6,"column":0}},"9":{"start":{"line":6,"column":74},"end":{"line":6,"column":0}},"10":{"start":{"line":6,"column":77},"end":{"line":14,"column":1}},"11":{"start":{"line":7,"column":0},"end":{"line":11,"column":2}},"12":{"start":{"line":8,"column":6},"end":{"line":8,"column":0}},"13":{"start":{"line":8,"column":46},"end":{"line":null,"column":-1}},"14":{"start":{"line":9,"column":7},"end":{"line":11,"column":2}},"15":{"start":{"line":10,"column":6},"end":{"line":10,"column":0}},"16":{"start":{"line":10,"column":46},"end":{"line":null,"column":-1}},"17":{"start":{"line":11,"column":2},"end":{"line":13,"column":2}},"18":{"start":{"line":12,"column":6},"end":{"line":12,"column":0}},"19":{"start":{"line":12,"column":36},"end":{"line":null,"column":-1}},"20":{"start":{"line":13,"column":2},"end":{"line":null,"column":-1}},"21":{"start":{"line":16,"column":0},"end":{"line":null,"column":-1}},"22":{"start":{"line":18,"column":0},"end":{"line":null,"column":-1}},"23":{"start":{"line":19,"column":14},"end":{"line":19,"column":2}},"24":{"start":{"line":19,"column":82},"end":{"line":19,"column":2}},"25":{"start":{"line":19,"column":198},"end":{"line":19,"column":2}},"26":{"start":{"line":19,"column":221},"end":{"line":19,"column":312}},"27":{"start":{"line":19,"column":243},"end":{"line":19,"column":312}},"28":{"start":{"line":19,"column":267},"end":{"line":19,"column":243}},"29":{"start":{"line":19,"column":318},"end":{"line":19,"column":312}},"30":{"start":{"line":20,"column":0},"end":{"line":20,"column":116}},"31":{"start":{"line":20,"column":27},"end":{"line":20,"column":0}},"32":{"start":{"line":20,"column":52},"end":{"line":20,"column":27}},"33":{"start":{"line":20,"column":95},"end":{"line":20,"column":116}},"34":{"start":{"line":20,"column":116},"end":{"line":null,"column":-1}},"35":{"start":{"line":22,"column":0},"end":{"line":22,"column":125}},"36":{"start":{"line":22,"column":30},"end":{"line":22,"column":0}},"37":{"start":{"line":22,"column":55},"end":{"line":22,"column":30}},"38":{"start":{"line":22,"column":101},"end":{"line":22,"column":125}},"39":{"start":{"line":22,"column":125},"end":{"line":null,"column":-1}},"40":{"start":{"line":24,"column":6},"end":{"line":24,"column":0}},"41":{"start":{"line":24,"column":14},"end":{"line":24,"column":0}},"42":{"start":{"line":24,"column":66},"end":{"line":null,"column":-1}},"43":{"start":{"line":26,"column":0},"end":{"line":null,"column":-1}},"44":{"start":{"line":27,"column":58},"end":{"line":null,"column":-1}},"45":{"start":{"line":28,"column":0},"end":{"line":null,"column":-1}},"46":{"start":{"line":30,"column":0},"end":{"line":null,"column":-1}},"47":{"start":{"line":32,"column":4},"end":{"line":null,"column":-1}},"48":{"start":{"line":33,"column":0},"end":{"line":null,"column":-1}},"49":{"start":{"line":36,"column":6},"end":{"line":36,"column":0}},"50":{"start":{"line":36,"column":25},"end":{"line":36,"column":0}},"51":{"start":{"line":36,"column":49},"end":{"line":36,"column":0}},"52":{"start":{"line":36,"column":54},"end":{"line":36,"column":0}},"53":{"start":{"line":36,"column":59},"end":{"line":36,"column":0}},"54":{"start":{"line":36,"column":64},"end":{"line":36,"column":0}},"55":{"start":{"line":36,"column":69},"end":{"line":36,"column":0}},"56":{"start":{"line":36,"column":74},"end":{"line":36,"column":0}},"57":{"start":{"line":36,"column":77},"end":{"line":44,"column":1}},"58":{"start":{"line":37,"column":0},"end":{"line":41,"column":2}},"59":{"start":{"line":38,"column":6},"end":{"line":38,"column":0}},"60":{"start":{"line":38,"column":46},"end":{"line":null,"column":-1}},"61":{"start":{"line":39,"column":7},"end":{"line":41,"column":2}},"62":{"start":{"line":40,"column":6},"end":{"line":40,"column":0}},"63":{"start":{"line":40,"column":46},"end":{"line":null,"column":-1}},"64":{"start":{"line":41,"column":2},"end":{"line":43,"column":2}},"65":{"start":{"line":42,"column":6},"end":{"line":42,"column":0}},"66":{"start":{"line":42,"column":36},"end":{"line":null,"column":-1}},"67":{"start":{"line":43,"column":2},"end":{"line":null,"column":-1}},"68":{"start":{"line":46,"column":0},"end":{"line":null,"column":-1}},"69":{"start":{"line":48,"column":0},"end":{"line":null,"column":-1}},"70":{"start":{"line":49,"column":14},"end":{"line":49,"column":2}},"71":{"start":{"line":49,"column":82},"end":{"line":49,"column":2}},"72":{"start":{"line":49,"column":198},"end":{"line":49,"column":2}},"73":{"start":{"line":49,"column":221},"end":{"line":49,"column":312}},"74":{"start":{"line":49,"column":243},"end":{"line":49,"column":312}},"75":{"start":{"line":49,"column":267},"end":{"line":49,"column":243}},"76":{"start":{"line":49,"column":318},"end":{"line":49,"column":312}},"77":{"start":{"line":50,"column":0},"end":{"line":50,"column":116}},"78":{"start":{"line":50,"column":27},"end":{"line":50,"column":0}},"79":{"start":{"line":50,"column":52},"end":{"line":50,"column":27}},"80":{"start":{"line":50,"column":95},"end":{"line":50,"column":116}},"81":{"start":{"line":50,"column":116},"end":{"line":null,"column":-1}},"82":{"start":{"line":52,"column":0},"end":{"line":52,"column":125}},"83":{"start":{"line":52,"column":30},"end":{"line":52,"column":0}},"84":{"start":{"line":52,"column":55},"end":{"line":52,"column":30}},"85":{"start":{"line":52,"column":101},"end":{"line":52,"column":125}},"86":{"start":{"line":52,"column":125},"end":{"line":null,"column":-1}},"87":{"start":{"line":54,"column":6},"end":{"line":54,"column":0}},"88":{"start":{"line":54,"column":14},"end":{"line":54,"column":0}},"89":{"start":{"line":54,"column":66},"end":{"line":null,"column":-1}},"90":{"start":{"line":56,"column":0},"end":{"line":null,"column":-1}},"91":{"start":{"line":57,"column":58},"end":{"line":null,"column":-1}},"92":{"start":{"line":58,"column":0},"end":{"line":null,"column":-1}},"93":{"start":{"line":60,"column":0},"end":{"line":null,"column":-1}},"94":{"start":{"line":64,"column":0},"end":{"line":null,"column":-1}},"95":{"start":{"line":65,"column":0},"end":{"line":null,"column":-1}},"96":{"start":{"line":67,"column":0},"end":{"line":null,"column":-1}},"97":{"start":{"line":68,"column":6},"end":{"line":68,"column":0}},"98":{"start":{"line":68,"column":47},"end":{"line":68,"column":0}},"99":{"start":{"line":68,"column":93},"end":{"line":68,"column":0}},"100":{"start":{"line":68,"column":150},"end":{"line":68,"column":0}},"101":{"start":{"line":68,"column":234},"end":{"line":null,"column":-1}},"102":{"start":{"line":70,"column":9},"end":{"line":70,"column":0}},"103":{"start":{"line":70,"column":31},"end":{"line":70,"column":0}},"104":{"start":{"line":70,"column":40},"end":{"line":70,"column":0}},"105":{"start":{"line":70,"column":63},"end":{"line":70,"column":0}},"106":{"start":{"line":70,"column":857},"end":{"line":70,"column":0}},"107":{"start":{"line":70,"column":862},"end":{"line":70,"column":0}},"108":{"start":{"line":70,"column":868},"end":{"line":70,"column":0}},"109":{"start":{"line":70,"column":920},"end":{"line":70,"column":0}},"110":{"start":{"line":70,"column":926},"end":{"line":70,"column":0}},"111":{"start":{"line":70,"column":1258},"end":{"line":70,"column":0}},"112":{"start":{"line":71,"column":6},"end":{"line":71,"column":0}},"113":{"start":{"line":71,"column":32},"end":{"line":71,"column":0}},"114":{"start":{"line":71,"column":46},"end":{"line":75,"column":13}},"115":{"start":{"line":72,"column":6},"end":{"line":72,"column":0}},"116":{"start":{"line":72,"column":42},"end":{"line":72,"column":0}},"117":{"start":{"line":72,"column":48},"end":{"line":72,"column":86}},"118":{"start":{"line":72,"column":68},"end":{"line":72,"column":86}},"119":{"start":{"line":72,"column":86},"end":{"line":null,"column":-1}},"120":{"start":{"line":73,"column":0},"end":{"line":null,"column":-1}},"121":{"start":{"line":75,"column":7},"end":{"line":75,"column":13}},"122":{"start":{"line":75,"column":13},"end":{"line":null,"column":-1}},"123":{"start":{"line":76,"column":6},"end":{"line":76,"column":0}},"124":{"start":{"line":76,"column":15},"end":{"line":78,"column":1}},"125":{"start":{"line":77,"column":0},"end":{"line":77,"column":296}},"126":{"start":{"line":77,"column":302},"end":{"line":77,"column":296}},"127":{"start":{"line":77,"column":315},"end":{"line":77,"column":296}},"128":{"start":{"line":77,"column":324},"end":{"line":77,"column":296}},"129":{"start":{"line":77,"column":346},"end":{"line":77,"column":296}},"130":{"start":{"line":77,"column":382},"end":{"line":77,"column":296}},"131":{"start":{"line":77,"column":403},"end":{"line":null,"column":-1}},"132":{"start":{"line":81,"column":6},"end":{"line":81,"column":0}},"133":{"start":{"line":81,"column":23},"end":{"line":null,"column":-1}},"134":{"start":{"line":82,"column":6},"end":{"line":82,"column":0}},"135":{"start":{"line":82,"column":15},"end":{"line":84,"column":1}},"136":{"start":{"line":83,"column":6},"end":{"line":83,"column":0}},"137":{"start":{"line":83,"column":19},"end":{"line":83,"column":0}},"138":{"start":{"line":83,"column":28},"end":{"line":83,"column":0}},"139":{"start":{"line":83,"column":62},"end":{"line":83,"column":0}},"140":{"start":{"line":83,"column":83},"end":{"line":83,"column":0}},"141":{"start":{"line":83,"column":165},"end":{"line":83,"column":188}},"142":{"start":{"line":83,"column":180},"end":{"line":83,"column":188}},"143":{"start":{"line":83,"column":188},"end":{"line":83,"column":688}},"144":{"start":{"line":83,"column":694},"end":{"line":83,"column":688}},"145":{"start":{"line":83,"column":749},"end":{"line":null,"column":-1}},"146":{"start":{"line":87,"column":0},"end":{"line":95,"column":1}},"147":{"start":{"line":88,"column":6},"end":{"line":88,"column":0}},"148":{"start":{"line":88,"column":20},"end":{"line":null,"column":-1}},"149":{"start":{"line":89,"column":6},"end":{"line":89,"column":0}},"150":{"start":{"line":89,"column":15},"end":{"line":93,"column":1}},"151":{"start":{"line":90,"column":6},"end":{"line":90,"column":0}},"152":{"start":{"line":90,"column":19},"end":{"line":90,"column":0}},"153":{"start":{"line":90,"column":28},"end":{"line":90,"column":0}},"154":{"start":{"line":90,"column":203},"end":{"line":90,"column":0}},"155":{"start":{"line":90,"column":229},"end":{"line":90,"column":0}},"156":{"start":{"line":90,"column":248},"end":{"line":90,"column":0}},"157":{"start":{"line":90,"column":306},"end":{"line":null,"column":-1}},"158":{"start":{"line":91,"column":0},"end":{"line":null,"column":-1}},"159":{"start":{"line":97,"column":6},"end":{"line":97,"column":0}},"160":{"start":{"line":97,"column":20},"end":{"line":null,"column":-1}},"161":{"start":{"line":98,"column":6},"end":{"line":98,"column":0}},"162":{"start":{"line":98,"column":15},"end":{"line":null,"column":-1}},"163":{"start":{"line":101,"column":6},"end":{"line":101,"column":0}},"164":{"start":{"line":101,"column":20},"end":{"line":null,"column":-1}},"165":{"start":{"line":102,"column":6},"end":{"line":102,"column":0}},"166":{"start":{"line":102,"column":15},"end":{"line":104,"column":1}},"167":{"start":{"line":103,"column":0},"end":{"line":103,"column":11}},"168":{"start":{"line":103,"column":11},"end":{"line":null,"column":-1}},"169":{"start":{"line":107,"column":6},"end":{"line":107,"column":0}},"170":{"start":{"line":107,"column":20},"end":{"line":null,"column":-1}},"171":{"start":{"line":108,"column":6},"end":{"line":108,"column":0}},"172":{"start":{"line":108,"column":15},"end":{"line":110,"column":1}},"173":{"start":{"line":109,"column":6},"end":{"line":109,"column":0}},"174":{"start":{"line":109,"column":19},"end":{"line":109,"column":0}},"175":{"start":{"line":109,"column":28},"end":{"line":109,"column":0}},"176":{"start":{"line":109,"column":49},"end":{"line":109,"column":0}},"177":{"start":{"line":109,"column":83},"end":{"line":109,"column":0}},"178":{"start":{"line":109,"column":115},"end":{"line":null,"column":-1}},"179":{"start":{"line":112,"column":6},"end":{"line":70,"column":0}},"180":{"start":{"line":113,"column":0},"end":{"line":null,"column":-1}},"181":{"start":{"line":114,"column":5},"end":{"line":70,"column":0}},"182":{"start":{"line":115,"column":6},"end":{"line":115,"column":0}},"183":{"start":{"line":115,"column":74},"end":{"line":115,"column":0}},"184":{"start":{"line":115,"column":238},"end":{"line":115,"column":0}},"185":{"start":{"line":115,"column":269},"end":{"line":115,"column":0}},"186":{"start":{"line":115,"column":300},"end":{"line":115,"column":0}},"187":{"start":{"line":115,"column":329},"end":{"line":null,"column":-1}},"188":{"start":{"line":116,"column":5},"end":{"line":70,"column":0}},"189":{"start":{"line":117,"column":0},"end":{"line":null,"column":-1}},"190":{"start":{"line":118,"column":5},"end":{"line":70,"column":0}},"191":{"start":{"line":119,"column":0},"end":{"line":null,"column":-1}},"192":{"start":{"line":120,"column":5},"end":{"line":70,"column":0}},"193":{"start":{"line":121,"column":0},"end":{"line":null,"column":-1}},"194":{"start":{"line":122,"column":5},"end":{"line":70,"column":0}},"195":{"start":{"line":123,"column":6},"end":{"line":123,"column":0}},"196":{"start":{"line":123,"column":17},"end":{"line":123,"column":0}},"197":{"start":{"line":123,"column":30},"end":{"line":123,"column":0}},"198":{"start":{"line":123,"column":39},"end":{"line":123,"column":0}},"199":{"start":{"line":123,"column":86},"end":{"line":123,"column":0}},"200":{"start":{"line":123,"column":808},"end":{"line":123,"column":0}},"201":{"start":{"line":123,"column":899},"end":{"line":123,"column":0}},"202":{"start":{"line":123,"column":949},"end":{"line":123,"column":0}},"203":{"start":{"line":123,"column":1052},"end":{"line":123,"column":0}},"204":{"start":{"line":123,"column":1087},"end":{"line":123,"column":0}},"205":{"start":{"line":123,"column":1132},"end":{"line":123,"column":1564}},"206":{"start":{"line":123,"column":1570},"end":{"line":123,"column":1564}},"207":{"start":{"line":123,"column":1591},"end":{"line":123,"column":1564}},"208":{"start":{"line":123,"column":1623},"end":{"line":123,"column":1923}},"209":{"start":{"line":123,"column":1929},"end":{"line":123,"column":1923}},"210":{"start":{"line":123,"column":2011},"end":{"line":null,"column":-1}},"211":{"start":{"line":124,"column":5},"end":{"line":70,"column":0}},"212":{"start":{"line":125,"column":6},"end":{"line":125,"column":0}},"213":{"start":{"line":126,"column":0},"end":{"line":null,"column":-1}},"214":{"start":{"line":127,"column":14},"end":{"line":125,"column":0}},"215":{"start":{"line":127,"column":34},"end":{"line":null,"column":-1}},"216":{"start":{"line":128,"column":5},"end":{"line":70,"column":0}},"217":{"start":{"line":129,"column":6},"end":{"line":129,"column":0}},"218":{"start":{"line":129,"column":17},"end":{"line":129,"column":0}},"219":{"start":{"line":129,"column":30},"end":{"line":129,"column":0}},"220":{"start":{"line":129,"column":39},"end":{"line":129,"column":0}},"221":{"start":{"line":129,"column":71},"end":{"line":131,"column":1}},"222":{"start":{"line":130,"column":0},"end":{"line":130,"column":66}},"223":{"start":{"line":130,"column":72},"end":{"line":130,"column":66}},"224":{"start":{"line":130,"column":101},"end":{"line":null,"column":-1}},"225":{"start":{"line":132,"column":5},"end":{"line":70,"column":0}},"226":{"start":{"line":133,"column":6},"end":{"line":133,"column":0}},"227":{"start":{"line":133,"column":17},"end":{"line":133,"column":0}},"228":{"start":{"line":133,"column":30},"end":{"line":133,"column":0}},"229":{"start":{"line":133,"column":39},"end":{"line":133,"column":0}},"230":{"start":{"line":133,"column":79},"end":{"line":133,"column":0}},"231":{"start":{"line":133,"column":158},"end":{"line":133,"column":0}},"232":{"start":{"line":133,"column":346},"end":{"line":133,"column":0}},"233":{"start":{"line":133,"column":408},"end":{"line":null,"column":-1}},"234":{"start":{"line":134,"column":5},"end":{"line":70,"column":0}},"235":{"start":{"line":135,"column":6},"end":{"line":135,"column":0}},"236":{"start":{"line":135,"column":17},"end":{"line":135,"column":0}},"237":{"start":{"line":135,"column":30},"end":{"line":135,"column":0}},"238":{"start":{"line":135,"column":51},"end":{"line":135,"column":0}},"239":{"start":{"line":135,"column":85},"end":{"line":135,"column":0}},"240":{"start":{"line":135,"column":169},"end":{"line":135,"column":0}},"241":{"start":{"line":135,"column":231},"end":{"line":135,"column":0}},"242":{"start":{"line":135,"column":383},"end":{"line":135,"column":0}},"243":{"start":{"line":135,"column":409},"end":{"line":135,"column":0}},"244":{"start":{"line":135,"column":433},"end":{"line":null,"column":-1}},"245":{"start":{"line":136,"column":5},"end":{"line":70,"column":0}},"246":{"start":{"line":137,"column":6},"end":{"line":137,"column":0}},"247":{"start":{"line":137,"column":17},"end":{"line":137,"column":0}},"248":{"start":{"line":137,"column":30},"end":{"line":137,"column":0}},"249":{"start":{"line":137,"column":51},"end":{"line":137,"column":0}},"250":{"start":{"line":137,"column":85},"end":{"line":137,"column":0}},"251":{"start":{"line":137,"column":169},"end":{"line":137,"column":0}},"252":{"start":{"line":137,"column":231},"end":{"line":137,"column":0}},"253":{"start":{"line":137,"column":321},"end":{"line":null,"column":-1}},"254":{"start":{"line":138,"column":5},"end":{"line":70,"column":0}},"255":{"start":{"line":139,"column":6},"end":{"line":139,"column":0}},"256":{"start":{"line":139,"column":31},"end":{"line":139,"column":0}},"257":{"start":{"line":139,"column":63},"end":{"line":null,"column":-1}},"258":{"start":{"line":140,"column":5},"end":{"line":70,"column":0}},"259":{"start":{"line":141,"column":6},"end":{"line":141,"column":0}},"260":{"start":{"line":141,"column":17},"end":{"line":141,"column":0}},"261":{"start":{"line":141,"column":30},"end":{"line":141,"column":0}},"262":{"start":{"line":141,"column":51},"end":{"line":141,"column":0}},"263":{"start":{"line":141,"column":85},"end":{"line":141,"column":0}},"264":{"start":{"line":141,"column":136},"end":{"line":141,"column":0}},"265":{"start":{"line":141,"column":185},"end":{"line":141,"column":0}},"266":{"start":{"line":141,"column":206},"end":{"line":141,"column":0}},"267":{"start":{"line":141,"column":224},"end":{"line":null,"column":-1}},"268":{"start":{"line":142,"column":5},"end":{"line":70,"column":0}},"269":{"start":{"line":143,"column":6},"end":{"line":143,"column":0}},"270":{"start":{"line":143,"column":17},"end":{"line":143,"column":0}},"271":{"start":{"line":143,"column":30},"end":{"line":143,"column":0}},"272":{"start":{"line":143,"column":39},"end":{"line":143,"column":0}},"273":{"start":{"line":143,"column":60},"end":{"line":143,"column":0}},"274":{"start":{"line":143,"column":94},"end":{"line":143,"column":0}},"275":{"start":{"line":143,"column":176},"end":{"line":145,"column":1}},"276":{"start":{"line":144,"column":6},"end":{"line":144,"column":0}},"277":{"start":{"line":144,"column":12},"end":{"line":null,"column":-1}},"278":{"start":{"line":146,"column":5},"end":{"line":70,"column":0}},"279":{"start":{"line":148,"column":0},"end":{"line":null,"column":-1}},"280":{"start":{"line":149,"column":0},"end":{"line":null,"column":-1}},"281":{"start":{"line":151,"column":8},"end":{"line":151,"column":2}},"282":{"start":{"line":151,"column":19},"end":{"line":151,"column":2}},"283":{"start":{"line":151,"column":32},"end":{"line":151,"column":2}},"284":{"start":{"line":151,"column":39},"end":{"line":155,"column":1}},"285":{"start":{"line":152,"column":0},"end":{"line":154,"column":1}},"286":{"start":{"line":153,"column":7},"end":{"line":null,"column":-1}},"287":{"start":{"line":154,"column":1},"end":{"line":null,"column":-1}},"288":{"start":{"line":156,"column":5},"end":{"line":70,"column":0}},"289":{"start":{"line":157,"column":6},"end":{"line":157,"column":0}},"290":{"start":{"line":157,"column":17},"end":{"line":157,"column":0}},"291":{"start":{"line":157,"column":30},"end":{"line":157,"column":0}},"292":{"start":{"line":157,"column":39},"end":{"line":157,"column":0}},"293":{"start":{"line":157,"column":54},"end":{"line":157,"column":0}},"294":{"start":{"line":157,"column":85},"end":{"line":157,"column":0}},"295":{"start":{"line":157,"column":262},"end":{"line":157,"column":0}},"296":{"start":{"line":157,"column":294},"end":{"line":null,"column":-1}},"297":{"start":{"line":158,"column":0},"end":{"line":null,"column":-1}},"298":{"start":{"line":160,"column":5},"end":{"line":70,"column":0}},"299":{"start":{"line":161,"column":6},"end":{"line":161,"column":0}},"300":{"start":{"line":161,"column":17},"end":{"line":161,"column":0}},"301":{"start":{"line":161,"column":30},"end":{"line":161,"column":0}},"302":{"start":{"line":161,"column":39},"end":{"line":161,"column":0}},"303":{"start":{"line":161,"column":81},"end":{"line":161,"column":0}},"304":{"start":{"line":161,"column":126},"end":{"line":161,"column":0}},"305":{"start":{"line":161,"column":214},"end":{"line":161,"column":0}},"306":{"start":{"line":161,"column":272},"end":{"line":null,"column":-1}},"307":{"start":{"line":162,"column":5},"end":{"line":70,"column":0}},"308":{"start":{"line":163,"column":6},"end":{"line":163,"column":0}},"309":{"start":{"line":163,"column":16},"end":{"line":163,"column":0}},"310":{"start":{"line":163,"column":141},"end":{"line":163,"column":0}},"311":{"start":{"line":163,"column":289},"end":{"line":null,"column":-1}},"312":{"start":{"line":164,"column":122},"end":{"line":164,"column":254}},"313":{"start":{"line":164,"column":314},"end":{"line":164,"column":308}},"314":{"start":{"line":164,"column":379},"end":{"line":164,"column":308}},"315":{"start":{"line":164,"column":450},"end":{"line":164,"column":544}},"316":{"start":{"line":164,"column":553},"end":{"line":163,"column":289}},"317":{"start":{"line":166,"column":5},"end":{"line":70,"column":0}},"318":{"start":{"line":168,"column":0},"end":{"line":168,"column":175}},"319":{"start":{"line":168,"column":73},"end":{"line":168,"column":67}},"320":{"start":{"line":168,"column":80},"end":{"line":168,"column":67}},"321":{"start":{"line":168,"column":130},"end":{"line":168,"column":124}},"322":{"start":{"line":168,"column":137},"end":{"line":168,"column":124}},"323":{"start":{"line":168,"column":175},"end":{"line":null,"column":-1}},"324":{"start":{"line":169,"column":17},"end":{"line":169,"column":2}},"325":{"start":{"line":169,"column":28},"end":{"line":169,"column":2}},"326":{"start":{"line":169,"column":41},"end":{"line":169,"column":2}},"327":{"start":{"line":169,"column":50},"end":{"line":169,"column":2}},"328":{"start":{"line":169,"column":65},"end":{"line":169,"column":2}},"329":{"start":{"line":169,"column":141},"end":{"line":169,"column":2}},"330":{"start":{"line":169,"column":175},"end":{"line":169,"column":2}},"331":{"start":{"line":169,"column":200},"end":{"line":169,"column":2}},"332":{"start":{"line":169,"column":289},"end":{"line":169,"column":2}},"333":{"start":{"line":169,"column":412},"end":{"line":null,"column":-1}},"334":{"start":{"line":170,"column":0},"end":{"line":null,"column":-1}},"335":{"start":{"line":172,"column":0},"end":{"line":176,"column":1}},"336":{"start":{"line":173,"column":0},"end":{"line":175,"column":36}},"337":{"start":{"line":174,"column":0},"end":{"line":null,"column":-1}},"338":{"start":{"line":175,"column":42},"end":{"line":175,"column":36}},"339":{"start":{"line":175,"column":56},"end":{"line":175,"column":36}},"340":{"start":{"line":175,"column":73},"end":{"line":175,"column":36}},"341":{"start":{"line":175,"column":91},"end":{"line":175,"column":36}},"342":{"start":{"line":175,"column":111},"end":{"line":175,"column":36}},"343":{"start":{"line":175,"column":129},"end":{"line":null,"column":-1}},"344":{"start":{"line":178,"column":0},"end":{"line":178,"column":50}},"345":{"start":{"line":178,"column":56},"end":{"line":178,"column":50}},"346":{"start":{"line":178,"column":70},"end":{"line":178,"column":50}},"347":{"start":{"line":178,"column":87},"end":{"line":178,"column":50}},"348":{"start":{"line":178,"column":103},"end":{"line":null,"column":-1}},"349":{"start":{"line":180,"column":0},"end":{"line":182,"column":1}},"350":{"start":{"line":181,"column":6},"end":{"line":181,"column":0}},"351":{"start":{"line":181,"column":20},"end":{"line":181,"column":0}},"352":{"start":{"line":181,"column":37},"end":{"line":181,"column":0}},"353":{"start":{"line":181,"column":53},"end":{"line":181,"column":79}},"354":{"start":{"line":181,"column":71},"end":{"line":181,"column":79}},"355":{"start":{"line":181,"column":79},"end":{"line":null,"column":-1}},"356":{"start":{"line":184,"column":0},"end":{"line":null,"column":-1}},"357":{"start":{"line":186,"column":5},"end":{"line":70,"column":0}},"358":{"start":{"line":188,"column":0},"end":{"line":188,"column":42}},"359":{"start":{"line":188,"column":24},"end":{"line":188,"column":42}},"360":{"start":{"line":188,"column":42},"end":{"line":188,"column":97}},"361":{"start":{"line":188,"column":103},"end":{"line":188,"column":97}},"362":{"start":{"line":188,"column":115},"end":{"line":null,"column":-1}},"363":{"start":{"line":190,"column":0},"end":{"line":192,"column":1}},"364":{"start":{"line":191,"column":0},"end":{"line":191,"column":7}},"365":{"start":{"line":191,"column":13},"end":{"line":191,"column":7}},"366":{"start":{"line":191,"column":27},"end":{"line":191,"column":7}},"367":{"start":{"line":191,"column":44},"end":{"line":191,"column":7}},"368":{"start":{"line":191,"column":62},"end":{"line":191,"column":7}},"369":{"start":{"line":191,"column":78},"end":{"line":191,"column":288}},"370":{"start":{"line":191,"column":185},"end":{"line":191,"column":179}},"371":{"start":{"line":191,"column":225},"end":{"line":191,"column":179}},"372":{"start":{"line":191,"column":288},"end":{"line":191,"column":416}},"373":{"start":{"line":191,"column":315},"end":{"line":191,"column":309}},"374":{"start":{"line":191,"column":353},"end":{"line":191,"column":309}},"375":{"start":{"line":191,"column":416},"end":{"line":null,"column":-1}},"376":{"start":{"line":194,"column":0},"end":{"line":194,"column":42}},"377":{"start":{"line":194,"column":24},"end":{"line":194,"column":42}},"378":{"start":{"line":194,"column":42},"end":{"line":194,"column":90}},"379":{"start":{"line":194,"column":96},"end":{"line":194,"column":90}},"380":{"start":{"line":194,"column":108},"end":{"line":null,"column":-1}},"381":{"start":{"line":196,"column":0},"end":{"line":200,"column":1}},"382":{"start":{"line":197,"column":0},"end":{"line":197,"column":52}},"383":{"start":{"line":197,"column":58},"end":{"line":197,"column":52}},"384":{"start":{"line":197,"column":72},"end":{"line":197,"column":52}},"385":{"start":{"line":197,"column":89},"end":{"line":197,"column":52}},"386":{"start":{"line":197,"column":105},"end":{"line":199,"column":1}},"387":{"start":{"line":198,"column":0},"end":{"line":198,"column":13}},"388":{"start":{"line":198,"column":19},"end":{"line":198,"column":13}},"389":{"start":{"line":198,"column":35},"end":{"line":198,"column":13}},"390":{"start":{"line":198,"column":44},"end":{"line":198,"column":13}},"391":{"start":{"line":198,"column":85},"end":{"line":198,"column":118}},"392":{"start":{"line":198,"column":124},"end":{"line":198,"column":118}},"393":{"start":{"line":198,"column":158},"end":{"line":198,"column":207}},"394":{"start":{"line":198,"column":213},"end":{"line":198,"column":207}},"395":{"start":{"line":198,"column":316},"end":{"line":198,"column":437}},"396":{"start":{"line":198,"column":443},"end":{"line":198,"column":437}},"397":{"start":{"line":198,"column":478},"end":{"line":null,"column":-1}},"398":{"start":{"line":202,"column":6},"end":{"line":202,"column":0}},"399":{"start":{"line":202,"column":32},"end":{"line":null,"column":-1}},"400":{"start":{"line":204,"column":0},"end":{"line":null,"column":-1}},"401":{"start":{"line":205,"column":50},"end":{"line":205,"column":2}},"402":{"start":{"line":205,"column":61},"end":{"line":205,"column":2}},"403":{"start":{"line":205,"column":74},"end":{"line":205,"column":2}},"404":{"start":{"line":205,"column":83},"end":{"line":205,"column":2}},"405":{"start":{"line":205,"column":98},"end":{"line":205,"column":2}},"406":{"start":{"line":205,"column":119},"end":{"line":205,"column":2}},"407":{"start":{"line":205,"column":153},"end":{"line":205,"column":2}},"408":{"start":{"line":205,"column":237},"end":{"line":205,"column":2}},"409":{"start":{"line":205,"column":243},"end":{"line":205,"column":2}},"410":{"start":{"line":205,"column":249},"end":{"line":205,"column":2}},"411":{"start":{"line":205,"column":254},"end":{"line":205,"column":2}},"412":{"start":{"line":205,"column":284},"end":{"line":205,"column":2}},"413":{"start":{"line":205,"column":290},"end":{"line":205,"column":2}},"414":{"start":{"line":205,"column":310},"end":{"line":205,"column":2}},"415":{"start":{"line":205,"column":472},"end":{"line":205,"column":2}},"416":{"start":{"line":205,"column":552},"end":{"line":null,"column":-1}},"417":{"start":{"line":206,"column":0},"end":{"line":null,"column":-1}},"418":{"start":{"line":208,"column":0},"end":{"line":null,"column":-1}},"419":{"start":{"line":210,"column":0},"end":{"line":null,"column":-1}},"420":{"start":{"line":212,"column":0},"end":{"line":null,"column":-1}},"421":{"start":{"line":214,"column":0},"end":{"line":null,"column":-1}},"422":{"start":{"line":215,"column":0},"end":{"line":null,"column":-1}},"423":{"start":{"line":216,"column":0},"end":{"line":null,"column":-1}},"424":{"start":{"line":218,"column":0},"end":{"line":null,"column":-1}},"425":{"start":{"line":220,"column":0},"end":{"line":null,"column":-1}},"426":{"start":{"line":224,"column":5},"end":{"line":70,"column":0}},"427":{"start":{"line":226,"column":0},"end":{"line":null,"column":-1}},"428":{"start":{"line":228,"column":0},"end":{"line":null,"column":-1}},"429":{"start":{"line":229,"column":11},"end":{"line":229,"column":2}},"430":{"start":{"line":229,"column":22},"end":{"line":229,"column":2}},"431":{"start":{"line":229,"column":35},"end":{"line":229,"column":2}},"432":{"start":{"line":229,"column":44},"end":{"line":229,"column":2}},"433":{"start":{"line":229,"column":60},"end":{"line":229,"column":2}},"434":{"start":{"line":229,"column":75},"end":{"line":229,"column":2}},"435":{"start":{"line":229,"column":109},"end":{"line":229,"column":2}},"436":{"start":{"line":229,"column":121},"end":{"line":null,"column":-1}},"437":{"start":{"line":230,"column":0},"end":{"line":null,"column":-1}},"438":{"start":{"line":232,"column":0},"end":{"line":234,"column":1}},"439":{"start":{"line":233,"column":6},"end":{"line":233,"column":0}},"440":{"start":{"line":233,"column":20},"end":{"line":233,"column":0}},"441":{"start":{"line":233,"column":52},"end":{"line":233,"column":0}},"442":{"start":{"line":233,"column":84},"end":{"line":null,"column":-1}},"443":{"start":{"line":236,"column":0},"end":{"line":null,"column":-1}},"444":{"start":{"line":238,"column":5},"end":{"line":70,"column":0}},"445":{"start":{"line":240,"column":0},"end":{"line":242,"column":1}},"446":{"start":{"line":241,"column":6},"end":{"line":241,"column":0}},"447":{"start":{"line":241,"column":122},"end":{"line":241,"column":0}},"448":{"start":{"line":241,"column":139},"end":{"line":241,"column":808}},"449":{"start":{"line":241,"column":188},"end":{"line":241,"column":182}},"450":{"start":{"line":241,"column":195},"end":{"line":241,"column":182}},"451":{"start":{"line":241,"column":267},"end":{"line":241,"column":182}},"452":{"start":{"line":241,"column":344},"end":{"line":241,"column":182}},"453":{"start":{"line":241,"column":402},"end":{"line":241,"column":182}},"454":{"start":{"line":241,"column":424},"end":{"line":241,"column":182}},"455":{"start":{"line":241,"column":462},"end":{"line":241,"column":182}},"456":{"start":{"line":241,"column":519},"end":{"line":241,"column":513}},"457":{"start":{"line":241,"column":526},"end":{"line":241,"column":513}},"458":{"start":{"line":241,"column":598},"end":{"line":241,"column":513}},"459":{"start":{"line":241,"column":677},"end":{"line":241,"column":513}},"460":{"start":{"line":241,"column":734},"end":{"line":241,"column":513}},"461":{"start":{"line":241,"column":755},"end":{"line":241,"column":513}},"462":{"start":{"line":241,"column":795},"end":{"line":241,"column":513}},"463":{"start":{"line":241,"column":808},"end":{"line":null,"column":-1}},"464":{"start":{"line":243,"column":2},"end":{"line":253,"column":1}},"465":{"start":{"line":244,"column":6},"end":{"line":244,"column":0}},"466":{"start":{"line":244,"column":17},"end":{"line":244,"column":0}},"467":{"start":{"line":244,"column":30},"end":{"line":244,"column":0}},"468":{"start":{"line":244,"column":39},"end":{"line":244,"column":0}},"469":{"start":{"line":244,"column":54},"end":{"line":244,"column":0}},"470":{"start":{"line":244,"column":75},"end":{"line":244,"column":0}},"471":{"start":{"line":244,"column":159},"end":{"line":244,"column":0}},"472":{"start":{"line":244,"column":206},"end":{"line":null,"column":-1}},"473":{"start":{"line":245,"column":0},"end":{"line":null,"column":-1}},"474":{"start":{"line":246,"column":0},"end":{"line":null,"column":-1}},"475":{"start":{"line":247,"column":0},"end":{"line":null,"column":-1}},"476":{"start":{"line":251,"column":0},"end":{"line":null,"column":-1}},"477":{"start":{"line":254,"column":5},"end":{"line":70,"column":0}},"478":{"start":{"line":254,"column":19},"end":{"line":70,"column":0}},"479":{"start":{"line":255,"column":6},"end":{"line":255,"column":0}},"480":{"start":{"line":255,"column":12},"end":{"line":255,"column":0}},"481":{"start":{"line":255,"column":18},"end":{"line":255,"column":0}},"482":{"start":{"line":255,"column":24},"end":{"line":255,"column":133}},"483":{"start":{"line":255,"column":120},"end":{"line":255,"column":133}},"484":{"start":{"line":255,"column":133},"end":{"line":263,"column":2}},"485":{"start":{"line":256,"column":0},"end":{"line":258,"column":14}},"486":{"start":{"line":257,"column":6},"end":{"line":257,"column":0}},"487":{"start":{"line":257,"column":51},"end":{"line":null,"column":-1}},"488":{"start":{"line":258,"column":14},"end":{"line":null,"column":-1}},"489":{"start":{"line":260,"column":0},"end":{"line":262,"column":14}},"490":{"start":{"line":261,"column":6},"end":{"line":261,"column":0}},"491":{"start":{"line":261,"column":20},"end":{"line":null,"column":-1}},"492":{"start":{"line":262,"column":14},"end":{"line":null,"column":-1}},"493":{"start":{"line":263,"column":2},"end":{"line":null,"column":-1}},"494":{"start":{"line":264,"column":5},"end":{"line":70,"column":0}},"495":{"start":{"line":265,"column":6},"end":{"line":265,"column":0}},"496":{"start":{"line":265,"column":27},"end":{"line":267,"column":1}},"497":{"start":{"line":266,"column":6},"end":{"line":266,"column":0}},"498":{"start":{"line":266,"column":23},"end":{"line":null,"column":-1}},"499":{"start":{"line":268,"column":5},"end":{"line":70,"column":0}},"500":{"start":{"line":269,"column":6},"end":{"line":269,"column":0}},"501":{"start":{"line":269,"column":34},"end":{"line":269,"column":0}},"502":{"start":{"line":269,"column":74},"end":{"line":269,"column":0}},"503":{"start":{"line":269,"column":98},"end":{"line":null,"column":-1}},"504":{"start":{"line":270,"column":5},"end":{"line":70,"column":0}},"505":{"start":{"line":271,"column":4},"end":{"line":271,"column":0}},"506":{"start":{"line":271,"column":9},"end":{"line":271,"column":0}},"507":{"start":{"line":271,"column":20},"end":{"line":271,"column":0}},"508":{"start":{"line":271,"column":33},"end":{"line":271,"column":0}},"509":{"start":{"line":271,"column":48},"end":{"line":271,"column":0}},"510":{"start":{"line":271,"column":82},"end":{"line":271,"column":0}},"511":{"start":{"line":271,"column":96},"end":{"line":271,"column":0}},"512":{"start":{"line":271,"column":136},"end":{"line":null,"column":-1}},"513":{"start":{"line":272,"column":0},"end":{"line":null,"column":-1}},"514":{"start":{"line":274,"column":0},"end":{"line":null,"column":-1}},"515":{"start":{"line":276,"column":0},"end":{"line":282,"column":1}},"516":{"start":{"line":277,"column":0},"end":{"line":277,"column":6}},"517":{"start":{"line":277,"column":12},"end":{"line":277,"column":6}},"518":{"start":{"line":277,"column":23},"end":{"line":277,"column":6}},"519":{"start":{"line":277,"column":48},"end":{"line":281,"column":1}},"520":{"start":{"line":278,"column":0},"end":{"line":278,"column":30}},"521":{"start":{"line":278,"column":22},"end":{"line":278,"column":30}},"522":{"start":{"line":278,"column":36},"end":{"line":278,"column":30}},"523":{"start":{"line":278,"column":43},"end":{"line":278,"column":30}},"524":{"start":{"line":278,"column":75},"end":{"line":278,"column":30}},"525":{"start":{"line":280,"column":0},"end":{"line":280,"column":30}},"526":{"start":{"line":280,"column":22},"end":{"line":280,"column":30}},"527":{"start":{"line":280,"column":36},"end":{"line":280,"column":30}},"528":{"start":{"line":280,"column":43},"end":{"line":280,"column":30}},"529":{"start":{"line":280,"column":74},"end":{"line":280,"column":30}},"530":{"start":{"line":281,"column":1},"end":{"line":null,"column":-1}},"531":{"start":{"line":284,"column":5},"end":{"line":70,"column":0}},"532":{"start":{"line":285,"column":6},"end":{"line":285,"column":0}},"533":{"start":{"line":285,"column":17},"end":{"line":285,"column":0}},"534":{"start":{"line":285,"column":30},"end":{"line":285,"column":0}},"535":{"start":{"line":285,"column":39},"end":{"line":285,"column":0}},"536":{"start":{"line":285,"column":54},"end":{"line":285,"column":0}},"537":{"start":{"line":285,"column":88},"end":{"line":285,"column":0}},"538":{"start":{"line":285,"column":100},"end":{"line":null,"column":-1}},"539":{"start":{"line":286,"column":6},"end":{"line":286,"column":0}},"540":{"start":{"line":286,"column":35},"end":{"line":286,"column":0}},"541":{"start":{"line":286,"column":73},"end":{"line":286,"column":0}},"542":{"start":{"line":286,"column":76},"end":{"line":null,"column":-1}},"543":{"start":{"line":287,"column":6},"end":{"line":287,"column":0}},"544":{"start":{"line":287,"column":30},"end":{"line":287,"column":0}},"545":{"start":{"line":287,"column":67},"end":{"line":287,"column":0}},"546":{"start":{"line":287,"column":177},"end":{"line":287,"column":0}},"547":{"start":{"line":287,"column":217},"end":{"line":null,"column":-1}},"548":{"start":{"line":290,"column":5},"end":{"line":70,"column":0}},"549":{"start":{"line":291,"column":6},"end":{"line":291,"column":0}},"550":{"start":{"line":291,"column":17},"end":{"line":291,"column":0}},"551":{"start":{"line":291,"column":30},"end":{"line":291,"column":0}},"552":{"start":{"line":291,"column":45},"end":{"line":291,"column":0}},"553":{"start":{"line":291,"column":86},"end":{"line":null,"column":-1}},"554":{"start":{"line":292,"column":0},"end":{"line":null,"column":-1}},"555":{"start":{"line":294,"column":5},"end":{"line":70,"column":0}},"556":{"start":{"line":295,"column":6},"end":{"line":295,"column":0}},"557":{"start":{"line":295,"column":17},"end":{"line":295,"column":0}},"558":{"start":{"line":295,"column":30},"end":{"line":295,"column":0}},"559":{"start":{"line":295,"column":39},"end":{"line":295,"column":0}},"560":{"start":{"line":295,"column":55},"end":{"line":295,"column":0}},"561":{"start":{"line":295,"column":70},"end":{"line":295,"column":0}},"562":{"start":{"line":295,"column":101},"end":{"line":295,"column":0}},"563":{"start":{"line":295,"column":112},"end":{"line":null,"column":-1}},"564":{"start":{"line":296,"column":0},"end":{"line":null,"column":-1}},"565":{"start":{"line":299,"column":0},"end":{"line":null,"column":-1}},"566":{"start":{"line":300,"column":2},"end":{"line":304,"column":1}},"567":{"start":{"line":301,"column":6},"end":{"line":301,"column":0}},"568":{"start":{"line":301,"column":29},"end":{"line":null,"column":-1}},"569":{"start":{"line":302,"column":79},"end":{"line":302,"column":111}},"570":{"start":{"line":302,"column":103},"end":{"line":302,"column":111}},"571":{"start":{"line":302,"column":111},"end":{"line":302,"column":148}},"572":{"start":{"line":302,"column":148},"end":{"line":302,"column":155}},"573":{"start":{"line":302,"column":283},"end":{"line":302,"column":315}},"574":{"start":{"line":302,"column":307},"end":{"line":302,"column":315}},"575":{"start":{"line":302,"column":315},"end":{"line":302,"column":341}},"576":{"start":{"line":302,"column":341},"end":{"line":302,"column":348}},"577":{"start":{"line":302,"column":362},"end":{"line":302,"column":410}},"578":{"start":{"line":302,"column":402},"end":{"line":302,"column":410}},"579":{"start":{"line":302,"column":410},"end":{"line":301,"column":29}},"580":{"start":{"line":306,"column":5},"end":{"line":70,"column":0}},"581":{"start":{"line":309,"column":0},"end":{"line":null,"column":-1}},"582":{"start":{"line":310,"column":2},"end":{"line":null,"column":-1}},"583":{"start":{"line":311,"column":13},"end":{"line":311,"column":52}},"584":{"start":{"line":311,"column":52},"end":{"line":311,"column":59}},"585":{"start":{"line":311,"column":95},"end":{"line":311,"column":89}},"586":{"start":{"line":311,"column":126},"end":{"line":311,"column":89}},"587":{"start":{"line":311,"column":132},"end":{"line":310,"column":2}},"588":{"start":{"line":312,"column":0},"end":{"line":312,"column":84}},"589":{"start":{"line":312,"column":76},"end":{"line":312,"column":84}},"590":{"start":{"line":312,"column":84},"end":{"line":null,"column":-1}},"591":{"start":{"line":313,"column":7},"end":{"line":310,"column":2}},"592":{"start":{"line":314,"column":0},"end":{"line":316,"column":1}},"593":{"start":{"line":315,"column":0},"end":{"line":315,"column":6}},"594":{"start":{"line":315,"column":12},"end":{"line":315,"column":6}},"595":{"start":{"line":315,"column":25},"end":{"line":315,"column":212}},"596":{"start":{"line":315,"column":99},"end":{"line":315,"column":93}},"597":{"start":{"line":315,"column":106},"end":{"line":315,"column":93}},"598":{"start":{"line":315,"column":161},"end":{"line":315,"column":155}},"599":{"start":{"line":315,"column":168},"end":{"line":315,"column":155}},"600":{"start":{"line":315,"column":212},"end":{"line":null,"column":-1}},"601":{"start":{"line":317,"column":7},"end":{"line":310,"column":2}},"602":{"start":{"line":318,"column":0},"end":{"line":318,"column":195}},"603":{"start":{"line":318,"column":74},"end":{"line":318,"column":68}},"604":{"start":{"line":318,"column":81},"end":{"line":318,"column":68}},"605":{"start":{"line":318,"column":139},"end":{"line":318,"column":133}},"606":{"start":{"line":318,"column":146},"end":{"line":318,"column":133}},"607":{"start":{"line":318,"column":195},"end":{"line":null,"column":-1}},"608":{"start":{"line":321,"column":8},"end":{"line":321,"column":2}},"609":{"start":{"line":321,"column":19},"end":{"line":321,"column":2}},"610":{"start":{"line":321,"column":32},"end":{"line":321,"column":2}},"611":{"start":{"line":321,"column":41},"end":{"line":321,"column":2}},"612":{"start":{"line":321,"column":57},"end":{"line":321,"column":2}},"613":{"start":{"line":321,"column":72},"end":{"line":321,"column":2}},"614":{"start":{"line":321,"column":93},"end":{"line":321,"column":2}},"615":{"start":{"line":321,"column":127},"end":{"line":321,"column":2}},"616":{"start":{"line":321,"column":141},"end":{"line":321,"column":2}},"617":{"start":{"line":321,"column":211},"end":{"line":321,"column":2}},"618":{"start":{"line":321,"column":231},"end":{"line":321,"column":2}},"619":{"start":{"line":321,"column":270},"end":{"line":null,"column":-1}},"620":{"start":{"line":322,"column":0},"end":{"line":null,"column":-1}},"621":{"start":{"line":323,"column":0},"end":{"line":null,"column":-1}},"622":{"start":{"line":324,"column":0},"end":{"line":null,"column":-1}},"623":{"start":{"line":328,"column":0},"end":{"line":null,"column":-1}},"624":{"start":{"line":330,"column":5},"end":{"line":70,"column":0}},"625":{"start":{"line":332,"column":0},"end":{"line":332,"column":122}},"626":{"start":{"line":332,"column":128},"end":{"line":332,"column":122}},"627":{"start":{"line":332,"column":150},"end":{"line":332,"column":122}},"628":{"start":{"line":332,"column":176},"end":{"line":332,"column":122}},"629":{"start":{"line":332,"column":194},"end":{"line":332,"column":122}},"630":{"start":{"line":332,"column":251},"end":{"line":332,"column":122}},"631":{"start":{"line":332,"column":333},"end":{"line":332,"column":122}},"632":{"start":{"line":332,"column":397},"end":{"line":332,"column":122}},"633":{"start":{"line":332,"column":493},"end":{"line":332,"column":122}},"634":{"start":{"line":332,"column":524},"end":{"line":332,"column":122}},"635":{"start":{"line":332,"column":577},"end":{"line":332,"column":122}},"636":{"start":{"line":332,"column":582},"end":{"line":null,"column":-1}},"637":{"start":{"line":333,"column":0},"end":{"line":null,"column":-1}},"638":{"start":{"line":336,"column":0},"end":{"line":null,"column":-1}},"639":{"start":{"line":337,"column":8},"end":{"line":337,"column":2}},"640":{"start":{"line":337,"column":21},"end":{"line":337,"column":2}},"641":{"start":{"line":337,"column":30},"end":{"line":337,"column":2}},"642":{"start":{"line":337,"column":46},"end":{"line":337,"column":2}},"643":{"start":{"line":337,"column":80},"end":{"line":337,"column":2}},"644":{"start":{"line":337,"column":102},"end":{"line":337,"column":2}},"645":{"start":{"line":337,"column":143},"end":{"line":337,"column":2}},"646":{"start":{"line":337,"column":181},"end":{"line":null,"column":-1}},"647":{"start":{"line":338,"column":11},"end":{"line":338,"column":153}},"648":{"start":{"line":338,"column":145},"end":{"line":338,"column":153}},"649":{"start":{"line":338,"column":153},"end":{"line":338,"column":159}},"650":{"start":{"line":338,"column":159},"end":{"line":338,"column":166}},"651":{"start":{"line":338,"column":178},"end":{"line":337,"column":181}},"652":{"start":{"line":340,"column":5},"end":{"line":70,"column":0}},"653":{"start":{"line":341,"column":6},"end":{"line":341,"column":0}},"654":{"start":{"line":341,"column":29},"end":{"line":341,"column":0}},"655":{"start":{"line":341,"column":33},"end":{"line":null,"column":-1}},"656":{"start":{"line":342,"column":5},"end":{"line":70,"column":0}},"657":{"start":{"line":343,"column":0},"end":{"line":351,"column":1}},"658":{"start":{"line":344,"column":6},"end":{"line":344,"column":0}},"659":{"start":{"line":344,"column":17},"end":{"line":344,"column":0}},"660":{"start":{"line":344,"column":30},"end":{"line":344,"column":0}},"661":{"start":{"line":344,"column":39},"end":{"line":344,"column":0}},"662":{"start":{"line":344,"column":73},"end":{"line":344,"column":0}},"663":{"start":{"line":344,"column":85},"end":{"line":344,"column":0}},"664":{"start":{"line":344,"column":97},"end":{"line":344,"column":126}},"665":{"start":{"line":344,"column":132},"end":{"line":344,"column":126}},"666":{"start":{"line":344,"column":199},"end":{"line":344,"column":126}},"667":{"start":{"line":344,"column":241},"end":{"line":344,"column":126}},"668":{"start":{"line":344,"column":263},"end":{"line":null,"column":-1}},"669":{"start":{"line":345,"column":17},"end":{"line":345,"column":29}},"670":{"start":{"line":345,"column":50},"end":{"line":345,"column":44}},"671":{"start":{"line":345,"column":67},"end":{"line":345,"column":90}},"672":{"start":{"line":345,"column":82},"end":{"line":345,"column":90}},"673":{"start":{"line":345,"column":90},"end":{"line":345,"column":124}},"674":{"start":{"line":345,"column":154},"end":{"line":345,"column":185}},"675":{"start":{"line":345,"column":165},"end":{"line":345,"column":185}},"676":{"start":{"line":345,"column":185},"end":{"line":345,"column":246}},"677":{"start":{"line":345,"column":210},"end":{"line":345,"column":246}},"678":{"start":{"line":345,"column":246},"end":{"line":345,"column":319}},"679":{"start":{"line":345,"column":272},"end":{"line":345,"column":319}},"680":{"start":{"line":345,"column":319},"end":{"line":347,"column":2}},"681":{"start":{"line":346,"column":6},"end":{"line":346,"column":0}},"682":{"start":{"line":346,"column":36},"end":{"line":null,"column":-1}},"683":{"start":{"line":347,"column":2},"end":{"line":347,"column":85}},"684":{"start":{"line":347,"column":50},"end":{"line":347,"column":85}},"685":{"start":{"line":347,"column":85},"end":{"line":347,"column":122}},"686":{"start":{"line":347,"column":112},"end":{"line":347,"column":122}},"687":{"start":{"line":347,"column":122},"end":{"line":347,"column":187}},"688":{"start":{"line":347,"column":140},"end":{"line":347,"column":187}},"689":{"start":{"line":347,"column":187},"end":{"line":347,"column":249}},"690":{"start":{"line":347,"column":204},"end":{"line":347,"column":249}},"691":{"start":{"line":347,"column":249},"end":{"line":349,"column":2}},"692":{"start":{"line":348,"column":6},"end":{"line":348,"column":0}},"693":{"start":{"line":348,"column":21},"end":{"line":null,"column":-1}},"694":{"start":{"line":349,"column":2},"end":{"line":344,"column":263}},"695":{"start":{"line":352,"column":5},"end":{"line":70,"column":0}},"696":{"start":{"line":354,"column":0},"end":{"line":null,"column":-1}},"697":{"start":{"line":355,"column":0},"end":{"line":null,"column":-1}},"698":{"start":{"line":356,"column":0},"end":{"line":null,"column":-1}},"699":{"start":{"line":361,"column":0},"end":{"line":null,"column":-1}},"700":{"start":{"line":362,"column":0},"end":{"line":null,"column":-1}},"701":{"start":{"line":365,"column":0},"end":{"line":null,"column":-1}},"702":{"start":{"line":366,"column":2},"end":{"line":366,"column":44}},"703":{"start":{"line":366,"column":27},"end":{"line":366,"column":44}},"704":{"start":{"line":366,"column":50},"end":{"line":366,"column":44}},"705":{"start":{"line":366,"column":61},"end":{"line":null,"column":-1}},"706":{"start":{"line":368,"column":0},"end":{"line":368,"column":81}},"707":{"start":{"line":368,"column":87},"end":{"line":368,"column":81}},"708":{"start":{"line":368,"column":92},"end":{"line":368,"column":81}},"709":{"start":{"line":368,"column":135},"end":{"line":null,"column":-1}},"710":{"start":{"line":369,"column":0},"end":{"line":null,"column":-1}},"711":{"start":{"line":372,"column":0},"end":{"line":null,"column":-1}},"712":{"start":{"line":373,"column":8},"end":{"line":373,"column":2}},"713":{"start":{"line":373,"column":19},"end":{"line":373,"column":2}},"714":{"start":{"line":373,"column":32},"end":{"line":373,"column":2}},"715":{"start":{"line":373,"column":41},"end":{"line":373,"column":2}},"716":{"start":{"line":373,"column":73},"end":{"line":null,"column":-1}},"717":{"start":{"line":374,"column":5},"end":{"line":70,"column":0}},"718":{"start":{"line":375,"column":0},"end":{"line":null,"column":-1}},"719":{"start":{"line":376,"column":5},"end":{"line":70,"column":0}},"720":{"start":{"line":377,"column":6},"end":{"line":377,"column":0}},"721":{"start":{"line":377,"column":19},"end":{"line":377,"column":0}},"722":{"start":{"line":377,"column":153},"end":{"line":null,"column":-1}},"723":{"start":{"line":378,"column":0},"end":{"line":null,"column":-1}},"724":{"start":{"line":380,"column":5},"end":{"line":70,"column":0}},"725":{"start":{"line":382,"column":0},"end":{"line":null,"column":-1}},"726":{"start":{"line":384,"column":0},"end":{"line":null,"column":-1}},"727":{"start":{"line":386,"column":6},"end":{"line":386,"column":0}},"728":{"start":{"line":386,"column":43},"end":{"line":386,"column":0}},"729":{"start":{"line":386,"column":80},"end":{"line":386,"column":0}},"730":{"start":{"line":386,"column":121},"end":{"line":386,"column":0}},"731":{"start":{"line":386,"column":146},"end":{"line":null,"column":-1}},"732":{"start":{"line":387,"column":8},"end":{"line":387,"column":2}},"733":{"start":{"line":387,"column":21},"end":{"line":387,"column":2}},"734":{"start":{"line":387,"column":30},"end":{"line":387,"column":2}},"735":{"start":{"line":387,"column":201},"end":{"line":387,"column":2}},"736":{"start":{"line":387,"column":219},"end":{"line":387,"column":2}},"737":{"start":{"line":387,"column":246},"end":{"line":387,"column":2}},"738":{"start":{"line":387,"column":267},"end":{"line":387,"column":2}},"739":{"start":{"line":387,"column":301},"end":{"line":387,"column":2}},"740":{"start":{"line":387,"column":315},"end":{"line":387,"column":2}},"741":{"start":{"line":387,"column":400},"end":{"line":387,"column":2}},"742":{"start":{"line":387,"column":491},"end":{"line":403,"column":1}},"743":{"start":{"line":388,"column":0},"end":{"line":390,"column":2}},"744":{"start":{"line":389,"column":6},"end":{"line":389,"column":0}},"745":{"start":{"line":389,"column":94},"end":{"line":null,"column":-1}},"746":{"start":{"line":390,"column":2},"end":{"line":null,"column":-1}},"747":{"start":{"line":391,"column":16},"end":{"line":391,"column":10}},"748":{"start":{"line":391,"column":59},"end":{"line":391,"column":10}},"749":{"start":{"line":391,"column":69},"end":{"line":391,"column":10}},"750":{"start":{"line":391,"column":88},"end":{"line":391,"column":10}},"751":{"start":{"line":391,"column":150},"end":{"line":391,"column":10}},"752":{"start":{"line":391,"column":184},"end":{"line":391,"column":10}},"753":{"start":{"line":391,"column":192},"end":{"line":391,"column":10}},"754":{"start":{"line":391,"column":200},"end":{"line":391,"column":10}},"755":{"start":{"line":391,"column":227},"end":{"line":391,"column":10}},"756":{"start":{"line":391,"column":252},"end":{"line":391,"column":259}},"757":{"start":{"line":391,"column":275},"end":{"line":391,"column":269}},"758":{"start":{"line":391,"column":316},"end":{"line":391,"column":269}},"759":{"start":{"line":391,"column":325},"end":{"line":391,"column":269}},"760":{"start":{"line":391,"column":343},"end":{"line":391,"column":269}},"761":{"start":{"line":391,"column":409},"end":{"line":391,"column":269}},"762":{"start":{"line":391,"column":443},"end":{"line":391,"column":269}},"763":{"start":{"line":391,"column":451},"end":{"line":391,"column":269}},"764":{"start":{"line":391,"column":459},"end":{"line":391,"column":269}},"765":{"start":{"line":391,"column":486},"end":{"line":391,"column":269}},"766":{"start":{"line":392,"column":1},"end":{"line":null,"column":-1}},"767":{"start":{"line":393,"column":0},"end":{"line":null,"column":-1}},"768":{"start":{"line":395,"column":0},"end":{"line":null,"column":-1}},"769":{"start":{"line":397,"column":0},"end":{"line":401,"column":1}},"770":{"start":{"line":398,"column":0},"end":{"line":398,"column":53}},"771":{"start":{"line":398,"column":59},"end":{"line":398,"column":53}},"772":{"start":{"line":398,"column":78},"end":{"line":null,"column":-1}},"773":{"start":{"line":399,"column":0},"end":{"line":null,"column":-1}},"774":{"start":{"line":404,"column":5},"end":{"line":70,"column":0}},"775":{"start":{"line":406,"column":0},"end":{"line":null,"column":-1}},"776":{"start":{"line":408,"column":0},"end":{"line":null,"column":-1}},"777":{"start":{"line":410,"column":0},"end":{"line":null,"column":-1}},"778":{"start":{"line":411,"column":0},"end":{"line":null,"column":-1}},"779":{"start":{"line":414,"column":0},"end":{"line":null,"column":-1}},"780":{"start":{"line":416,"column":0},"end":{"line":null,"column":-1}},"781":{"start":{"line":417,"column":33},"end":{"line":417,"column":49}},"782":{"start":{"line":417,"column":70},"end":{"line":417,"column":110}},"783":{"start":{"line":417,"column":134},"end":{"line":417,"column":190}},"784":{"start":{"line":417,"column":214},"end":{"line":417,"column":299}},"785":{"start":{"line":417,"column":338},"end":{"line":417,"column":394}},"786":{"start":{"line":417,"column":416},"end":{"line":417,"column":452}},"787":{"start":{"line":417,"column":474},"end":{"line":417,"column":512}},"788":{"start":{"line":417,"column":562},"end":{"line":417,"column":556}},"789":{"start":{"line":417,"column":574},"end":{"line":417,"column":556}},"790":{"start":{"line":417,"column":579},"end":{"line":416,"column":0}},"791":{"start":{"line":419,"column":1},"end":{"line":419,"column":45}},"792":{"start":{"line":419,"column":57},"end":{"line":419,"column":45}},"793":{"start":{"line":419,"column":66},"end":{"line":419,"column":45}},"794":{"start":{"line":419,"column":94},"end":{"line":419,"column":45}},"795":{"start":{"line":419,"column":123},"end":{"line":419,"column":45}},"796":{"start":{"line":419,"column":154},"end":{"line":419,"column":45}},"797":{"start":{"line":419,"column":161},"end":{"line":419,"column":45}},"798":{"start":{"line":419,"column":166},"end":{"line":419,"column":45}},"799":{"start":{"line":419,"column":181},"end":{"line":419,"column":45}},"800":{"start":{"line":419,"column":192},"end":{"line":419,"column":45}},"801":{"start":{"line":419,"column":206},"end":{"line":419,"column":236}},"802":{"start":{"line":419,"column":242},"end":{"line":419,"column":236}},"803":{"start":{"line":419,"column":247},"end":{"line":null,"column":-1}},"804":{"start":{"line":420,"column":5},"end":{"line":70,"column":0}},"805":{"start":{"line":421,"column":0},"end":{"line":null,"column":-1}},"806":{"start":{"line":422,"column":5},"end":{"line":70,"column":0}},"807":{"start":{"line":423,"column":6},"end":{"line":423,"column":0}},"808":{"start":{"line":423,"column":12},"end":{"line":423,"column":56}},"809":{"start":{"line":423,"column":56},"end":{"line":425,"column":1}},"810":{"start":{"line":424,"column":6},"end":{"line":424,"column":0}},"811":{"start":{"line":424,"column":12},"end":{"line":null,"column":-1}},"812":{"start":{"line":426,"column":5},"end":{"line":70,"column":0}},"813":{"start":{"line":427,"column":0},"end":{"line":431,"column":1}},"814":{"start":{"line":428,"column":0},"end":{"line":null,"column":-1}},"815":{"start":{"line":430,"column":0},"end":{"line":null,"column":-1}},"816":{"start":{"line":432,"column":6},"end":{"line":70,"column":0}},"817":{"start":{"line":433,"column":0},"end":{"line":null,"column":-1}},"818":{"start":{"line":434,"column":6},"end":{"line":70,"column":0}},"819":{"start":{"line":435,"column":6},"end":{"line":435,"column":0}},"820":{"start":{"line":435,"column":35},"end":{"line":null,"column":-1}},"821":{"start":{"line":436,"column":6},"end":{"line":70,"column":0}},"822":{"start":{"line":437,"column":0},"end":{"line":null,"column":-1}},"823":{"start":{"line":438,"column":6},"end":{"line":70,"column":0}},"824":{"start":{"line":439,"column":6},"end":{"line":439,"column":0}},"825":{"start":{"line":439,"column":36},"end":{"line":null,"column":-1}},"826":{"start":{"line":440,"column":6},"end":{"line":70,"column":0}},"827":{"start":{"line":442,"column":6},"end":{"line":442,"column":0}},"828":{"start":{"line":442,"column":36},"end":{"line":442,"column":78}},"829":{"start":{"line":442,"column":61},"end":{"line":442,"column":78}},"830":{"start":{"line":442,"column":78},"end":{"line":442,"column":161}},"831":{"start":{"line":442,"column":109},"end":{"line":442,"column":78}},"832":{"start":{"line":442,"column":139},"end":{"line":442,"column":78}},"833":{"start":{"line":442,"column":161},"end":{"line":null,"column":-1}},"834":{"start":{"line":443,"column":8},"end":{"line":443,"column":2}},"835":{"start":{"line":443,"column":13},"end":{"line":null,"column":-1}},"836":{"start":{"line":444,"column":3},"end":{"line":null,"column":-1}},"837":{"start":{"line":445,"column":0},"end":{"line":null,"column":-1}},"838":{"start":{"line":447,"column":0},"end":{"line":null,"column":-1}},"839":{"start":{"line":449,"column":0},"end":{"line":null,"column":-1}},"840":{"start":{"line":450,"column":4},"end":{"line":450,"column":0}},"841":{"start":{"line":450,"column":7},"end":{"line":450,"column":0}},"842":{"start":{"line":450,"column":12},"end":{"line":450,"column":0}},"843":{"start":{"line":450,"column":20},"end":{"line":450,"column":0}},"844":{"start":{"line":450,"column":50},"end":{"line":450,"column":64}},"845":{"start":{"line":450,"column":64},"end":{"line":null,"column":-1}},"846":{"start":{"line":452,"column":4},"end":{"line":452,"column":0}},"847":{"start":{"line":452,"column":7},"end":{"line":452,"column":0}},"848":{"start":{"line":452,"column":10},"end":{"line":452,"column":0}},"849":{"start":{"line":452,"column":13},"end":{"line":452,"column":0}},"850":{"start":{"line":452,"column":18},"end":{"line":452,"column":0}},"851":{"start":{"line":452,"column":26},"end":{"line":452,"column":0}},"852":{"start":{"line":452,"column":58},"end":{"line":452,"column":0}},"853":{"start":{"line":452,"column":112},"end":{"line":452,"column":126}},"854":{"start":{"line":452,"column":126},"end":{"line":null,"column":-1}},"855":{"start":{"line":454,"column":6},"end":{"line":454,"column":0}},"856":{"start":{"line":454,"column":20},"end":{"line":454,"column":27}},"857":{"start":{"line":454,"column":27},"end":{"line":null,"column":-1}}},"fnMap":{"0":{"name":"(anonymous_1)","decl":{"start":{"line":2,"column":1},"end":{"line":2,"column":9}},"loc":{"start":{"line":2,"column":13},"end":{"line":2,"column":1}}},"1":{"name":"(anonymous_2)","decl":{"start":{"line":4,"column":2},"end":{"line":4,"column":10}},"loc":{"start":{"line":4,"column":14},"end":{"line":2,"column":1}}},"2":{"name":"b","decl":{"start":{"line":5,"column":9},"end":{"line":5,"column":0}},"loc":{"start":{"line":5,"column":14},"end":{"line":15,"column":2}}},"3":{"name":"c","decl":{"start":{"line":15,"column":11},"end":{"line":15,"column":2}},"loc":{"start":{"line":15,"column":15},"end":{"line":17,"column":2}}},"4":{"name":"d","decl":{"start":{"line":17,"column":11},"end":{"line":17,"column":2}},"loc":{"start":{"line":17,"column":19},"end":{"line":19,"column":2}}},"5":{"name":"setup","decl":{"start":{"line":19,"column":372},"end":{"line":19,"column":382}},"loc":{"start":{"line":19,"column":383},"end":{"line":19,"column":345}}},"6":{"name":"teardown","decl":{"start":{"line":21,"column":13},"end":{"line":21,"column":23}},"loc":{"start":{"line":21,"column":24},"end":{"line":19,"column":345}}},"7":{"name":"getLineHeight","decl":{"start":{"line":23,"column":18},"end":{"line":23,"column":26}},"loc":{"start":{"line":23,"column":30},"end":{"line":19,"column":345}}},"8":{"name":"getPageHeight","decl":{"start":{"line":25,"column":18},"end":{"line":25,"column":26}},"loc":{"start":{"line":25,"column":30},"end":{"line":19,"column":345}}},"9":{"name":"mousewheel","decl":{"start":{"line":27,"column":83},"end":{"line":27,"column":91}},"loc":{"start":{"line":27,"column":95},"end":{"line":27,"column":70}}},"10":{"name":"unmousewheel","decl":{"start":{"line":29,"column":17},"end":{"line":29,"column":25}},"loc":{"start":{"line":29,"column":29},"end":{"line":27,"column":70}}},"11":{"name":"(anonymous_12)","decl":{"start":{"line":32,"column":5},"end":{"line":32,"column":13}},"loc":{"start":{"line":32,"column":17},"end":{"line":32,"column":5}}},"12":{"name":"(anonymous_13)","decl":{"start":{"line":34,"column":2},"end":{"line":34,"column":10}},"loc":{"start":{"line":34,"column":14},"end":{"line":32,"column":5}}},"13":{"name":"b","decl":{"start":{"line":35,"column":9},"end":{"line":35,"column":0}},"loc":{"start":{"line":35,"column":14},"end":{"line":45,"column":2}}},"14":{"name":"c","decl":{"start":{"line":45,"column":11},"end":{"line":45,"column":2}},"loc":{"start":{"line":45,"column":15},"end":{"line":47,"column":2}}},"15":{"name":"d","decl":{"start":{"line":47,"column":11},"end":{"line":47,"column":2}},"loc":{"start":{"line":47,"column":19},"end":{"line":49,"column":2}}},"16":{"name":"setup","decl":{"start":{"line":49,"column":372},"end":{"line":49,"column":382}},"loc":{"start":{"line":49,"column":383},"end":{"line":49,"column":345}}},"17":{"name":"teardown","decl":{"start":{"line":51,"column":13},"end":{"line":51,"column":23}},"loc":{"start":{"line":51,"column":24},"end":{"line":49,"column":345}}},"18":{"name":"getLineHeight","decl":{"start":{"line":53,"column":18},"end":{"line":53,"column":26}},"loc":{"start":{"line":53,"column":30},"end":{"line":49,"column":345}}},"19":{"name":"getPageHeight","decl":{"start":{"line":55,"column":18},"end":{"line":55,"column":26}},"loc":{"start":{"line":55,"column":30},"end":{"line":49,"column":345}}},"20":{"name":"mousewheel","decl":{"start":{"line":57,"column":83},"end":{"line":57,"column":91}},"loc":{"start":{"line":57,"column":95},"end":{"line":57,"column":70}}},"21":{"name":"unmousewheel","decl":{"start":{"line":59,"column":17},"end":{"line":59,"column":25}},"loc":{"start":{"line":59,"column":29},"end":{"line":57,"column":70}}},"22":{"name":"(anonymous_23)","decl":{"start":{"line":64,"column":1},"end":{"line":64,"column":9}},"loc":{"start":{"line":64,"column":13},"end":{"line":64,"column":1}}},"23":{"name":"(anonymous_24)","decl":{"start":{"line":66,"column":2},"end":{"line":66,"column":10}},"loc":{"start":{"line":66,"column":14},"end":{"line":64,"column":1}}},"24":{"name":"(anonymous_25)","decl":{"start":{"line":67,"column":1},"end":{"line":67,"column":9}},"loc":{"start":{"line":67,"column":13},"end":{"line":67,"column":1}}},"25":{"name":"(anonymous_26)","decl":{"start":{"line":69,"column":2},"end":{"line":69,"column":12}},"loc":{"start":{"line":69,"column":13},"end":{"line":67,"column":1}}},"26":{"name":"init","decl":{"start":{"line":70,"column":1265},"end":{"line":70,"column":1273}},"loc":{"start":{"line":70,"column":1277},"end":{"line":70,"column":1258}}},"27":{"name":"(anonymous_28)","decl":{"start":{"line":72,"column":102},"end":{"line":72,"column":112}},"loc":{"start":{"line":72,"column":113},"end":{"line":72,"column":91}}},"28":{"name":"(anonymous_29)","decl":{"start":{"line":75,"column":710},"end":{"line":75,"column":720}},"loc":{"start":{"line":75,"column":721},"end":{"line":75,"column":700}}},"29":{"name":"update","decl":{"start":{"line":80,"column":11},"end":{"line":80,"column":19}},"loc":{"start":{"line":80,"column":26},"end":{"line":70,"column":1258}}},"30":{"name":"(anonymous_31)","decl":{"start":{"line":81,"column":40},"end":{"line":81,"column":50}},"loc":{"start":{"line":81,"column":51},"end":{"line":81,"column":30}}},"31":{"name":"scrollTo","decl":{"start":{"line":86,"column":13},"end":{"line":86,"column":21}},"loc":{"start":{"line":86,"column":28},"end":{"line":70,"column":1258}}},"32":{"name":"(anonymous_33)","decl":{"start":{"line":88,"column":37},"end":{"line":88,"column":47}},"loc":{"start":{"line":88,"column":48},"end":{"line":88,"column":27}}},"33":{"name":"(anonymous_34)","decl":{"start":{"line":90,"column":456},"end":{"line":90,"column":466}},"loc":{"start":{"line":90,"column":467},"end":{"line":90,"column":445}}},"34":{"name":"stop","decl":{"start":{"line":96,"column":9},"end":{"line":96,"column":19}},"loc":{"start":{"line":96,"column":20},"end":{"line":70,"column":1258}}},"35":{"name":"(anonymous_36)","decl":{"start":{"line":97,"column":37},"end":{"line":97,"column":47}},"loc":{"start":{"line":97,"column":48},"end":{"line":97,"column":27}}},"36":{"name":"disable","decl":{"start":{"line":100,"column":12},"end":{"line":100,"column":20}},"loc":{"start":{"line":100,"column":24},"end":{"line":70,"column":1258}}},"37":{"name":"(anonymous_38)","decl":{"start":{"line":101,"column":37},"end":{"line":101,"column":47}},"loc":{"start":{"line":101,"column":48},"end":{"line":101,"column":27}}},"38":{"name":"destroy","decl":{"start":{"line":106,"column":12},"end":{"line":106,"column":22}},"loc":{"start":{"line":106,"column":23},"end":{"line":70,"column":1258}}},"39":{"name":"(anonymous_40)","decl":{"start":{"line":107,"column":37},"end":{"line":107,"column":47}},"loc":{"start":{"line":107,"column":48},"end":{"line":107,"column":27}}},"40":{"name":"f","decl":{"start":{"line":112,"column":4},"end":{"line":112,"column":6}},"loc":{"start":{"line":112,"column":17},"end":{"line":70,"column":0}}},"41":{"name":"h","decl":{"start":{"line":114,"column":3},"end":{"line":114,"column":5}},"loc":{"start":{"line":114,"column":17},"end":{"line":70,"column":0}}},"42":{"name":"m","decl":{"start":{"line":116,"column":3},"end":{"line":116,"column":5}},"loc":{"start":{"line":116,"column":17},"end":{"line":70,"column":0}}},"43":{"name":"p","decl":{"start":{"line":118,"column":3},"end":{"line":118,"column":5}},"loc":{"start":{"line":118,"column":17},"end":{"line":70,"column":0}}},"44":{"name":"g","decl":{"start":{"line":120,"column":3},"end":{"line":120,"column":5}},"loc":{"start":{"line":120,"column":17},"end":{"line":70,"column":0}}},"45":{"name":"v","decl":{"start":{"line":122,"column":3},"end":{"line":122,"column":5}},"loc":{"start":{"line":122,"column":16},"end":{"line":70,"column":0}}},"46":{"name":"x","decl":{"start":{"line":124,"column":3},"end":{"line":124,"column":5}},"loc":{"start":{"line":124,"column":17},"end":{"line":70,"column":0}}},"47":{"name":"(anonymous_48)","decl":{"start":{"line":125,"column":54},"end":{"line":125,"column":64}},"loc":{"start":{"line":125,"column":65},"end":{"line":125,"column":37}}},"48":{"name":"_","decl":{"start":{"line":128,"column":3},"end":{"line":128,"column":5}},"loc":{"start":{"line":128,"column":16},"end":{"line":70,"column":0}}},"49":{"name":"w","decl":{"start":{"line":132,"column":3},"end":{"line":132,"column":5}},"loc":{"start":{"line":132,"column":16},"end":{"line":70,"column":0}}},"50":{"name":"S","decl":{"start":{"line":134,"column":3},"end":{"line":134,"column":5}},"loc":{"start":{"line":134,"column":16},"end":{"line":70,"column":0}}},"51":{"name":"b","decl":{"start":{"line":136,"column":3},"end":{"line":136,"column":5}},"loc":{"start":{"line":136,"column":16},"end":{"line":70,"column":0}}},"52":{"name":"C","decl":{"start":{"line":138,"column":3},"end":{"line":138,"column":5}},"loc":{"start":{"line":138,"column":23},"end":{"line":70,"column":0}}},"53":{"name":"y","decl":{"start":{"line":140,"column":3},"end":{"line":140,"column":5}},"loc":{"start":{"line":140,"column":16},"end":{"line":70,"column":0}}},"54":{"name":"B","decl":{"start":{"line":142,"column":3},"end":{"line":142,"column":5}},"loc":{"start":{"line":142,
[...]
lumn":0}}]},"567":{"loc":{"start":{"line":445,"column":71},"end":{"line":445,"column":90}},"type":"binary-expr","locations":[{"start":{"line":445,"column":71},"end":{"line":445,"column":90}},{"start":{"line":445,"column":91},"end":{"line":445,"column":71}}]},"568":{"loc":{"start":{"line":445,"column":71},"end":{"line":445,"column":87}},"type":"cond-expr","locations":[{"start":{"line":445,"column":71},"end":{"line":445,"column":87}},{"start":{"line":445,"column":71},"end":{"line":445,"column":90}}]},"569":{"loc":{"start":{"line":447,"column":12},"end":{"line":447,"column":7}},"type":"cond-expr","locations":[{"start":{"line":447,"column":12},"end":{"line":447,"column":7}},{"start":{"line":447,"column":71},"end":{"line":447,"column":0}}]},"570":{"loc":{"start":{"line":447,"column":93},"end":{"line":447,"column":71}},"type":"cond-expr","locations":[{"start":{"line":447,"column":93},"end":{"line":447,"column":71}},{"start":{"line":447,"column":137},"end":{"line":447,"column":0}}]},"571":{"loc":{"start":{"line":447,"column":71},"end":{"line":447,"column":90}},"type":"binary-expr","locations":[{"start":{"line":447,"column":71},"end":{"line":447,"column":90}},{"start":{"line":447,"column":91},"end":{"line":447,"column":71}}]},"572":{"loc":{"start":{"line":447,"column":71},"end":{"line":447,"column":87}},"type":"cond-expr","locations":[{"start":{"line":447,"column":71},"end":{"line":447,"column":87}},{"start":{"line":447,"column":71},"end":{"line":447,"column":90}}]},"573":{"loc":{"start":{"line":449,"column":45},"end":{"line":449,"column":44}},"type":"binary-expr","locations":[{"start":{"line":449,"column":45},"end":{"line":449,"column":44}},{"start":{"line":449,"column":68},"end":{"line":449,"column":33}}]},"574":{"loc":{"start":{"line":450,"column":50},"end":{"line":450,"column":64}},"type":"if","locations":[{"start":{"line":450,"column":50},"end":{"line":450,"column":64}},{"start":{"line":450,"column":50},"end":{"line":450,"column":64}}]},"575":{"loc":{"start":{"line":450,"column":122},"end":{"line":450,"column":121}},"type":"binary-expr","locations":[{"start":{"line":450,"column":122},"end":{"line":450,"column":121}},{"start":{"line":450,"column":140},"end":{"line":450,"column":122}},{"start":{"line":450,"column":184},"end":{"line":450,"column":122}},{"start":{"line":450,"column":202},"end":{"line":450,"column":64}}]},"576":{"loc":{"start":{"line":451,"column":15},"end":{"line":451,"column":14}},"type":"binary-expr","locations":[{"start":{"line":451,"column":15},"end":{"line":451,"column":14}},{"start":{"line":451,"column":39},"end":{"line":449,"column":33}}]},"577":{"loc":{"start":{"line":452,"column":73},"end":{"line":452,"column":58}},"type":"cond-expr","locations":[{"start":{"line":452,"column":73},"end":{"line":452,"column":58}},{"start":{"line":452,"column":90},"end":{"line":452,"column":0}}]},"578":{"loc":{"start":{"line":452,"column":112},"end":{"line":452,"column":126}},"type":"if","locations":[{"start":{"line":452,"column":112},"end":{"line":452,"column":126}},{"start":{"line":452,"column":112},"end":{"line":452,"column":126}}]},"579":{"loc":{"start":{"line":452,"column":301},"end":{"line":452,"column":291}},"type":"cond-expr","locations":[{"start":{"line":452,"column":301},"end":{"line":452,"column":291}},{"start":{"line":452,"column":306},"end":{"line":452,"column":290}}]},"580":{"loc":{"start":{"line":452,"column":322},"end":{"line":452,"column":312}},"type":"cond-expr","locations":[{"start":{"line":452,"column":322},"end":{"line":452,"column":312}},{"start":{"line":452,"column":327},"end":{"line":452,"column":290}}]},"581":{"loc":{"start":{"line":452,"column":334},"end":{"line":452,"column":333}},"type":"binary-expr","locations":[{"start":{"line":452,"column":334},"end":{"line":452,"column":333}},{"start":{"line":452,"column":355},"end":{"line":452,"column":334}},{"start":{"line":452,"column":382},"end":{"line":452,"column":334}},{"start":{"line":452,"column":403},"end":{"line":452,"column":126}}]},"582":{"loc":{"start":{"line":453,"column":16},"end":{"line":453,"column":15}},"type":"binary-expr","locations":[{"start":{"line":453,"column":16},"end":{"line":453,"column":15}},{"start":{"line":453,"column":41},"end":{"line":449,"column":33}}]},"583":{"loc":{"start":{"line":454,"column":20},"end":{"line":454,"column":27}},"type":"if","locations":[{"start":{"line":454,"column":20},"end":{"line":454,"column":27}},{"start":{"line":454,"column":20},"end":{"line":454,"column":27}}]},"584":{"loc":{"start":{"line":454,"column":34},"end":{"line":454,"column":50}},"type":"binary-expr","locations":[{"start":{"line":454,"column":34},"end":{"line":454,"column":50}},{"start":{"line":454,"column":51},"end":{"line":454,"column":27}}]}},"s":{"0":0,"1":0,"2":0,"3":0,"4":0,"5":0,"6":0,"7":0,"8":0,"9":0,"10":0,"11":0,"12":0,"13":0,"14":0,"15":0,"16":0,"17":0,"18":0,"19":0,"20":0,"21":0,"22":0,"23":0,"24":0,"25":0,"26":0,"27":0,"28":0,"29":0,"30":0,"31":0,"32":0,"33":0,"34":0,"35":0,"36":0,"37":0,"38":0,"39":0,"40":0,"41":0,"42":0,"43":0,"44":0,"45":0,"46":0,"47":0,"48":0,"49":0,"50":0,"51":0,"52":0,"53":0,"54":0,"55":0,"56":0,"57":0,"58":0,"59":0,"60":0,"61":0,"62":0,"63":0,"64":0,"65":0,"66":0,"67":0,"68":0,"69":0,"70":0,"71":0,"72":0,"73":0,"74":0,"75":0,"76":0,"77":0,"78":0,"79":0,"80":0,"81":0,"82":0,"83":0,"84":0,"85":0,"86":0,"87":0,"88":0,"89":0,"90":0,"91":0,"92":0,"93":0,"94":0,"95":0,"96":0,"97":0,"98":0,"99":0,"100":0,"101":0,"102":0,"103":0,"104":0,"105":0,"106":0,"107":0,"108":0,"109":0,"110":0,"111":0,"112":0,"113":0,"114":0,"115":0,"116":0,"117":0,"118":0,"119":0,"120":0,"121":0,"122":0,"123":0,"124":0,"125":0,"126":0,"127":0,"128":0,"129":0,"130":0,"131":0,"132":0,"133":0,"134":0,"135":0,"136":0,"137":0,"138":0,"139":0,"140":0,"141":0,"142":0,"143":0,"144":0,"145":0,"146":0,"147":0,"148":0,"149":0,"150":0,"151":0,"152":0,"153":0,"154":0,"155":0,"156":0,"157":0,"158":0,"159":0,"160":0,"161":0,"162":0,"163":0,"164":0,"165":0,"166":0,"167":0,"168":0,"169":0,"170":0,"171":0,"172":0,"173":0,"174":0,"175":0,"176":0,"177":0,"178":0,"179":0,"180":0,"181":0,"182":0,"183":0,"184":0,"185":0,"186":0,"187":0,"188":0,"189":0,"190":0,"191":0,"192":0,"193":0,"194":0,"195":0,"196":0,"197":0,"198":0,"199":0,"200":0,"201":0,"202":0,"203":0,"204":0,"205":0,"206":0,"207":0,"208":0,"209":0,"210":0,"211":0,"212":0,"213":0,"214":0,"215":0,"216":0,"217":0,"218":0,"219":0,"220":0,"221":0,"222":0,"223":0,"224":0,"225":0,"226":0,"227":0,"228":0,"229":0,"230":0,"231":0,"232":0,"233":0,"234":0,"235":0,"236":0,"237":0,"238":0,"239":0,"240":0,"241":0,"242":0,"243":0,"244":0,"245":0,"246":0,"247":0,"248":0,"249":0,"250":0,"251":0,"252":0,"253":0,"254":0,"255":0,"256":0,"257":0,"258":0,"259":0,"260":0,"261":0,"262":0,"263":0,"264":0,"265":0,"266":0,"267":0,"268":0,"269":0,"270":0,"271":0,"272":0,"273":0,"274":0,"275":0,"276":0,"277":0,"278":0,"279":0,"280":0,"281":0,"282":0,"283":0,"284":0,"285":0,"286":0,"287":0,"288":0,"289":0,"290":0,"291":0,"292":0,"293":0,"294":0,"295":0,"296":0,"297":0,"298":0,"299":0,"300":0,"301":0,"302":0,"303":0,"304":0,"305":0,"306":0,"307":0,"308":0,"309":0,"310":0,"311":0,"312":0,"313":0,"314":0,"315":0,"316":0,"317":0,"318":0,"319":0,"320":0,"321":0,"322":0,"323":0,"324":0,"325":0,"326":0,"327":0,"328":0,"329":0,"330":0,"331":0,"332":0,"333":0,"334":0,"335":0,"336":0,"337":0,"338":0,"339":0,"340":0,"341":0,"342":0,"343":0,"344":0,"345":0,"346":0,"347":0,"348":0,"349":0,"350":0,"351":0,"352":0,"353":0,"354":0,"355":0,"356":0,"357":0,"358":0,"359":0,"360":0,"361":0,"362":0,"363":0,"364":0,"365":0,"366":0,"367":0,"368":0,"369":0,"370":0,"371":0,"372":0,"373":0,"374":0,"375":0,"376":0,"377":0,"378":0,"379":0,"380":0,"381":0,"382":0,"383":0,"384":0,"385":0,"386":0,"387":0,"388":0,"389":0,"390":0,"391":0,"392":0,"393":0,"394":0,"395":0,"396":0,"397":0,"398":0,"399":0,"400":0,"401":0,"402":0,"403":0,"404":0,"405":0,"406":0,"407":0,"408":0,"409":0,"410":0,"411":0,"412":0,"413":0,"414":0,"415":0,"416":0,"417":0,"418":0,"419":0,"420":0,"421":0,"422":0,"423":0,"424":0,"425":0,"426":0,"427":0,"428":0,"429":0,"430":0,"431":0,"432":0,"433":0,"434":0,"435":0,"436":0,"437":0,"438":0,"439":0,"440":0,"441":0,"442":0,"443":0,"444":0,"445":0,"446":0,"447":0,"448":0,"449":0,"450":0,"451":0,"452":0,"453":0,"454":0,"455":0,"456":0,"457":0,"458":0,"459":0,"460":0,"461":0,"462":0,"463":0,"464":0,"465":0,"466":0,"467":0,"468":0,"469":0,"470":0,"471":0,"472":0,"473":0,"474":0,"475":0,"476":0,"477":0,"478":0,"479":0,"480":0,"481":0,"482":0,"483":0,"484":0,"485":0,"486":0,"487":0,"488":0,"489":0,"490":0,"491":0,"492":0,"493":0,"494":0,"495":0,"496":0,"497":0,"498":0,"499":0,"500":0,"501":0,"502":0,"503":0,"504":0,"505":0,"506":0,"507":0,"508":0,"509":0,"510":0,"511":0,"512":0,"513":0,"514":0,"515":0,"516":0,"517":0,"518":0,"519":0,"520":0,"521":0,"522":0,"523":0,"524":0,"525":0,"526":0,"527":0,"528":0,"529":0,"530":0,"531":0,"532":0,"533":0,"534":0,"535":0,"536":0,"537":0,"538":0,"539":0,"540":0,"541":0,"542":0,"543":0,"544":0,"545":0,"546":0,"547":0,"548":0,"549":0,"550":0,"551":0,"552":0,"553":0,"554":0,"555":0,"556":0,"557":0,"558":0,"559":0,"560":0,"561":0,"562":0,"563":0,"564":0,"565":0,"566":0,"567":0,"568":0,"569":0,"570":0,"571":0,"572":0,"573":0,"574":0,"575":0,"576":0,"577":0,"578":0,"579":0,"580":0,"581":0,"582":0,"583":0,"584":0,"585":0,"586":0,"587":0,"588":0,"589":0,"590":0,"591":0,"592":0,"593":0,"594":0,"595":0,"596":0,"597":0,"598":0,"599":0,"600":0,"601":0,"602":0,"603":0,"604":0,"605":0,"606":0,"607":0,"608":0,"609":0,"610":0,"611":0,"612":0,"613":0,"614":0,"615":0,"616":0,"617":0,"618":0,"619":0,"620":0,"621":0,"622":0,"623":0,"624":0,"625":0,"626":0,"627":0,"628":0,"629":0,"630":0,"631":0,"632":0,"633":0,"634":0,"635":0,"636":0,"637":0,"638":0,"639":0,"640":0,"641":0,"642":0,"643":0,"644":0,"645":0,"646":0,"647":0,"648":0,"649":0,"650":0,"651":0,"652":0,"653":0,"654":0,"655":0,"656":0,"657":0,"658":0,"659":0,"660":0,"661":0,"662":0,"663":0,"664":0,"665":0,"666":0,"667":0,"668":0,"669":0,"670":0,"671":0,"672":0,"673":0,"674":0,"675":0,"676":0,"677":0,"678":0,"679":0,"680":0,"681":0,"682":0,"683":0,"684":0,"685":0,"686":0,"687":0,"688":0,"689":0,"690":0,"691":0,"692":0,"693":0,"694":0,"695":0,"696":0,"697":0,"698":0,"699":0,"700":0,"701":0,"702":0,"703":0,"704":0,"705":0,"706":0,"707":0,"708":0,"709":0,"710":0,"711":0,"712":0,"713":0,"714":0,"715":0,"716":0,"717":0,"718":0,"719":0,"720":0,"721":0,"722":0,"723":0,"724":0,"725":0,"726":0,"727":0,"728":0,"729":0,"730":0,"731":0,"732":0,"733":0,"734":0,"735":0,"736":0,"737":0,"738":0,"739":0,"740":0,"741":0,"742":0,"743":0,"744":0,"745":0,"746":0,"747":0,"748":0,"749":0,"750":0,"751":0,"752":0,"753":0,"754":0,"755":0,"756":0,"757":0,"758":0,"759":0,"760":0,"761":0,"762":0,"763":0,"764":0,"765":0,"766":0,"767":0,"768":0,"769":0,"770":0,"771":0,"772":0,"773":0,"774":0,"775":0,"776":0,"777":0,"778":0,"779":0,"780":0,"781":0,"782":0,"783":0,"784":0,"785":0,"786":0,"787":0,"788":0,"789":0,"790":0,"791":0,"792":0,"793":0,"794":0,"795":0,"796":0,"797":0,"798":0,"799":0,"800":0,"801":0,"802":0,"803":0,"804":0,"805":0,"806":0,"807":0,"808":0,"809":0,"810":0,"811":0,"812":0,"813":0,"814":0,"815":0,"816":0,"817":0,"818":0,"819":0,"820":0,"821":0,"822":0,"823":0,"824":0,"825":0,"826":0,"827":0,"828":0,"829":0,"830":0,"831":0,"832":0,"833":0,"834":0,"835":0,"836":0,"837":0,"838":0,"839":0,"840":0,"841":0,"842":0,"843":0,"844":0,"845":0,"846":0,"847":0,"848":0,"849":0,"850":0,"851":0,"852":0,"853":0,"854":0,"855":0,"856":0,"857":0},"f":{"0":0,"1":0,"2":0,"3":0,"4":0,"5":0,"6":0,"7":0,"8":0,"9":0,"10":0,"11":0,"12":0,"13":0,"14":0,"15":0,"16":0,"17":0,"18":0,"19":0,"20":0,"21":0,"22":0,"23":0,"24":0,"25":0,"26":0,"27":0,"28":0,"29":0,"30":0,"31":0,"32":0,"33":0,"34":0,"35":0,"36":0,"37":0,"38":0,"39":0,"40":0,"41":0,"42":0,"43":0,"44":0,"45":0,"46":0,"47":0,"48":0,"49":0,"50":0,"51":0,"52":0,"53":0,"54":0,"55":0,"56":0,"57":0,"58":0,"59":0,"60":0,"61":0,"62":0,"63":0,"64":0,"65":0,"66":0,"67":0,"68":0,"69":0,"70":0,"71":0,"72":0,"73":0,"74":0,"75":0,"76":0,"77":0,"78":0,"79":0,"80":0,"81":0,"82":0,"83":0,"84":0,"85":0,"86":0,"87":0,"88":0,"89":0,"90":0,"91":0,"92":0,"93":0,"94":0,"95":0,"96":0,"97":0,"98":0,"99":0,"100":0,"101":0,"102":0,"103":0,"104":0,"105":0,"106":0,"107":0,"108":0,"109":0,"110":0,"111":0,"112":0,"113":0,"114":0,"115":0,"116":0,"117":0,"118":0,"119":0,"120":0,"121":0,"122":0,"123":0,"124":0,"125":0,"126":0,"127":0,"128":0,"129":0,"130":0,"131":0,"132":0,"133":0,"134":0,"135":0,"136":0,"137":0,"138":0,"139":0,"140":0,"141":0,"142":0,"143":0,"144":0,"145":0,"146":0,"147":0,"148":0,"149":0,"150":0,"151":0,"152":0,"153":0,"154":0,"155":0,"156":0,"157":0,"158":0,"159":0,"160":0,"161":0,"162":0,"163":0,"164":0,"165":0,"166":0,"167":0,"168":0,"169":0,"170":0,"171":0,"172":0,"173":0},"b":{"0":[0,0],"1":[0,0],"2":[0,0],"3":[0,0],"4":[0,0],"5":[0,0],"6":[0,0],"7":[0,0],"8":[0,0],"9":[0,0],"10":[0,0,0],"11":[0,0],"12":[0,0],"13":[0,0],"14":[0,0],"15":[0,0],"16":[0,0],"17":[0,0],"18":[0,0],"19":[0,0,0],"20":[0,0],"21":[0,0],"22":[0,0],"23":[0,0],"24":[0,0],"25":[0,0],"26":[0,0],"27":[0,0],"28":[0,0,0],"29":[0,0],"30":[0,0],"31":[0,0],"32":[0,0],"33":[0,0],"34":[0,0],"35":[0,0],"36":[0,0,0],"37":[0,0],"38":[0,0],"39":[0,0],"40":[0,0],"41":[0,0],"42":[0,0],"43":[0,0],"44":[0,0],"45":[0,0],"46":[0,0],"47":[0,0],"48":[0,0,0],"49":[0,0],"50":[0,0],"51":[0,0],"52":[0,0],"53":[0,0],"54":[0,0],"55":[0,0],"56":[0,0],"57":[0,0,0],"58":[0,0],"59":[0,0],"60":[0,0],"61":[0,0],"62":[0,0],"63":[0,0],"64":[0,0],"65":[0,0],"66":[0,0,0],"67":[0,0],"68":[0,0],"69":[0,0],"70":[0,0],"71":[0,0],"72":[0,0],"73":[0,0],"74":[0,0,0],"75":[0,0],"76":[0,0],"77":[0,0],"78":[0,0],"79":[0,0],"80":[0,0],"81":[0,0],"82":[0,0],"83":[0,0],"84":[0,0],"85":[0,0],"86":[0,0],"87":[0,0],"88":[0,0],"89":[0,0,0],"90":[0,0],"91":[0,0,0],"92":[0,0],"93":[0,0],"94":[0,0],"95":[0,0],"96":[0,0],"97":[0,0,0],"98":[0,0],"99":[0,0],"100":[0,0],"101":[0,0],"102":[0,0],"103":[0,0],"104":[0,0,0,0],"105":[0,0],"106":[0,0],"107":[0,0],"108":[0,0],"109":[0,0,0,0,0],"110":[0,0],"111":[0,0],"112":[0,0],"113":[0,0,0],"114":[0,0],"115":[0,0],"116":[0,0],"117":[0,0],"118":[0,0],"119":[0,0,0],"120":[0,0],"121":[0,0],"122":[0,0],"123":[0,0],"124":[0,0,0],"125":[0,0,0],"126":[0,0],"127":[0,0,0],"128":[0,0],"129":[0,0,0],"130":[0,0,0],"131":[0,0],"132":[0,0],"133":[0,0],"134":[0,0],"135":[0,0],"136":[0,0],"137":[0,0],"138":[0,0,0,0,0],"139":[0,0,0,0,0],"140":[0,0],"141":[0,0],"142":[0,0],"143":[0,0],"144":[0,0],"145":[0,0],"146":[0,0],"147":[0,0],"148":[0,0],"149":[0,0],"150":[0,0],"151":[0,0],"152":[0,0],"153":[0,0],"154":[0,0],"155":[0,0,0],"156":[0,0],"157":[0,0],"158":[0,0],"159":[0,0,0,0],"160":[0,0],"161":[0,0],"162":[0,0],"163":[0,0],"164":[0,0],"165":[0,0],"166":[0,0],"167":[0,0],"168":[0,0],"169":[0,0],"170":[0,0],"171":[0,0],"172":[0,0],"173":[0,0,0],"174":[0,0],"175":[0,0],"176":[0,0],"177":[0,0],"178":[0,0],"179":[0,0],"180":[0,0],"181":[0,0,0],"182":[0,0],"183":[0,0],"184":[0,0],"185":[0,0],"186":[0,0],"187":[0,0],"188":[0,0],"189":[0,0],"190":[0,0],"191":[0,0],"192":[0,0],"193":[0,0],"194":[0,0],"195":[0,0],"196":[0,0],"197":[0,0],"198":[0,0],"199":[0,0],"200":[0,0,0,0,0],"201":[0,0,0,0],"202":[0,0],"203":[0,0],"204":[0,0],"205":[0,0],"206":[0,0],"207":[0,0],"208":[0,0],"209":[0,0],"210":[0,0],"211":[0,0],"212":[0,0],"213":[0,0],"214":[0,0],"215":[0,0],"216":[0,0],"217":[0,0],"218":[0,0],"219":[0,0],"220":[0,0],"221":[0,0],"222":[0,0],"223":[0,0],"224":[0,0],"225":[0,0],"226":[0,0],"227":[0,0],"228":[0,0],"229":[0,0],"230":[0,0,0],"231":[0,0,0,0,0,0,0,0,0,0],"232":[0,0],"233":[0,0],"234":[0,0],"235":[0,0],"236":[0,0],"237":[0,0],"238":[0,0],"239":[0,0],"240":[0,0],"241":[0,0],"242":[0,0],"243":[0,0],"244":[0,0],"245":[0,0,0,0,0],"246":[0,0],"247":[0,0],"248":[0,0],"249":[0,0],"250":[0,0],"251":[0,0],"252":[0,0,0],"253":[0,0],"254":[0,0,0,0],"255":[0,0],"256":[0,0,0],"257":[0,0],"258":[0,0,0,0],"259":[0,0],"260":[0,0,0,0],"261":[0,0],"262":[0,0],"263":[0,0],"264":[0,0],"265":[0,0],"266":[0,0],"267":[0,0],"268":[0,0],"269":[0,0],"270":[0,0,0],"271":[0,0],"272":[0,0,0],"273":[0,0],"274":[0,0],"275":[0,0],"276":[0,0],"277":[0,0],"278":[0,0],"279":[0,0],"280":[0,0],"281":[0,0],"282":[0,0],"283":[0,0],"284":[0,0],"285":[0,0],"286":[0,0],"287":[0,0],"288":[0,0],"289":[0,0],"290":[0,0],"291":[0,0],"292":[0,0],"293":[0,0],"294":[0,0],"295":[0,0],"296":[0,0],"297":[0,0],"298":[0,0],"299":[0,0],"300":[0,0],"301":[0,0],"302":[0,0],"303":[0,0],"304":[0,0],"305":[0,0,0],"306":[0,0],"307":[0,0,0],"308":[0,0],"309":[0,0,0,0],"310":[0,0],"311":[0,0,0],"312":[0,0],"313":[0,0],"314":[0,0,0],"315":[0,0],"316":[0,0],"317":[0,0],"318":[0,0],"319":[0,0],"320":[0,0],"321":[0,0],"322":[0,0],"323":[0,0],"324":[0,0],"325":[0,0],"326":[0,0],"327":[0,0],"328":[0,0],"329":[0,0],"330":[0,0],"331":[0,0],"332":[0,0],"333":[0,0,0,0,0],"334":[0,0,0],"335":[0,0],"336":[0,0],"337":[0,0,0,0,0,0],"338":[0,0,0],"339":[0,0],"340":[0,0],"341":[0,0],"342":[0,0],"343":[0,0],"344":[0,0],"345":[0,0],"346":[0,0],"347":[0,0],"348":[0,0],"349":[0,0],"350":[0,0],"351":[0,0],"352":[0,0],"353":[0,0],"354":[0,0],"355":[0,0],"356":[0,0],"357":[0,0],"358":[0,0],"359":[0,0],"360":[0,0],"361":[0,0],"362":[0,0],"363":[0,0],"364":[0,0],"365":[0,0],"366":[0,0],"367":[0,0],"368":[0,0,0],"369":[0,0,0],"370":[0,0,0],"371":[0,0,0],"372":[0,0],"373":[0,0,0,0,0,0,0,0,0,0,0,0],"374":[0,0],"375":[0,0],"376":[0,0],"377":[0,0],"378":[0,0],"379":[0,0,0],"380":[0,0,0],"381":[0,0,0],"382":[0,0],"383":[0,0],"384":[0,0,0,0,0,0],"385":[0,0],"386":[0,0,0,0,0,0],"387":[0,0],"388":[0,0],"389":[0,0],"390":[0,0],"391":[0,0],"392":[0,0,0],"393":[0,0],"394":[0,0],"395":[0,0,0,0],"396":[0,0],"397":[0,0,0,0],"398":[0,0,0],"399":[0,0],"400":[0,0,0,0],"401":[0,0],"402":[0,0],"403":[0,0],"404":[0,0],"405":[0,0],"406":[0,0],"407":[0,0],"408":[0,0],"409":[0,0],"410":[0,0],"411":[0,0],"412":[0,0],"413":[0,0],"414":[0,0],"415":[0,0],"416":[0,0],"417":[0,0],"418":[0,0],"419":[0,0],"420":[0,0],"421":[0,0],"422":[0,0,0],"423":[0,0],"424":[0,0],"425":[0,0],"426":[0,0],"427":[0,0],"428":[0,0],"429":[0,0],"430":[0,0,0,0],"431":[0,0],"432":[0,0,0,0],"433":[0,0],"434":[0,0,0,0],"435":[0,0],"436":[0,0],"437":[0,0],"438":[0,0],"439":[0,0],"440":[0,0],"441":[0,0],"442":[0,0],"443":[0,0],"444":[0,0],"445":[0,0],"446":[0,0],"447":[0,0],"448":[0,0],"449":[0,0],"450":[0,0],"451":[0,0],"452":[0,0],"453":[0,0],"454":[0,0],"455":[0,0,0,0],"456":[0,0],"457":[0,0],"458":[0,0],"459":[0,0],"460":[0,0],"461":[0,0],"462":[0,0],"463":[0,0],"464":[0,0],"465":[0,0],"466":[0,0],"467":[0,0],"468":[0,0],"469":[0,0],"470":[0,0],"471":[0,0],"472":[0,0],"473":[0,0],"474":[0,0],"475":[0,0],"476":[0,0],"477":[0,0],"478":[0,0],"479":[0,0],"480":[0,0],"481":[0,0,0,0],"482":[0,0,0,0],"483":[0,0],"484":[0,0],"485":[0,0,0],"486":[0,0],"487":[0,0,0],"488":[0,0],"489":[0,0],"490":[0,0],"491":[0,0],"492":[0,0],"493":[0,0],"494":[0,0,0],"495":[0,0,0],"496":[0,0],"497":[0,0,0],"498":[0,0],"499":[0,0],"500":[0,0],"501":[0,0,0,0],"502":[0,0],"503":[0,0,0,0],"504":[0,0],"505":[0,0],"506":[0,0],"507":[0,0],"508":[0,0],"509":[0,0],"510":[0,0],"511":[0,0],"512":[0,0],"513":[0,0],"514":[0,0],"515":[0,0,0],"516":[0,0],"517":[0,0],"518":[0,0],"519":[0,0,0,0,0,0],"520":[0,0,0,0],"521":[0,0],"522":[0,0,0,0],"523":[0,0],"524":[0,0],"525":[0,0],"526":[0,0],"527":[0,0],"528":[0,0,0,0],"529":[0,0,0,0],"530":[0,0],"531":[0,0],"532":[0,0],"533":[0,0],"534":[0,0],"535":[0,0],"536":[0,0],"537":[0,0],"538":[0,0],"539":[0,0],"540":[0,0,0,0,0,0,0,0,0,0,0,0],"541":[0,0],"542":[0,0],"543":[0,0],"544":[0,0],"545":[0,0],"546":[0,0],"547":[0,0],"548":[0,0],"549":[0,0],"550":[0,0],"551":[0,0],"552":[0,0],"553":[0,0],"554":[0,0],"555":[0,0],"556":[0,0],"557":[0,0],"558":[0,0],"559":[0,0],"560":[0,0,0],"561":[0,0],"562":[0,0],"563":[0,0],"564":[0,0],"565":[0,0],"566":[0,0],"567":[0,0],"568":[0,0],"569":[0,0],"570":[0,0],"571":[0,0],"572":[0,0],"573":[0,0],"574":[0,0],"575":[0,0,0,0],"576":[0,0],"577":[0,0],"578":[0,0],"579":[0,0],"580":[0,0],"581":[0,0,0,0],"582":[0,0],"583":[0,0],"584":[0,0]}}
}
