TN:
SF:/Users/parys/Sites/vue2/vue2-forms/src/App.vue
FN:34,data
FN:39,gotoPrevious
FN:43,gotoNext
FN:47,hideButtons
FN:50,initSlideChange
FN:54,(anonymous_7)
FN:84,restart
FN:87,saveAnswer
FN:91,getDefaultData
FN:104,popup
FN:115,hidePopup
FN:122,(anonymous_13)
FNF:12
FNH:0
FNDA:0,data
FNDA:0,gotoPrevious
FNDA:0,gotoNext
FNDA:0,hideButtons
FNDA:0,initSlideChange
FNDA:0,(anonymous_7)
FNDA:0,restart
FNDA:0,saveAnswer
FNDA:0,getDefaultData
FNDA:0,popup
FNDA:0,hidePopup
FNDA:0,(anonymous_13)
DA:28,0
DA:29,0
DA:30,0
DA:35,0
DA:36,0
DA:40,0
DA:41,0
DA:44,0
DA:45,0
DA:48,0
DA:50,0
DA:51,0
DA:52,0
DA:54,0
DA:56,0
DA:58,0
DA:59,0
DA:62,0
DA:63,0
DA:66,0
DA:67,0
DA:68,0
DA:69,0
DA:70,0
DA:71,0
DA:72,0
DA:73,0
DA:75,0
DA:76,0
DA:77,0
DA:80,0
DA:85,0
DA:87,0
DA:88,0
DA:89,0
DA:92,0
DA:105,0
DA:106,0
DA:107,0
DA:109,0
DA:110,0
DA:113,0
DA:115,0
DA:116,0
DA:118,0
DA:119,0
DA:122,0
DA:123,0
LF:48
LH:0
BRDA:57,0,0,0
BRDA:57,0,1,0
BRDA:68,1,0,0
BRDA:68,1,1,0
BRDA:70,2,0,0
BRDA:70,2,1,0
BRDA:71,3,0,0
BRDA:71,3,1,0
BRDA:87,4,0,0
BRDA:87,4,1,0
BRDA:105,5,0,0
BRDA:105,5,1,0
BRF:12
BRH:0
end_of_record
TN:
SF:/Users/parys/Sites/vue2/vue2-forms/src/data.js
FNF:0
FNH:0
DA:1,0
LF:1
LH:0
BRF:0
BRH:0
end_of_record
TN:
SF:/Users/parys/Sites/vue2/vue2-forms/src/components/FormsSlide.vue
FN:85,data
FN:126,submitForm
FN:127,(anonymous_3)
FN:136,resetForm
FN:139,readTerms
FNF:5
FNH:0
FNDA:0,data
FNDA:0,submitForm
FNDA:0,(anonymous_3)
FNDA:0,resetForm
FNDA:0,readTerms
DA:86,0
DA:127,0
DA:128,0
DA:129,0
DA:131,0
DA:132,0
DA:137,0
DA:140,0
LF:8
LH:0
BRDA:128,0,0,0
BRDA:128,0,1,0
BRF:2
BRH:0
end_of_record
TN:
SF:/Users/parys/Sites/vue2/vue2-forms/src/vendor/CustomScrollbar/js/mCustomScrollbar.js
FN:2,(anonymous_1)
FN:4,(anonymous_2)
FN:5,b
FN:15,c
FN:17,d
FN:19,setup
FN:21,teardown
FN:23,getLineHeight
FN:25,getPageHeight
FN:27,mousewheel
FN:29,unmousewheel
FN:32,(anonymous_12)
FN:34,(anonymous_13)
FN:35,b
FN:45,c
FN:47,d
FN:49,setup
FN:51,teardown
FN:53,getLineHeight
FN:55,getPageHeight
FN:57,mousewheel
FN:59,unmousewheel
FN:64,(anonymous_23)
FN:66,(anonymous_24)
FN:67,(anonymous_25)
FN:69,(anonymous_26)
FN:70,init
FN:72,(anonymous_28)
FN:75,(anonymous_29)
FN:80,update
FN:81,(anonymous_31)
FN:86,scrollTo
FN:88,(anonymous_33)
FN:90,(anonymous_34)
FN:96,stop
FN:97,(anonymous_36)
FN:100,disable
FN:101,(anonymous_38)
FN:106,destroy
FN:107,(anonymous_40)
FN:112,f
FN:114,h
FN:116,m
FN:118,p
FN:120,g
FN:122,v
FN:124,x
FN:125,(anonymous_48)
FN:128,_
FN:132,w
FN:134,S
FN:136,b
FN:138,C
FN:140,y
FN:142,B
FN:146,T
FN:147,t
FN:148,(anonymous_58)
FN:156,k
FN:157,(anonymous_60)
FN:160,M
FN:162,O
FN:166,I
FN:167,t
FN:169,(anonymous_65)
FN:171,(anonymous_66)
FN:173,(anonymous_67)
FN:177,(anonymous_68)
FN:179,(anonymous_69)
FN:183,(anonymous_70)
FN:186,D
FN:187,o
FN:189,n
FN:193,i
FN:195,r
FN:201,l
FN:203,s
FN:205,(anonymous_78)
FN:207,(anonymous_79)
FN:209,(anonymous_80)
FN:211,(anonymous_81)
FN:213,(anonymous_82)
FN:214,(anonymous_83)
FN:215,(anonymous_84)
FN:217,(anonymous_85)
FN:219,(anonymous_86)
FN:224,E
FN:225,o
FN:227,n
FN:229,(anonymous_90)
FN:231,(anonymous_91)
FN:235,(anonymous_92)
FN:238,W
FN:239,t
FN:244,(anonymous_95)
FN:245,(anonymous_96)
FN:246,(anonymous_97)
FN:250,(anonymous_98)
FN:254,A
FN:264,L
FN:268,z
FN:270,P
FN:271,(anonymous_103)
FN:273,(anonymous_104)
FN:275,(anonymous_105)
FN:284,H
FN:285,(anonymous_107)
FN:286,(anonymous_108)
FN:290,U
FN:291,(anonymous_110)
FN:294,F
FN:295,(anonymous_112)
FN:297,(anonymous_113)
FN:298,r
FN:306,q
FN:307,t
FN:308,a
FN:321,(anonymous_118)
FN:322,(anonymous_119)
FN:323,(anonymous_120)
FN:327,(anonymous_121)
FN:330,j
FN:331,l
FN:332,(anonymous_124)
FN:335,s
FN:340,Y
FN:342,X
FN:352,N
FN:353,o
FN:354,(anonymous_130)
FN:355,(anonymous_131)
FN:359,n
FN:360,o
FN:361,(anonymous_134)
FN:364,a
FN:367,i
FN:368,(anonymous_137)
FN:371,r
FN:374,V
FN:376,Q
FN:377,(anonymous_141)
FN:380,G
FN:381,i
FN:383,r
FN:385,l
FN:392,onStart
FN:394,onUpdate
FN:396,onComplete
FN:398,(anonymous_149)
FN:404,J
FN:405,l
FN:407,s
FN:409,c
FN:410,(anonymous_154)
FN:413,d
FN:415,u
FN:419,(anonymous_157)
FN:419,(anonymous_158)
FN:419,(anonymous_159)
FN:420,K
FN:422,Z
FN:426,$
FN:432,ee
FN:434,te
FN:436,oe
FN:438,ae
FN:440,ne
FN:441,e
FN:444,(anonymous_169)
FN:446,(anonymous_170)
FN:448,(anonymous_171)
FN:449,(anonymous_172)
FN:451,(anonymous_173)
FN:453,(anonymous_174)
FNF:174
FNH:0
FNDA:0,(anonymous_1)
FNDA:0,(anonymous_2)
FNDA:0,b
FNDA:0,c
FNDA:0,d
FNDA:0,setup
FNDA:0,teardown
FNDA:0,getLineHeight
FNDA:0,getPageHeight
FNDA:0,mousewheel
FNDA:0,unmousewheel
FNDA:0,(anonymous_12)
FNDA:0,(anonymous_13)
FNDA:0,b
FNDA:0,c
FNDA:0,d
FNDA:0,setup
FNDA:0,teardown
FNDA:0,getLineHeight
FNDA:0,getPageHeight
FNDA:0,mousewheel
FNDA:0,unmousewheel
FNDA:0,(anonymous_23)
FNDA:0,(anonymous_24)
FNDA:0,(anonymous_25)
FNDA:0,(anonymous_26)
FNDA:0,init
FNDA:0,(anonymous_28)
FNDA:0,(anonymous_29)
FNDA:0,update
FNDA:0,(anonymous_31)
FNDA:0,scrollTo
FNDA:0,(anonymous_33)
FNDA:0,(anonymous_34)
FNDA:0,stop
FNDA:0,(anonymous_36)
FNDA:0,disable
FNDA:0,(anonymous_38)
FNDA:0,destroy
FNDA:0,(anonymous_40)
FNDA:0,f
FNDA:0,h
FNDA:0,m
FNDA:0,p
FNDA:0,g
FNDA:0,v
FNDA:0,x
FNDA:0,(anonymous_48)
FNDA:0,_
FNDA:0,w
FNDA:0,S
FNDA:0,b
FNDA:0,C
FNDA:0,y
FNDA:0,B
FNDA:0,T
FNDA:0,t
FNDA:0,(anonymous_58)
FNDA:0,k
FNDA:0,(anonymous_60)
FNDA:0,M
FNDA:0,O
FNDA:0,I
FNDA:0,t
FNDA:0,(anonymous_65)
FNDA:0,(anonymous_66)
FNDA:0,(anonymous_67)
FNDA:0,(anonymous_68)
FNDA:0,(anonymous_69)
FNDA:0,(anonymous_70)
FNDA:0,D
FNDA:0,o
FNDA:0,n
FNDA:0,i
FNDA:0,r
FNDA:0,l
FNDA:0,s
FNDA:0,(anonymous_78)
FNDA:0,(anonymous_79)
FNDA:0,(anonymous_80)
FNDA:0,(anonymous_81)
FNDA:0,(anonymous_82)
FNDA:0,(anonymous_83)
FNDA:0,(anonymous_84)
FNDA:0,(anonymous_85)
FNDA:0,(anonymous_86)
FNDA:0,E
FNDA:0,o
FNDA:0,n
FNDA:0,(anonymous_90)
FNDA:0,(anonymous_91)
FNDA:0,(anonymous_92)
FNDA:0,W
FNDA:0,t
FNDA:0,(anonymous_95)
FNDA:0,(anonymous_96)
FNDA:0,(anonymous_97)
FNDA:0,(anonymous_98)
FNDA:0,A
FNDA:0,L
FNDA:0,z
FNDA:0,P
FNDA:0,(anonymous_103)
FNDA:0,(anonymous_104)
FNDA:0,(anonymous_105)
FNDA:0,H
FNDA:0,(anonymous_107)
FNDA:0,(anonymous_108)
FNDA:0,U
FNDA:0,(anonymous_110)
FNDA:0,F
FNDA:0,(anonymous_112)
FNDA:0,(anonymous_113)
FNDA:0,r
FNDA:0,q
FNDA:0,t
FNDA:0,a
FNDA:0,(anonymous_118)
FNDA:0,(anonymous_119)
FNDA:0,(anonymous_120)
FNDA:0,(anonymous_121)
FNDA:0,j
FNDA:0,l
FNDA:0,(anonymous_124)
FNDA:0,s
FNDA:0,Y
FNDA:0,X
FNDA:0,N
FNDA:0,o
FNDA:0,(anonymous_130)
FNDA:0,(anonymous_131)
FNDA:0,n
FNDA:0,o
FNDA:0,(anonymous_134)
FNDA:0,a
FNDA:0,i
FNDA:0,(anonymous_137)
FNDA:0,r
FNDA:0,V
FNDA:0,Q
FNDA:0,(anonymous_141)
FNDA:0,G
FNDA:0,i
FNDA:0,r
FNDA:0,l
FNDA:0,onStart
FNDA:0,onUpdate
FNDA:0,onComplete
FNDA:0,(anonymous_149)
FNDA:0,J
FNDA:0,l
FNDA:0,s
FNDA:0,c
FNDA:0,(anonymous_154)
FNDA:0,d
FNDA:0,u
FNDA:0,(anonymous_157)
FNDA:0,(anonymous_158)
FNDA:0,(anonymous_159)
FNDA:0,K
FNDA:0,Z
FNDA:0,$
FNDA:0,ee
FNDA:0,te
FNDA:0,oe
FNDA:0,ae
FNDA:0,ne
FNDA:0,e
FNDA:0,(anonymous_169)
FNDA:0,(anonymous_170)
FNDA:0,(anonymous_171)
FNDA:0,(anonymous_172)
FNDA:0,(anonymous_173)
FNDA:0,(anonymous_174)
DA:2,0
DA:3,0
DA:6,0
DA:7,0
DA:8,0
DA:9,0
DA:10,0
DA:11,0
DA:12,0
DA:13,0
DA:16,0
DA:18,0
DA:19,0
DA:20,0
DA:22,0
DA:24,0
DA:26,0
DA:27,0
DA:28,0
DA:30,0
DA:32,0
DA:33,0
DA:36,0
DA:37,0
DA:38,0
DA:39,0
DA:40,0
DA:41,0
DA:42,0
DA:43,0
DA:46,0
DA:48,0
DA:49,0
DA:50,0
DA:52,0
DA:54,0
DA:56,0
DA:57,0
DA:58,0
DA:60,0
DA:64,0
DA:65,0
DA:67,0
DA:68,0
DA:70,0
DA:71,0
DA:72,0
DA:73,0
DA:75,0
DA:76,0
DA:77,0
DA:81,0
DA:82,0
DA:83,0
DA:87,0
DA:88,0
DA:89,0
DA:90,0
DA:91,0
DA:97,0
DA:98,0
DA:101,0
DA:102,0
DA:103,0
DA:107,0
DA:108,0
DA:109,0
DA:112,0
DA:113,0
DA:114,0
DA:115,0
DA:116,0
DA:117,0
DA:118,0
DA:119,0
DA:120,0
DA:121,0
DA:122,0
DA:123,0
DA:124,0
DA:125,0
DA:126,0
DA:127,0
DA:128,0
DA:129,0
DA:130,0
DA:132,0
DA:133,0
DA:134,0
DA:135,0
DA:136,0
DA:137,0
DA:138,0
DA:139,0
DA:140,0
DA:141,0
DA:142,0
DA:143,0
DA:144,0
DA:146,0
DA:148,0
DA:149,0
DA:151,0
DA:152,0
DA:153,0
DA:154,0
DA:156,0
DA:157,0
DA:158,0
DA:160,0
DA:161,0
DA:162,0
DA:163,0
DA:164,0
DA:166,0
DA:168,0
DA:169,0
DA:170,0
DA:172,0
DA:173,0
DA:174,0
DA:175,0
DA:178,0
DA:180,0
DA:181,0
DA:184,0
DA:186,0
DA:188,0
DA:190,0
DA:191,0
DA:194,0
DA:196,0
DA:197,0
DA:198,0
DA:202,0
DA:204,0
DA:205,0
DA:206,0
DA:208,0
DA:210,0
DA:212,0
DA:214,0
DA:215,0
DA:216,0
DA:218,0
DA:220,0
DA:224,0
DA:226,0
DA:228,0
DA:229,0
DA:230,0
DA:232,0
DA:233,0
DA:236,0
DA:238,0
DA:240,0
DA:241,0
DA:243,0
DA:244,0
DA:245,0
DA:246,0
DA:247,0
DA:251,0
DA:254,0
DA:255,0
DA:256,0
DA:257,0
DA:258,0
DA:260,0
DA:261,0
DA:262,0
DA:263,0
DA:264,0
DA:265,0
DA:266,0
DA:268,0
DA:269,0
DA:270,0
DA:271,0
DA:272,0
DA:274,0
DA:276,0
DA:277,0
DA:278,0
DA:280,0
DA:281,0
DA:284,0
DA:285,0
DA:286,0
DA:287,0
DA:290,0
DA:291,0
DA:292,0
DA:294,0
DA:295,0
DA:296,0
DA:299,0
DA:300,0
DA:301,0
DA:302,0
DA:306,0
DA:309,0
DA:310,0
DA:311,0
DA:312,0
DA:313,0
DA:314,0
DA:315,0
DA:317,0
DA:318,0
DA:321,0
DA:322,0
DA:323,0
DA:324,0
DA:328,0
DA:330,0
DA:332,0
DA:333,0
DA:336,0
DA:337,0
DA:338,0
DA:340,0
DA:341,0
DA:342,0
DA:343,0
DA:344,0
DA:345,0
DA:346,0
DA:347,0
DA:348,0
DA:349,0
DA:352,0
DA:354,0
DA:355,0
DA:356,0
DA:361,0
DA:362,0
DA:365,0
DA:366,0
DA:368,0
DA:369,0
DA:372,0
DA:373,0
DA:374,0
DA:375,0
DA:376,0
DA:377,0
DA:378,0
DA:380,0
DA:382,0
DA:384,0
DA:386,0
DA:387,0
DA:388,0
DA:389,0
DA:390,0
DA:391,0
DA:392,0
DA:393,0
DA:395,0
DA:397,0
DA:398,0
DA:399,0
DA:404,0
DA:406,0
DA:408,0
DA:410,0
DA:411,0
DA:414,0
DA:416,0
DA:417,0
DA:419,0
DA:420,0
DA:421,0
DA:422,0
DA:423,0
DA:424,0
DA:426,0
DA:427,0
DA:428,0
DA:430,0
DA:432,0
DA:433,0
DA:434,0
DA:435,0
DA:436,0
DA:437,0
DA:438,0
DA:439,0
DA:440,0
DA:442,0
DA:443,0
DA:444,0
DA:445,0
DA:447,0
DA:449,0
DA:450,0
DA:452,0
DA:454,0
LF:299
LH:0
BRDA:3,0,0,0
BRDA:3,0,1,0
BRDA:3,1,0,0
BRDA:3,1,1,0
BRDA:3,2,0,0
BRDA:3,2,1,0
BRDA:3,3,0,0
BRDA:3,3,1,0
BRDA:6,4,0,0
BRDA:6,4,1,0
BRDA:6,5,0,0
BRDA:6,5,1,0
BRDA:6,6,0,0
BRDA:6,6,1,0
BRDA:6,7,0,0
BRDA:6,7,1,0
BRDA:6,8,0,0
BRDA:6,8,1,0
BRDA:6,9,0,0
BRDA:6,9,1,0
BRDA:6,10,0,0
BRDA:6,10,1,0
BRDA:6,10,2,0
BRDA:6,11,0,0
BRDA:6,11,1,0
BRDA:6,12,0,0
BRDA:6,12,1,0
BRDA:6,13,0,0
BRDA:6,13,1,0
BRDA:6,14,0,0
BRDA:6,14,1,0
BRDA:6,15,0,0
BRDA:6,15,1,0
BRDA:7,16,0,0
BRDA:7,16,1,0
BRDA:9,17,0,0
BRDA:9,17,1,0
BRDA:11,18,0,0
BRDA:11,18,1,0
BRDA:11,19,0,0
BRDA:11,19,1,0
BRDA:11,19,2,0
BRDA:11,20,0,0
BRDA:11,20,1,0
BRDA:11,21,0,0
BRDA:11,21,1,0
BRDA:11,22,0,0
BRDA:11,22,1,0
BRDA:11,23,0,0
BRDA:11,23,1,0
BRDA:11,24,0,0
BRDA:11,24,1,0
BRDA:11,25,0,0
BRDA:11,25,1,0
BRDA:13,26,0,0
BRDA:13,26,1,0
BRDA:13,27,0,0
BRDA:13,27,1,0
BRDA:18,28,0,0
BRDA:18,28,1,0
BRDA:18,28,2,0
BRDA:19,29,0,0
BRDA:19,29,1,0
BRDA:19,30,0,0
BRDA:19,30,1,0
BRDA:19,31,0,0
BRDA:19,31,1,0
BRDA:20,32,0,0
BRDA:20,32,1,0
BRDA:22,33,0,0
BRDA:22,33,1,0
BRDA:24,34,0,0
BRDA:24,34,1,0
BRDA:24,35,0,0
BRDA:24,35,1,0
BRDA:24,36,0,0
BRDA:24,36,1,0
BRDA:24,36,2,0
BRDA:28,37,0,0
BRDA:28,37,1,0
BRDA:33,38,0,0
BRDA:33,38,1,0
BRDA:33,39,0,0
BRDA:33,39,1,0
BRDA:33,40,0,0
BRDA:33,40,1,0
BRDA:33,41,0,0
BRDA:33,41,1,0
BRDA:36,42,0,0
BRDA:36,42,1,0
BRDA:36,43,0,0
BRDA:36,43,1,0
BRDA:36,44,0,0
BRDA:36,44,1,0
BRDA:36,45,0,0
BRDA:36,45,1,0
BRDA:36,46,0,0
BRDA:36,46,1,0
BRDA:36,47,0,0
BRDA:36,47,1,0
BRDA:36,48,0,0
BRDA:36,48,1,0
BRDA:36,48,2,0
BRDA:36,49,0,0
BRDA:36,49,1,0
BRDA:36,50,0,0
BRDA:36,50,1,0
BRDA:36,51,0,0
BRDA:36,51,1,0
BRDA:36,52,0,0
BRDA:36,52,1,0
BRDA:36,53,0,0
BRDA:36,53,1,0
BRDA:37,54,0,0
BRDA:37,54,1,0
BRDA:39,55,0,0
BRDA:39,55,1,0
BRDA:41,56,0,0
BRDA:41,56,1,0
BRDA:41,57,0,0
BRDA:41,57,1,0
BRDA:41,57,2,0
BRDA:41,58,0,0
BRDA:41,58,1,0
BRDA:41,59,0,0
BRDA:41,59,1,0
BRDA:41,60,0,0
BRDA:41,60,1,0
BRDA:41,61,0,0
BRDA:41,61,1,0
BRDA:41,62,0,0
BRDA:41,62,1,0
BRDA:41,63,0,0
BRDA:41,63,1,0
BRDA:43,64,0,0
BRDA:43,64,1,0
BRDA:43,65,0,0
BRDA:43,65,1,0
BRDA:48,66,0,0
BRDA:48,66,1,0
BRDA:48,66,2,0
BRDA:49,67,0,0
BRDA:49,67,1,0
BRDA:49,68,0,0
BRDA:49,68,1,0
BRDA:49,69,0,0
BRDA:49,69,1,0
BRDA:50,70,0,0
BRDA:50,70,1,0
BRDA:52,71,0,0
BRDA:52,71,1,0
BRDA:54,72,0,0
BRDA:54,72,1,0
BRDA:54,73,0,0
BRDA:54,73,1,0
BRDA:54,74,0,0
BRDA:54,74,1,0
BRDA:54,74,2,0
BRDA:58,75,0,0
BRDA:58,75,1,0
BRDA:65,76,0,0
BRDA:65,76,1,0
BRDA:65,77,0,0
BRDA:65,77,1,0
BRDA:65,78,0,0
BRDA:65,78,1,0
BRDA:65,79,0,0
BRDA:65,79,1,0
BRDA:68,80,0,0
BRDA:68,80,1,0
BRDA:68,81,0,0
BRDA:68,81,1,0
BRDA:68,82,0,0
BRDA:68,82,1,0
BRDA:68,83,0,0
BRDA:68,83,1,0
BRDA:68,84,0,0
BRDA:68,84,1,0
BRDA:68,85,0,0
BRDA:68,85,1,0
BRDA:70,86,0,0
BRDA:70,86,1,0
BRDA:70,87,0,0
BRDA:70,87,1,0
BRDA:71,88,0,0
BRDA:71,88,1,0
BRDA:72,89,0,0
BRDA:72,89,1,0
BRDA:72,89,2,0
BRDA:72,90,0,0
BRDA:72,90,1,0
BRDA:73,91,0,0
BRDA:73,91,1,0
BRDA:73,91,2,0
BRDA:75,92,0,0
BRDA:75,92,1,0
BRDA:75,93,0,0
BRDA:75,93,1,0
BRDA:75,94,0,0
BRDA:75,94,1,0
BRDA:75,95,0,0
BRDA:75,95,1,0
BRDA:75,96,0,0
BRDA:75,96,1,0
BRDA:75,97,0,0
BRDA:75,97,1,0
BRDA:75,97,2,0
BRDA:75,98,0,0
BRDA:75,98,1,0
BRDA:75,99,0,0
BRDA:75,99,1,0
BRDA:76,100,0,0
BRDA:76,100,1,0
BRDA:77,101,0,0
BRDA:77,101,1,0
BRDA:77,102,0,0
BRDA:77,102,1,0
BRDA:77,103,0,0
BRDA:77,103,1,0
BRDA:77,104,0,0
BRDA:77,104,1,0
BRDA:77,104,2,0
BRDA:77,104,3,0
BRDA:81,105,0,0
BRDA:81,105,1,0
BRDA:82,106,0,0
BRDA:82,106,1,0
BRDA:83,107,0,0
BRDA:83,107,1,0
BRDA:83,108,0,0
BRDA:83,108,1,0
BRDA:83,109,0,0
BRDA:83,109,1,0
BRDA:83,109,2,0
BRDA:83,109,3,0
BRDA:83,109,4,0
BRDA:83,110,0,0
BRDA:83,110,1,0
BRDA:83,111,0,0
BRDA:83,111,1,0
BRDA:83,112,0,0
BRDA:83,112,1,0
BRDA:83,113,0,0
BRDA:83,113,1,0
BRDA:83,113,2,0
BRDA:83,114,0,0
BRDA:83,114,1,0
BRDA:83,115,0,0
BRDA:83,115,1,0
BRDA:83,116,0,0
BRDA:83,116,1,0
BRDA:83,117,0,0
BRDA:83,117,1,0
BRDA:83,118,0,0
BRDA:83,118,1,0
BRDA:83,119,0,0
BRDA:83,119,1,0
BRDA:83,119,2,0
BRDA:83,120,0,0
BRDA:83,120,1,0
BRDA:83,121,0,0
BRDA:83,121,1,0
BRDA:83,122,0,0
BRDA:83,122,1,0
BRDA:83,123,0,0
BRDA:83,123,1,0
BRDA:83,124,0,0
BRDA:83,124,1,0
BRDA:83,124,2,0
BRDA:83,125,0,0
BRDA:83,125,1,0
BRDA:83,125,2,0
BRDA:83,126,0,0
BRDA:83,126,1,0
BRDA:83,127,0,0
BRDA:83,127,1,0
BRDA:83,127,2,0
BRDA:83,128,0,0
BRDA:83,128,1,0
BRDA:83,129,0,0
BRDA:83,129,1,0
BRDA:83,129,2,0
BRDA:83,130,0,0
BRDA:83,130,1,0
BRDA:83,130,2,0
BRDA:87,131,0,0
BRDA:87,131,1,0
BRDA:87,132,0,0
BRDA:87,132,1,0
BRDA:89,133,0,0
BRDA:89,133,1,0
BRDA:90,134,0,0
BRDA:90,134,1,0
BRDA:90,135,0,0
BRDA:90,135,1,0
BRDA:90,136,0,0
BRDA:90,136,1,0
BRDA:90,137,0,0
BRDA:90,137,1,0
BRDA:91,138,0,0
BRDA:91,138,1,0
BRDA:91,138,2,0
BRDA:91,138,3,0
BRDA:91,138,4,0
BRDA:91,139,0,0
BRDA:91,139,1,0
BRDA:91,139,2,0
BRDA:91,139,3,0
BRDA:91,139,4,0
BRDA:98,140,0,0
BRDA:98,140,1,0
BRDA:102,141,0,0
BRDA:102,141,1,0
BRDA:103,142,0,0
BRDA:103,142,1,0
BRDA:108,143,0,0
BRDA:108,143,1,0
BRDA:109,144,0,0
BRDA:109,144,1,0
BRDA:109,145,0,0
BRDA:109,145,1,0
BRDA:113,146,0,0
BRDA:113,146,1,0
BRDA:113,147,0,0
BRDA:113,147,1,0
BRDA:115,148,0,0
BRDA:115,148,1,0
BRDA:115,149,0,0
BRDA:115,149,1,0
BRDA:115,150,0,0
BRDA:115,150,1,0
BRDA:115,151,0,0
BRDA:115,151,1,0
BRDA:115,152,0,0
BRDA:115,152,1,0
BRDA:117,153,0,0
BRDA:117,153,1,0
BRDA:119,154,0,0
BRDA:119,154,1,0
BRDA:119,155,0,0
BRDA:119,155,1,0
BRDA:119,155,2,0
BRDA:119,156,0,0
BRDA:119,156,1,0
BRDA:119,157,0,0
BRDA:119,157,1,0
BRDA:121,158,0,0
BRDA:121,158,1,0
BRDA:121,159,0,0
BRDA:121,159,1,0
BRDA:121,159,2,0
BRDA:121,159,3,0
BRDA:123,160,0,0
BRDA:123,160,1,0
BRDA:123,161,0,0
BRDA:123,161,1,0
BRDA:123,162,0,0
BRDA:123,162,1,0
BRDA:123,163,0,0
BRDA:123,163,1,0
BRDA:123,164,0,0
BRDA:123,164,1,0
BRDA:123,165,0,0
BRDA:123,165,1,0
BRDA:123,166,0,0
BRDA:123,166,1,0
BRDA:123,167,0,0
BRDA:123,167,1,0
BRDA:123,168,0,0
BRDA:123,168,1,0
BRDA:123,169,0,0
BRDA:123,169,1,0
BRDA:123,170,0,0
BRDA:123,170,1,0
BRDA:123,171,0,0
BRDA:123,171,1,0
BRDA:123,172,0,0
BRDA:123,172,1,0
BRDA:123,173,0,0
BRDA:123,173,1,0
BRDA:123,173,2,0
BRDA:123,174,0,0
BRDA:123,174,1,0
BRDA:123,175,0,0
BRDA:123,175,1,0
BRDA:127,176,0,0
BRDA:127,176,1,0
BRDA:127,177,0,0
BRDA:127,177,1,0
BRDA:129,178,0,0
BRDA:129,178,1,0
BRDA:129,179,0,0
BRDA:129,179,1,0
BRDA:130,180,0,0
BRDA:130,180,1,0
BRDA:130,181,0,0
BRDA:130,181,1,0
BRDA:130,181,2,0
BRDA:133,182,0,0
BRDA:133,182,1,0
BRDA:133,183,0,0
BRDA:133,183,1,0
BRDA:133,184,0,0
BRDA:133,184,1,0
BRDA:133,185,0,0
BRDA:133,185,1,0
BRDA:135,186,0,0
BRDA:135,186,1,0
BRDA:135,187,0,0
BRDA:135,187,1,0
BRDA:135,188,0,0
BRDA:135,188,1,0
BRDA:135,189,0,0
BRDA:135,189,1,0
BRDA:139,190,0,0
BRDA:139,190,1,0
BRDA:139,191,0,0
BRDA:139,191,1,0
BRDA:139,192,0,0
BRDA:139,192,1,0
BRDA:139,193,0,0
BRDA:139,193,1,0
BRDA:139,194,0,0
BRDA:139,194,1,0
BRDA:141,195,0,0
BRDA:141,195,1,0
BRDA:141,196,0,0
BRDA:141,196,1,0
BRDA:141,197,0,0
BRDA:141,197,1,0
BRDA:141,198,0,0
BRDA:141,198,1,0
BRDA:143,199,0,0
BRDA:143,199,1,0
BRDA:143,200,0,0
BRDA:143,200,1,0
BRDA:143,200,2,0
BRDA:143,200,3,0
BRDA:143,200,4,0
BRDA:143,201,0,0
BRDA:143,201,1,0
BRDA:143,201,2,0
BRDA:143,201,3,0
BRDA:144,202,0,0
BRDA:144,202,1,0
BRDA:149,203,0,0
BRDA:149,203,1,0
BRDA:151,204,0,0
BRDA:151,204,1,0
BRDA:152,205,0,0
BRDA:152,205,1,0
BRDA:152,206,0,0
BRDA:152,206,1,0
BRDA:154,207,0,0
BRDA:154,207,1,0
BRDA:154,208,0,0
BRDA:154,208,1,0
BRDA:154,209,0,0
BRDA:154,209,1,0
BRDA:157,210,0,0
BRDA:157,210,1,0
BRDA:157,211,0,0
BRDA:157,211,1,0
BRDA:157,212,0,0
BRDA:157,212,1,0
BRDA:157,213,0,0
BRDA:157,213,1,0
BRDA:161,214,0,0
BRDA:161,214,1,0
BRDA:161,215,0,0
BRDA:161,215,1,0
BRDA:161,216,0,0
BRDA:161,216,1,0
BRDA:161,217,0,0
BRDA:161,217,1,0
BRDA:161,218,0,0
BRDA:161,218,1,0
BRDA:161,219,0,0
BRDA:161,219,1,0
BRDA:161,220,0,0
BRDA:161,220,1,0
BRDA:161,221,0,0
BRDA:161,221,1,0
BRDA:161,222,0,0
BRDA:161,222,1,0
BRDA:161,223,0,0
BRDA:161,223,1,0
BRDA:161,224,0,0
BRDA:161,224,1,0
BRDA:161,225,0,0
BRDA:161,225,1,0
BRDA:161,226,0,0
BRDA:161,226,1,0
BRDA:163,227,0,0
BRDA:163,227,1,0
BRDA:163,228,0,0
BRDA:163,228,1,0
BRDA:163,229,0,0
BRDA:163,229,1,0
BRDA:163,230,0,0
BRDA:163,230,1,0
BRDA:163,230,2,0
BRDA:164,231,0,0
BRDA:164,231,1,0
BRDA:164,231,2,0
BRDA:164,231,3,0
BRDA:164,231,4,0
BRDA:164,231,5,0
BRDA:164,231,6,0
BRDA:164,231,7,0
BRDA:164,231,8,0
BRDA:164,231,9,0
BRDA:164,232,0,0
BRDA:164,232,1,0
BRDA:164,233,0,0
BRDA:164,233,1,0
BRDA:164,234,0,0
BRDA:164,234,1,0
BRDA:164,235,0,0
BRDA:164,235,1,0
BRDA:164,236,0,0
BRDA:164,236,1,0
BRDA:168,237,0,0
BRDA:168,237,1,0
BRDA:168,238,0,0
BRDA:168,238,1,0
BRDA:169,239,0,0
BRDA:169,239,1,0
BRDA:169,240,0,0
BRDA:169,240,1,0
BRDA:169,241,0,0
BRDA:169,241,1,0
BRDA:169,242,0,0
BRDA:169,242,1,0
BRDA:172,243,0,0
BRDA:172,243,1,0
BRDA:173,244,0,0
BRDA:173,244,1,0
BRDA:175,245,0,0
BRDA:175,245,1,0
BRDA:175,245,2,0
BRDA:175,245,3,0
BRDA:175,245,4,0
BRDA:180,246,0,0
BRDA:180,246,1,0
BRDA:181,247,0,0
BRDA:181,247,1,0
BRDA:181,248,0,0
BRDA:181,248,1,0
BRDA:184,249,0,0
BRDA:184,249,1,0
BRDA:184,250,0,0
BRDA:184,250,1,0
BRDA:188,251,0,0
BRDA:188,251,1,0
BRDA:188,252,0,0
BRDA:188,252,1,0
BRDA:188,252,2,0
BRDA:190,253,0,0
BRDA:190,253,1,0
BRDA:190,254,0,0
BRDA:190,254,1,0
BRDA:190,254,2,0
BRDA:190,254,3,0
BRDA:190,255,0,0
BRDA:190,255,1,0
BRDA:190,256,0,0
BRDA:190,256,1,0
BRDA:190,256,2,0
BRDA:191,257,0,0
BRDA:191,257,1,0
BRDA:191,258,0,0
BRDA:191,258,1,0
BRDA:191,258,2,0
BRDA:191,258,3,0
BRDA:191,259,0,0
BRDA:191,259,1,0
BRDA:191,260,0,0
BRDA:191,260,1,0
BRDA:191,260,2,0
BRDA:191,260,3,0
BRDA:191,261,0,0
BRDA:191,261,1,0
BRDA:191,262,0,0
BRDA:191,262,1,0
BRDA:191,263,0,0
BRDA:191,263,1,0
BRDA:191,264,0,0
BRDA:191,264,1,0
BRDA:191,265,0,0
BRDA:191,265,1,0
BRDA:191,266,0,0
BRDA:191,266,1,0
BRDA:191,267,0,0
BRDA:191,267,1,0
BRDA:191,268,0,0
BRDA:191,268,1,0
BRDA:194,269,0,0
BRDA:194,269,1,0
BRDA:194,270,0,0
BRDA:194,270,1,0
BRDA:194,270,2,0
BRDA:196,271,0,0
BRDA:196,271,1,0
BRDA:196,272,0,0
BRDA:196,272,1,0
BRDA:196,272,2,0
BRDA:197,273,0,0
BRDA:197,273,1,0
BRDA:198,274,0,0
BRDA:198,274,1,0
BRDA:198,275,0,0
BRDA:198,275,1,0
BRDA:198,276,0,0
BRDA:198,276,1,0
BRDA:198,277,0,0
BRDA:198,277,1,0
BRDA:198,278,0,0
BRDA:198,278,1,0
BRDA:198,279,0,0
BRDA:198,279,1,0
BRDA:198,280,0,0
BRDA:198,280,1,0
BRDA:198,281,0,0
BRDA:198,281,1,0
BRDA:198,282,0,0
BRDA:198,282,1,0
BRDA:198,283,0,0
BRDA:198,283,1,0
BRDA:202,284,0,0
BRDA:202,284,1,0
BRDA:202,285,0,0
BRDA:202,285,1,0
BRDA:202,286,0,0
BRDA:202,286,1,0
BRDA:202,287,0,0
BRDA:202,287,1,0
BRDA:202,288,0,0
BRDA:202,288,1,0
BRDA:202,289,0,0
BRDA:202,289,1,0
BRDA:202,290,0,0
BRDA:202,290,1,0
BRDA:202,291,0,0
BRDA:202,291,1,0
BRDA:202,292,0,0
BRDA:202,292,1,0
BRDA:204,293,0,0
BRDA:204,293,1,0
BRDA:205,294,0,0
BRDA:205,294,1,0
BRDA:205,295,0,0
BRDA:205,295,1,0
BRDA:213,296,0,0
BRDA:213,296,1,0
BRDA:215,297,0,0
BRDA:215,297,1,0
BRDA:215,298,0,0
BRDA:215,298,1,0
BRDA:226,299,0,0
BRDA:226,299,1,0
BRDA:226,300,0,0
BRDA:226,300,1,0
BRDA:226,301,0,0
BRDA:226,301,1,0
BRDA:228,302,0,0
BRDA:228,302,1,0
BRDA:228,303,0,0
BRDA:228,303,1,0
BRDA:228,304,0,0
BRDA:228,304,1,0
BRDA:230,305,0,0
BRDA:230,305,1,0
BRDA:230,305,2,0
BRDA:232,306,0,0
BRDA:232,306,1,0
BRDA:232,307,0,0
BRDA:232,307,1,0
BRDA:232,307,2,0
BRDA:233,308,0,0
BRDA:233,308,1,0
BRDA:233,309,0,0
BRDA:233,309,1,0
BRDA:233,309,2,0
BRDA:233,309,3,0
BRDA:233,310,0,0
BRDA:233,310,1,0
BRDA:233,311,0,0
BRDA:233,311,1,0
BRDA:233,311,2,0
BRDA:233,312,0,0
BRDA:233,312,1,0
BRDA:233,313,0,0
BRDA:233,313,1,0
BRDA:233,314,0,0
BRDA:233,314,1,0
BRDA:233,314,2,0
BRDA:233,315,0,0
BRDA:233,315,1,0
BRDA:233,316,0,0
BRDA:233,316,1,0
BRDA:236,317,0,0
BRDA:236,317,1,0
BRDA:236,318,0,0
BRDA:236,318,1,0
BRDA:240,319,0,0
BRDA:240,319,1,0
BRDA:241,320,0,0
BRDA:241,320,1,0
BRDA:241,321,0,0
BRDA:241,321,1,0
BRDA:241,322,0,0
BRDA:241,322,1,0
BRDA:241,323,0,0
BRDA:241,323,1,0
BRDA:241,324,0,0
BRDA:241,324,1,0
BRDA:241,325,0,0
BRDA:241,325,1,0
BRDA:241,326,0,0
BRDA:241,326,1,0
BRDA:241,327,0,0
BRDA:241,327,1,0
BRDA:241,328,0,0
BRDA:241,328,1,0
BRDA:241,329,0,0
BRDA:241,329,1,0
BRDA:241,330,0,0
BRDA:241,330,1,0
BRDA:241,331,0,0
BRDA:241,331,1,0
BRDA:241,332,0,0
BRDA:241,332,1,0
BRDA:241,333,0,0
BRDA:241,333,1,0
BRDA:241,333,2,0
BRDA:241,333,3,0
BRDA:241,333,4,0
BRDA:241,334,0,0
BRDA:241,334,1,0
BRDA:241,334,2,0
BRDA:241,335,0,0
BRDA:241,335,1,0
BRDA:241,336,0,0
BRDA:241,336,1,0
BRDA:241,337,0,0
BRDA:241,337,1,0
BRDA:241,337,2,0
BRDA:241,337,3,0
BRDA:241,337,4,0
BRDA:241,337,5,0
BRDA:241,338,0,0
BRDA:241,338,1,0
BRDA:241,338,2,0
BRDA:243,339,0,0
BRDA:243,339,1,0
BRDA:244,340,0,0
BRDA:244,340,1,0
BRDA:246,341,0,0
BRDA:246,341,1,0
BRDA:246,342,0,0
BRDA:246,342,1,0
BRDA:255,343,0,0
BRDA:255,343,1,0
BRDA:255,344,0,0
BRDA:255,344,1,0
BRDA:255,345,0,0
BRDA:255,345,1,0
BRDA:255,346,0,0
BRDA:255,346,1,0
BRDA:255,347,0,0
BRDA:255,347,1,0
BRDA:257,348,0,0
BRDA:257,348,1,0
BRDA:263,349,0,0
BRDA:263,349,1,0
BRDA:265,350,0,0
BRDA:265,350,1,0
BRDA:266,351,0,0
BRDA:266,351,1,0
BRDA:269,352,0,0
BRDA:269,352,1,0
BRDA:269,353,0,0
BRDA:269,353,1,0
BRDA:272,354,0,0
BRDA:272,354,1,0
BRDA:276,355,0,0
BRDA:276,355,1,0
BRDA:276,356,0,0
BRDA:276,356,1,0
BRDA:276,357,0,0
BRDA:276,357,1,0
BRDA:277,358,0,0
BRDA:277,358,1,0
BRDA:278,359,0,0
BRDA:278,359,1,0
BRDA:278,360,0,0
BRDA:278,360,1,0
BRDA:280,361,0,0
BRDA:280,361,1,0
BRDA:280,362,0,0
BRDA:280,362,1,0
BRDA:286,363,0,0
BRDA:286,363,1,0
BRDA:286,364,0,0
BRDA:286,364,1,0
BRDA:287,365,0,0
BRDA:287,365,1,0
BRDA:287,366,0,0
BRDA:287,366,1,0
BRDA:287,367,0,0
BRDA:287,367,1,0
BRDA:287,368,0,0
BRDA:287,368,1,0
BRDA:287,368,2,0
BRDA:287,369,0,0
BRDA:287,369,1,0
BRDA:287,369,2,0
BRDA:287,370,0,0
BRDA:287,370,1,0
BRDA:287,370,2,0
BRDA:292,371,0,0
BRDA:292,371,1,0
BRDA:292,371,2,0
BRDA:300,372,0,0
BRDA:300,372,1,0
BRDA:302,373,0,0
BRDA:302,373,1,0
BRDA:302,373,2,0
BRDA:302,373,3,0
BRDA:302,373,4,0
BRDA:302,373,5,0
BRDA:302,373,6,0
BRDA:302,373,7,0
BRDA:302,373,8,0
BRDA:302,373,9,0
BRDA:302,373,10,0
BRDA:302,373,11,0
BRDA:302,374,0,0
BRDA:302,374,1,0
BRDA:302,375,0,0
BRDA:302,375,1,0
BRDA:302,376,0,0
BRDA:302,376,1,0
BRDA:302,377,0,0
BRDA:302,377,1,0
BRDA:302,378,0,0
BRDA:302,378,1,0
BRDA:309,379,0,0
BRDA:309,379,1,0
BRDA:309,379,2,0
BRDA:311,380,0,0
BRDA:311,380,1,0
BRDA:311,380,2,0
BRDA:311,381,0,0
BRDA:311,381,1,0
BRDA:311,381,2,0
BRDA:311,382,0,0
BRDA:311,382,1,0
BRDA:311,383,0,0
BRDA:311,383,1,0
BRDA:311,384,0,0
BRDA:311,384,1,0
BRDA:311,384,2,0
BRDA:311,384,3,0
BRDA:311,384,4,0
BRDA:311,384,5,0
BRDA:312,385,0,0
BRDA:312,385,1,0
BRDA:312,386,0,0
BRDA:312,386,1,0
BRDA:312,386,2,0
BRDA:312,386,3,0
BRDA:312,386,4,0
BRDA:312,386,5,0
BRDA:312,387,0,0
BRDA:312,387,1,0
BRDA:312,388,0,0
BRDA:312,388,1,0
BRDA:313,389,0,0
BRDA:313,389,1,0
BRDA:313,390,0,0
BRDA:313,390,1,0
BRDA:314,391,0,0
BRDA:314,391,1,0
BRDA:314,392,0,0
BRDA:314,392,1,0
BRDA:314,392,2,0
BRDA:315,393,0,0
BRDA:315,393,1,0
BRDA:315,394,0,0
BRDA:315,394,1,0
BRDA:315,395,0,0
BRDA:315,395,1,0
BRDA:315,395,2,0
BRDA:315,395,3,0
BRDA:317,396,0,0
BRDA:317,396,1,0
BRDA:317,397,0,0
BRDA:317,397,1,0
BRDA:317,397,2,0
BRDA:317,397,3,0
BRDA:317,398,0,0
BRDA:317,398,1,0
BRDA:317,398,2,0
BRDA:318,399,0,0
BRDA:318,399,1,0
BRDA:318,400,0,0
BRDA:318,400,1,0
BRDA:318,400,2,0
BRDA:318,400,3,0
BRDA:318,401,0,0
BRDA:318,401,1,0
BRDA:318,402,0,0
BRDA:318,402,1,0
BRDA:321,403,0,0
BRDA:321,403,1,0
BRDA:323,404,0,0
BRDA:323,404,1,0
BRDA:323,405,0,0
BRDA:323,405,1,0
BRDA:332,406,0,0
BRDA:332,406,1,0
BRDA:332,407,0,0
BRDA:332,407,1,0
BRDA:332,408,0,0
BRDA:332,408,1,0
BRDA:332,409,0,0
BRDA:332,409,1,0
BRDA:332,410,0,0
BRDA:332,410,1,0
BRDA:332,411,0,0
BRDA:332,411,1,0
BRDA:332,412,0,0
BRDA:332,412,1,0
BRDA:332,413,0,0
BRDA:332,413,1,0
BRDA:332,414,0,0
BRDA:332,414,1,0
BRDA:332,415,0,0
BRDA:332,415,1,0
BRDA:332,416,0,0
BRDA:332,416,1,0
BRDA:332,417,0,0
BRDA:332,417,1,0
BRDA:332,418,0,0
BRDA:332,418,1,0
BRDA:332,419,0,0
BRDA:332,419,1,0
BRDA:332,420,0,0
BRDA:332,420,1,0
BRDA:332,421,0,0
BRDA:332,421,1,0
BRDA:332,422,0,0
BRDA:332,422,1,0
BRDA:332,422,2,0
BRDA:332,423,0,0
BRDA:332,423,1,0
BRDA:332,424,0,0
BRDA:332,424,1,0
BRDA:337,425,0,0
BRDA:337,425,1,0
BRDA:337,426,0,0
BRDA:337,426,1,0
BRDA:338,427,0,0
BRDA:338,427,1,0
BRDA:338,428,0,0
BRDA:338,428,1,0
BRDA:338,429,0,0
BRDA:338,429,1,0
BRDA:338,430,0,0
BRDA:338,430,1,0
BRDA:338,430,2,0
BRDA:338,430,3,0
BRDA:338,431,0,0
BRDA:338,431,1,0
BRDA:338,432,0,0
BRDA:338,432,1,0
BRDA:338,432,2,0
BRDA:338,432,3,0
BRDA:338,433,0,0
BRDA:338,433,1,0
BRDA:338,434,0,0
BRDA:338,434,1,0
BRDA:338,434,2,0
BRDA:338,434,3,0
BRDA:341,435,0,0
BRDA:341,435,1,0
BRDA:341,436,0,0
BRDA:341,436,1,0
BRDA:341,437,0,0
BRDA:341,437,1,0
BRDA:341,438,0,0
BRDA:341,438,1,0
BRDA:341,439,0,0
BRDA:341,439,1,0
BRDA:341,440,0,0
BRDA:341,440,1,0
BRDA:341,441,0,0
BRDA:341,441,1,0
BRDA:341,442,0,0
BRDA:341,442,1,0
BRDA:341,443,0,0
BRDA:341,443,1,0
BRDA:341,444,0,0
BRDA:341,444,1,0
BRDA:341,445,0,0
BRDA:341,445,1,0
BRDA:341,446,0,0
BRDA:341,446,1,0
BRDA:343,447,0,0
BRDA:343,447,1,0
BRDA:343,448,0,0
BRDA:343,448,1,0
BRDA:344,449,0,0
BRDA:344,449,1,0
BRDA:344,450,0,0
BRDA:344,450,1,0
BRDA:344,451,0,0
BRDA:344,451,1,0
BRDA:344,452,0,0
BRDA:344,452,1,0
BRDA:344,453,0,0
BRDA:344,453,1,0
BRDA:344,454,0,0
BRDA:344,454,1,0
BRDA:345,455,0,0
BRDA:345,455,1,0
BRDA:345,455,2,0
BRDA:345,455,3,0
BRDA:345,456,0,0
BRDA:345,456,1,0
BRDA:345,457,0,0
BRDA:345,457,1,0
BRDA:345,458,0,0
BRDA:345,458,1,0
BRDA:345,459,0,0
BRDA:345,459,1,0
BRDA:345,460,0,0
BRDA:345,460,1,0
BRDA:345,461,0,0
BRDA:345,461,1,0
BRDA:345,462,0,0
BRDA:345,462,1,0
BRDA:346,463,0,0
BRDA:346,463,1,0
BRDA:347,464,0,0
BRDA:347,464,1,0
BRDA:347,465,0,0
BRDA:347,465,1,0
BRDA:347,466,0,0
BRDA:347,466,1,0
BRDA:347,467,0,0
BRDA:347,467,1,0
BRDA:347,468,0,0
BRDA:347,468,1,0
BRDA:347,469,0,0
BRDA:347,469,1,0
BRDA:347,470,0,0
BRDA:347,470,1,0
BRDA:347,471,0,0
BRDA:347,471,1,0
BRDA:348,472,0,0
BRDA:348,472,1,0
BRDA:349,473,0,0
BRDA:349,473,1,0
BRDA:349,474,0,0
BRDA:349,474,1,0
BRDA:354,475,0,0
BRDA:354,475,1,0
BRDA:355,476,0,0
BRDA:355,476,1,0
BRDA:355,477,0,0
BRDA:355,477,1,0
BRDA:355,478,0,0
BRDA:355,478,1,0
BRDA:355,479,0,0
BRDA:355,479,1,0
BRDA:355,480,0,0
BRDA:355,480,1,0
BRDA:355,481,0,0
BRDA:355,481,1,0
BRDA:355,481,2,0
BRDA:355,481,3,0
BRDA:355,482,0,0
BRDA:355,482,1,0
BRDA:355,482,2,0
BRDA:355,482,3,0
BRDA:366,483,0,0
BRDA:366,483,1,0
BRDA:368,484,0,0
BRDA:368,484,1,0
BRDA:368,485,0,0
BRDA:368,485,1,0
BRDA:368,485,2,0
BRDA:373,486,0,0
BRDA:373,486,1,0
BRDA:382,487,0,0
BRDA:382,487,1,0
BRDA:382,487,2,0
BRDA:384,488,0,0
BRDA:384,488,1,0
BRDA:384,489,0,0
BRDA:384,489,1,0
BRDA:387,490,0,0
BRDA:387,490,1,0
BRDA:387,491,0,0
BRDA:387,491,1,0
BRDA:387,492,0,0
BRDA:387,492,1,0
BRDA:387,493,0,0
BRDA:387,493,1,0
BRDA:387,494,0,0
BRDA:387,494,1,0
BRDA:387,494,2,0
BRDA:387,495,0,0
BRDA:387,495,1,0
BRDA:387,495,2,0
BRDA:387,496,0,0
BRDA:387,496,1,0
BRDA:387,497,0,0
BRDA:387,497,1,0
BRDA:387,497,2,0
BRDA:387,498,0,0
BRDA:387,498,1,0
BRDA:387,499,0,0
BRDA:387,499,1,0
BRDA:388,500,0,0
BRDA:388,500,1,0
BRDA:388,501,0,0
BRDA:388,501,1,0
BRDA:388,501,2,0
BRDA:388,501,3,0
BRDA:388,502,0,0
BRDA:388,502,1,0
BRDA:388,503,0,0
BRDA:388,503,1,0
BRDA:388,503,2,0
BRDA:388,503,3,0
BRDA:388,504,0,0
BRDA:388,504,1,0
BRDA:389,505,0,0
BRDA:389,505,1,0
BRDA:389,506,0,0
BRDA:389,506,1,0
BRDA:391,507,0,0
BRDA:391,507,1,0
BRDA:391,508,0,0
BRDA:391,508,1,0
BRDA:391,509,0,0
BRDA:391,509,1,0
BRDA:391,510,0,0
BRDA:391,510,1,0
BRDA:391,511,0,0
BRDA:391,511,1,0
BRDA:391,512,0,0
BRDA:391,512,1,0
BRDA:391,513,0,0
BRDA:391,513,1,0
BRDA:392,514,0,0
BRDA:392,514,1,0
BRDA:392,515,0,0
BRDA:392,515,1,0
BRDA:392,515,2,0
BRDA:392,516,0,0
BRDA:392,516,1,0
BRDA:392,517,0,0
BRDA:392,517,1,0
BRDA:392,518,0,0
BRDA:392,518,1,0
BRDA:392,519,0,0
BRDA:392,519,1,0
BRDA:392,519,2,0
BRDA:392,519,3,0
BRDA:392,519,4,0
BRDA:392,519,5,0
BRDA:393,520,0,0
BRDA:393,520,1,0
BRDA:393,520,2,0
BRDA:393,520,3,0
BRDA:393,521,0,0
BRDA:393,521,1,0
BRDA:395,522,0,0
BRDA:395,522,1,0
BRDA:395,522,2,0
BRDA:395,522,3,0
BRDA:397,523,0,0
BRDA:397,523,1,0
BRDA:397,524,0,0
BRDA:397,524,1,0
BRDA:398,525,0,0
BRDA:398,525,1,0
BRDA:398,526,0,0
BRDA:398,526,1,0
BRDA:399,527,0,0
BRDA:399,527,1,0
BRDA:399,528,0,0
BRDA:399,528,1,0
BRDA:399,528,2,0
BRDA:399,528,3,0
BRDA:399,529,0,0
BRDA:399,529,1,0
BRDA:399,529,2,0
BRDA:399,529,3,0
BRDA:406,530,0,0
BRDA:406,530,1,0
BRDA:406,531,0,0
BRDA:406,531,1,0
BRDA:406,532,0,0
BRDA:406,532,1,0
BRDA:406,533,0,0
BRDA:406,533,1,0
BRDA:406,534,0,0
BRDA:406,534,1,0
BRDA:406,535,0,0
BRDA:406,535,1,0
BRDA:408,536,0,0
BRDA:408,536,1,0
BRDA:410,537,0,0
BRDA:410,537,1,0
BRDA:414,538,0,0
BRDA:414,538,1,0
BRDA:414,539,0,0
BRDA:414,539,1,0
BRDA:417,540,0,0
BRDA:417,540,1,0
BRDA:417,540,2,0
BRDA:417,540,3,0
BRDA:417,540,4,0
BRDA:417,540,5,0
BRDA:417,540,6,0
BRDA:417,540,7,0
BRDA:417,540,8,0
BRDA:417,540,9,0
BRDA:417,540,10,0
BRDA:417,540,11,0
BRDA:417,541,0,0
BRDA:417,541,1,0
BRDA:417,542,0,0
BRDA:417,542,1,0
BRDA:417,543,0,0
BRDA:417,543,1,0
BRDA:419,544,0,0
BRDA:419,544,1,0
BRDA:419,545,0,0
BRDA:419,545,1,0
BRDA:419,546,0,0
BRDA:419,546,1,0
BRDA:419,547,0,0
BRDA:419,547,1,0
BRDA:419,548,0,0
BRDA:419,548,1,0
BRDA:419,549,0,0
BRDA:419,549,1,0
BRDA:419,550,0,0
BRDA:419,550,1,0
BRDA:421,551,0,0
BRDA:421,551,1,0
BRDA:421,552,0,0
BRDA:421,552,1,0
BRDA:421,553,0,0
BRDA:421,553,1,0
BRDA:421,554,0,0
BRDA:421,554,1,0
BRDA:421,555,0,0
BRDA:421,555,1,0
BRDA:423,556,0,0
BRDA:423,556,1,0
BRDA:424,557,0,0
BRDA:424,557,1,0
BRDA:424,558,0,0
BRDA:424,558,1,0
BRDA:433,559,0,0
BRDA:433,559,1,0
BRDA:435,560,0,0
BRDA:435,560,1,0
BRDA:435,560,2,0
BRDA:437,561,0,0
BRDA:437,561,1,0
BRDA:442,562,0,0
BRDA:442,562,1,0
BRDA:442,563,0,0
BRDA:442,563,1,0
BRDA:443,564,0,0
BRDA:443,564,1,0
BRDA:445,565,0,0
BRDA:445,565,1,0
BRDA:445,566,0,0
BRDA:445,566,1,0
BRDA:445,567,0,0
BRDA:445,567,1,0
BRDA:445,568,0,0
BRDA:445,568,1,0
BRDA:447,569,0,0
BRDA:447,569,1,0
BRDA:447,570,0,0
BRDA:447,570,1,0
BRDA:447,571,0,0
BRDA:447,571,1,0
BRDA:447,572,0,0
BRDA:447,572,1,0
BRDA:449,573,0,0
BRDA:449,573,1,0
BRDA:450,574,0,0
BRDA:450,574,1,0
BRDA:450,575,0,0
BRDA:450,575,1,0
BRDA:450,575,2,0
BRDA:450,575,3,0
BRDA:451,576,0,0
BRDA:451,576,1,0
BRDA:452,577,0,0
BRDA:452,577,1,0
BRDA:452,578,0,0
BRDA:452,578,1,0
BRDA:452,579,0,0
BRDA:452,579,1,0
BRDA:452,580,0,0
BRDA:452,580,1,0
BRDA:452,581,0,0
BRDA:452,581,1,0
BRDA:452,581,2,0
BRDA:452,581,3,0
BRDA:453,582,0,0
BRDA:453,582,1,0
BRDA:454,583,0,0
BRDA:454,583,1,0
BRDA:454,584,0,0
BRDA:454,584,1,0
BRF:1329
BRH:0
end_of_record
